#
# There is insufficient memory for the Java Runtime Environment to continue.
# Native memory allocation (mmap) failed to map 66060288 bytes for committing reserved memory.
# Possible reasons:
#   The system is out of physical RAM or swap space
#   In 32 bit mode, the process size limit was hit
# Possible solutions:
#   Reduce memory load on the system
#   Increase physical memory or swap space
#   Check if swap backing store is full
#   Use 64 bit Java on a 64 bit OS
#   Decrease Java heap size (-Xmx/-Xms)
#   Decrease number of Java threads
#   Decrease Java thread stack sizes (-Xss)
#   Set larger code cache with -XX:ReservedCodeCacheSize=
# This output file may be truncated or incomplete.
#
#  Out of Memory Error (os_linux.cpp:2746), pid=75401, tid=0x00007f344fdfd700
#
# JRE version: OpenJDK Runtime Environment (8.0_191-b12) (build 1.8.0_191-8u191-b12-0ubuntu0.16.04.1-b12)
# Java VM: OpenJDK 64-Bit Server VM (25.191-b12 mixed mode linux-amd64 compressed oops)
# Failed to write core dump. Core dumps have been disabled. To enable core dumping, try "ulimit -c unlimited" before starting Java again
#

---------------  T H R E A D  ---------------

Current thread (0x00007f346407c800):  VMThread [stack: 0x00007f344fcfd000,0x00007f344fdfe000] [id=75410]

Stack: [0x00007f344fcfd000,0x00007f344fdfe000],  sp=0x00007f344fdfc4c0,  free space=1021k
Native frames: (J=compiled Java code, j=interpreted, Vv=VM code, C=native code)
V  [libjvm.so+0xa742ab]
V  [libjvm.so+0x4c8f4c]
V  [libjvm.so+0x8c0db8]
V  [libjvm.so+0x8b83ee]
V  [libjvm.so+0x936686]
V  [libjvm.so+0x9379b3]
V  [libjvm.so+0x93407b]
V  [libjvm.so+0x93432c]
V  [libjvm.so+0x8e5c43]
V  [libjvm.so+0xa75f52]
V  [libjvm.so+0xa7b0f7]
V  [libjvm.so+0xa787f7]
V  [libjvm.so+0xa79c7f]
V  [libjvm.so+0xa7a171]
V  [libjvm.so+0x8be122]

VM_Operation (0x00007f346e2f1020): ParallelGCFailedAllocation, mode: safepoint, requested by thread 0x00007f3464013000


---------------  P R O C E S S  ---------------

Java Threads: ( => current thread )
  0x00007f3465168000 JavaThread "main-EventThread" daemon [_thread_blocked, id=75423, stack(0x00007f344dae3000,0x00007f344dbe4000)]
  0x00007f3465191000 JavaThread "main-SendThread(localhost:2181)" daemon [_thread_in_native, id=75422, stack(0x00007f344e618000,0x00007f344e719000)]
  0x00007f3465083800 JavaThread "process reaper" daemon [_thread_blocked, id=75420, stack(0x00007f344e719000,0x00007f344e752000)]
  0x00007f34640c2000 JavaThread "Service Thread" daemon [_thread_blocked, id=75416, stack(0x00007f344f41f000,0x00007f344f520000)]
  0x00007f34640bf000 JavaThread "C1 CompilerThread1" daemon [_thread_blocked, id=75415, stack(0x00007f344f520000,0x00007f344f621000)]
  0x00007f34640bc800 JavaThread "C2 CompilerThread0" daemon [_thread_blocked, id=75414, stack(0x00007f344f621000,0x00007f344f722000)]
  0x00007f34640ba800 JavaThread "Signal Dispatcher" daemon [_thread_blocked, id=75413, stack(0x00007f344f722000,0x00007f344f823000)]
  0x00007f3464088800 JavaThread "Finalizer" daemon [_thread_blocked, id=75412, stack(0x00007f344fafb000,0x00007f344fbfc000)]
  0x00007f3464086000 JavaThread "Reference Handler" daemon [_thread_blocked, id=75411, stack(0x00007f344fbfc000,0x00007f344fcfd000)]
  0x00007f3464013000 JavaThread "main" [_thread_blocked, id=75407, stack(0x00007f346e1f4000,0x00007f346e2f5000)]

Other Threads:
=>0x00007f346407c800 VMThread [stack: 0x00007f344fcfd000,0x00007f344fdfe000] [id=75410]
  0x00007f34640c4800 WatcherThread [stack: 0x00007f344f31e000,0x00007f344f41f000] [id=75417]

VM state:at safepoint (normal execution)

VM Mutex/Monitor currently owned by a thread:  ([mutex/lock_event])
[0x00007f346400f1b0] Threads_lock - owner thread: 0x00007f346407c800
[0x00007f346400f6b0] Heap_lock - owner thread: 0x00007f3464013000

Heap:
 PSYoungGen      total 68096K, used 5613K [0x00000000eb800000, 0x00000000f0100000, 0x0000000100000000)
  eden space 62464K, 0% used [0x00000000eb800000,0x00000000eb800000,0x00000000ef500000)
  from space 5632K, 99% used [0x00000000ef500000,0x00000000efa7b638,0x00000000efa80000)
  to   space 4608K, 0% used [0x00000000efa80000,0x00000000efa80000,0x00000000eff00000)
 ParOldGen       total 42496K, used 7549K [0x00000000c2800000, 0x00000000c5180000, 0x00000000eb800000)
  object space 42496K, 17% used [0x00000000c2800000,0x00000000c2f5f458,0x00000000c5180000)
 Metaspace       used 19267K, capacity 19450K, committed 19712K, reserved 1067008K
  class space    used 2216K, capacity 2281K, committed 2304K, reserved 1048576K

Card table byte_map: [0x00007f346a6aa000,0x00007f346a897000] byte_map_base: 0x00007f346a096000

Marking Bits: (ParMarkBitMap*) 0x00007f346d4ba520
 Begin Bits: [0x00007f34684a0000, 0x00007f3469400000)
 End Bits:   [0x00007f3469400000, 0x00007f346a360000)

Polling page: 0x00007f346e30e000

CodeCache: size=245760Kb used=5119Kb max_used=5119Kb free=240640Kb
 bounds [0x00007f3455000000, 0x00007f3455510000, 0x00007f3464000000]
 total_blobs=1810 nmethods=1374 adapters=350
 compilation: enabled

Compilation events (10 events):
Event: 11.329 Thread 0x00007f34640bc800 1353       4       org.apache.commons.collections.map.AbstractMapDecorator::containsKey (11 bytes)
Event: 11.713 Thread 0x00007f34640bc800 nmethod 1353 0x00007f34554ee4d0 code [0x00007f34554ee640, 0x00007f34554ee918]
Event: 11.740 Thread 0x00007f34640bc800 1376       4       java.util.jar.JarFile::maybeInstantiateVerifier (96 bytes)
Event: 12.070 Thread 0x00007f34640bc800 nmethod 1376 0x00007f34554efc90 code [0x00007f34554efe40, 0x00007f34554f02d8]
Event: 13.022 Thread 0x00007f34640bf000 1377       3       org.apache.commons.collections.map.AbstractMapDecorator::get (11 bytes)
Event: 13.033 Thread 0x00007f34640bf000 nmethod 1377 0x00007f34554fced0 code [0x00007f34554fd040, 0x00007f34554fd268]
Event: 13.122 Thread 0x00007f34640bf000 1379       3       org.apache.hadoop.conf.Configuration::isDeprecated (19 bytes)
Event: 13.129 Thread 0x00007f34640bf000 nmethod 1379 0x00007f34554ffc10 code [0x00007f34554ffda0, 0x00007f3455500168]
Event: 13.129 Thread 0x00007f34640bf000 1380  s    3       org.apache.hadoop.conf.Configuration::getProps (131 bytes)
Event: 13.130 Thread 0x00007f34640bf000 nmethod 1380 0x00007f3455500290 code [0x00007f3455500580, 0x00007f3455501a68]

GC Heap History (10 events):
Event: 2.741 GC heap after
Heap after GC invocations=2 (full 0):
 PSYoungGen      total 18432K, used 2529K [0x00000000eb800000, 0x00000000edc00000, 0x0000000100000000)
  eden space 15872K, 0% used [0x00000000eb800000,0x00000000eb800000,0x00000000ec780000)
  from space 2560K, 98% used [0x00000000eca00000,0x00000000ecc78628,0x00000000ecc80000)
  to   space 2560K, 0% used [0x00000000ec780000,0x00000000ec780000,0x00000000eca00000)
 ParOldGen       total 42496K, used 1284K [0x00000000c2800000, 0x00000000c5180000, 0x00000000eb800000)
  object space 42496K, 3% used [0x00000000c2800000,0x00000000c2941398,0x00000000c5180000)
 Metaspace       used 7749K, capacity 7878K, committed 8192K, reserved 1056768K
  class space    used 902K, capacity 945K, committed 1024K, reserved 1048576K
}
Event: 3.233 GC heap before
{Heap before GC invocations=3 (full 0):
 PSYoungGen      total 18432K, used 18401K [0x00000000eb800000, 0x00000000edc00000, 0x0000000100000000)
  eden space 15872K, 100% used [0x00000000eb800000,0x00000000ec780000,0x00000000ec780000)
  from space 2560K, 98% used [0x00000000eca00000,0x00000000ecc78628,0x00000000ecc80000)
  to   space 2560K, 0% used [0x00000000ec780000,0x00000000ec780000,0x00000000eca00000)
 ParOldGen       total 42496K, used 1284K [0x00000000c2800000, 0x00000000c5180000, 0x00000000eb800000)
  object space 42496K, 3% used [0x00000000c2800000,0x00000000c2941398,0x00000000c5180000)
 Metaspace       used 9404K, capacity 9554K, committed 9728K, reserved 1058816K
  class space    used 1111K, capacity 1159K, committed 1280K, reserved 1048576K
Event: 3.240 GC heap after
Heap after GC invocations=3 (full 0):
 PSYoungGen      total 18432K, used 2529K [0x00000000eb800000, 0x00000000edc00000, 0x0000000100000000)
  eden space 15872K, 0% used [0x00000000eb800000,0x00000000eb800000,0x00000000ec780000)
  from space 2560K, 98% used [0x00000000ec780000,0x00000000ec9f8580,0x00000000eca00000)
  to   space 2560K, 0% used [0x00000000ed980000,0x00000000ed980000,0x00000000edc00000)
 ParOldGen       total 42496K, used 2072K [0x00000000c2800000, 0x00000000c5180000, 0x00000000eb800000)
  object space 42496K, 4% used [0x00000000c2800000,0x00000000c2a06198,0x00000000c5180000)
 Metaspace       used 9404K, capacity 9554K, committed 9728K, reserved 1058816K
  class space    used 1111K, capacity 1159K, committed 1280K, reserved 1048576K
}
Event: 3.655 GC heap before
{Heap before GC invocations=4 (full 0):
 PSYoungGen      total 18432K, used 18401K [0x00000000eb800000, 0x00000000edc00000, 0x0000000100000000)
  eden space 15872K, 100% used [0x00000000eb800000,0x00000000ec780000,0x00000000ec780000)
  from space 2560K, 98% used [0x00000000ec780000,0x00000000ec9f8580,0x00000000eca00000)
  to   space 2560K, 0% used [0x00000000ed980000,0x00000000ed980000,0x00000000edc00000)
 ParOldGen       total 42496K, used 2072K [0x00000000c2800000, 0x00000000c5180000, 0x00000000eb800000)
  object space 42496K, 4% used [0x00000000c2800000,0x00000000c2a06198,0x00000000c5180000)
 Metaspace       used 10299K, capacity 10520K, committed 10880K, reserved 1058816K
  class space    used 1217K, capacity 1288K, committed 1408K, reserved 1048576K
Event: 3.672 GC heap after
Heap after GC invocations=4 (full 0):
 PSYoungGen      total 34304K, used 2544K [0x00000000eb800000, 0x00000000edc00000, 0x0000000100000000)
  eden space 31744K, 0% used [0x00000000eb800000,0x00000000eb800000,0x00000000ed700000)
  from space 2560K, 99% used [0x00000000ed980000,0x00000000edbfc280,0x00000000edc00000)
  to   space 2560K, 0% used [0x00000000ed700000,0x00000000ed700000,0x00000000ed980000)
 ParOldGen       total 42496K, used 3069K [0x00000000c2800000, 0x00000000c5180000, 0x00000000eb800000)
  object space 42496K, 7% used [0x00000000c2800000,0x00000000c2aff538,0x00000000c5180000)
 Metaspace       used 10299K, capacity 10520K, committed 10880K, reserved 1058816K
  class space    used 1217K, capacity 1288K, committed 1408K, reserved 1048576K
}
Event: 4.814 GC heap before
{Heap before GC invocations=5 (full 0):
 PSYoungGen      total 34304K, used 34288K [0x00000000eb800000, 0x00000000edc00000, 0x0000000100000000)
  eden space 31744K, 100% used [0x00000000eb800000,0x00000000ed700000,0x00000000ed700000)
  from space 2560K, 99% used [0x00000000ed980000,0x00000000edbfc280,0x00000000edc00000)
  to   space 2560K, 0% used [0x00000000ed700000,0x00000000ed700000,0x00000000ed980000)
 ParOldGen       total 42496K, used 3069K [0x00000000c2800000, 0x00000000c5180000, 0x00000000eb800000)
  object space 42496K, 7% used [0x00000000c2800000,0x00000000c2aff538,0x00000000c5180000)
 Metaspace       used 12819K, capacity 13050K, committed 13440K, reserved 1060864K
  class space    used 1489K, capacity 1577K, committed 1664K, reserved 1048576K
Event: 4.841 GC heap after
Heap after GC invocations=5 (full 0):
 PSYoungGen      total 34304K, used 2528K [0x00000000eb800000, 0x00000000eff00000, 0x0000000100000000)
  eden space 31744K, 0% used [0x00000000eb800000,0x00000000eb800000,0x00000000ed700000)
  from space 2560K, 98% used [0x00000000ed700000,0x00000000ed978280,0x00000000ed980000)
  to   space 4608K, 0% used [0x00000000efa80000,0x00000000efa80000,0x00000000eff00000)
 ParOldGen       total 42496K, used 5199K [0x00000000c2800000, 0x00000000c5180000, 0x00000000eb800000)
  object space 42496K, 12% used [0x00000000c2800000,0x00000000c2d13db0,0x00000000c5180000)
 Metaspace       used 12819K, capacity 13050K, committed 13440K, reserved 1060864K
  class space    used 1489K, capacity 1577K, committed 1664K, reserved 1048576K
}
Event: 5.383 GC heap before
{Heap before GC invocations=6 (full 0):
 PSYoungGen      total 34304K, used 34272K [0x00000000eb800000, 0x00000000eff00000, 0x0000000100000000)
  eden space 31744K, 100% used [0x00000000eb800000,0x00000000ed700000,0x00000000ed700000)
  from space 2560K, 98% used [0x00000000ed700000,0x00000000ed978280,0x00000000ed980000)
  to   space 4608K, 0% used [0x00000000efa80000,0x00000000efa80000,0x00000000eff00000)
 ParOldGen       total 42496K, used 5199K [0x00000000c2800000, 0x00000000c5180000, 0x00000000eb800000)
  object space 42496K, 12% used [0x00000000c2800000,0x00000000c2d13db0,0x00000000c5180000)
 Metaspace       used 15024K, capacity 15258K, committed 15488K, reserved 1062912K
  class space    used 1714K, capacity 1801K, committed 1920K, reserved 1048576K
Event: 5.397 GC heap after
Heap after GC invocations=6 (full 0):
 PSYoungGen      total 67072K, used 4587K [0x00000000eb800000, 0x00000000f0100000, 0x0000000100000000)
  eden space 62464K, 0% used [0x00000000eb800000,0x00000000eb800000,0x00000000ef500000)
  from space 4608K, 99% used [0x00000000efa80000,0x00000000efefac78,0x00000000eff00000)
  to   space 5632K, 0% used [0x00000000ef500000,0x00000000ef500000,0x00000000efa80000)
 ParOldGen       total 42496K, used 5682K [0x00000000c2800000, 0x00000000c5180000, 0x00000000eb800000)
  object space 42496K, 13% used [0x00000000c2800000,0x00000000c2d8c8a0,0x00000000c5180000)
 Metaspace       used 15024K, capacity 15258K, committed 15488K, reserved 1062912K
  class space    used 1714K, capacity 1801K, committed 1920K, reserved 1048576K
}
Event: 13.149 GC heap before
{Heap before GC invocations=7 (full 0):
 PSYoungGen      total 67072K, used 67051K [0x00000000eb800000, 0x00000000f0100000, 0x0000000100000000)
  eden space 62464K, 100% used [0x00000000eb800000,0x00000000ef500000,0x00000000ef500000)
  from space 4608K, 99% used [0x00000000efa80000,0x00000000efefac78,0x00000000eff00000)
  to   space 5632K, 0% used [0x00000000ef500000,0x00000000ef500000,0x00000000efa80000)
 ParOldGen       total 42496K, used 5682K [0x00000000c2800000, 0x00000000c5180000, 0x00000000eb800000)
  object space 42496K, 13% used [0x00000000c2800000,0x00000000c2d8c8a0,0x00000000c5180000)
 Metaspace       used 19267K, capacity 19450K, committed 19712K, reserved 1067008K
  class space    used 2216K, capacity 2281K, committed 2304K, reserved 1048576K

Deoptimization events (9 events):
Event: 0.685 Thread 0x00007f3464013000 Uncommon trap: reason=unstable_if action=reinterpret pc=0x00007f345510d2dc method=java.lang.String.hashCode()I @ 14
Event: 0.727 Thread 0x00007f3464013000 Uncommon trap: reason=unstable_if action=reinterpret pc=0x00007f3455110604 method=java.lang.String.indexOf(II)I @ 49
Event: 1.695 Thread 0x00007f3464013000 Uncommon trap: reason=unstable_if action=reinterpret pc=0x00007f34551a563c method=java.lang.String.indexOf([CII[CIII)I @ 134
Event: 3.294 Thread 0x00007f3464013000 Uncommon trap: reason=class_check action=maybe_recompile pc=0x00007f34553b13cc method=java.util.HashMap.putVal(ILjava/lang/Object;Ljava/lang/Object;ZZ)Ljava/lang/Object; @ 253
Event: 3.303 Thread 0x00007f3464013000 Uncommon trap: reason=class_check action=maybe_recompile pc=0x00007f34553b13cc method=java.util.HashMap.putVal(ILjava/lang/Object;Ljava/lang/Object;ZZ)Ljava/lang/Object; @ 253
Event: 3.304 Thread 0x00007f3464013000 Uncommon trap: reason=unstable_if action=reinterpret pc=0x00007f345530dbe8 method=java.util.HashMap.getNode(ILjava/lang/Object;)Ljava/util/HashMap$Node; @ 129
Event: 3.304 Thread 0x00007f3464013000 Uncommon trap: reason=class_check action=maybe_recompile pc=0x00007f34553b1440 method=java.util.HashMap.putVal(ILjava/lang/Object;Ljava/lang/Object;ZZ)Ljava/lang/Object; @ 203
Event: 3.318 Thread 0x00007f3464013000 Uncommon trap: reason=class_check action=maybe_recompile pc=0x00007f34553b13cc method=java.util.HashMap.putVal(ILjava/lang/Object;Ljava/lang/Object;ZZ)Ljava/lang/Object; @ 253
Event: 4.718 Thread 0x00007f3464013000 Uncommon trap: reason=unstable_if action=reinterpret pc=0x00007f34551822b0 method=java.io.UnixFileSystem.normalize(Ljava/lang/String;)Ljava/lang/String; @ 34

Classes redefined (0 events):
No events

Internal exceptions (10 events):
Event: 2.081 Thread 0x00007f3464013000 Exception <a 'java/lang/ClassNotFoundException': org/apache/log4j/WriterAppenderBeanInfo> (0x00000000ec221c18) thrown at [/build/openjdk-8-yxDDQ4/openjdk-8-8u191-b12/src/hotspot/src/share/vm/classfile/systemDictionary.cpp, line 210]
Event: 2.082 Thread 0x00007f3464013000 Exception <a 'java/lang/ClassNotFoundException': org/apache/log4j/AppenderSkeletonBeanInfo> (0x00000000ec257380) thrown at [/build/openjdk-8-yxDDQ4/openjdk-8-8u191-b12/src/hotspot/src/share/vm/classfile/systemDictionary.cpp, line 210]
Event: 2.084 Thread 0x00007f3464013000 Exception <a 'java/lang/ClassNotFoundException': org/apache/log4j/AppenderSkeletonCustomizer> (0x00000000ec2903e0) thrown at [/build/openjdk-8-yxDDQ4/openjdk-8-8u191-b12/src/hotspot/src/share/vm/classfile/systemDictionary.cpp, line 210]
Event: 2.090 Thread 0x00007f3464013000 Exception <a 'java/lang/ClassNotFoundException': org/apache/log4j/WriterAppenderCustomizer> (0x00000000ec2db268) thrown at [/build/openjdk-8-yxDDQ4/openjdk-8-8u191-b12/src/hotspot/src/share/vm/classfile/systemDictionary.cpp, line 210]
Event: 2.096 Thread 0x00007f3464013000 Exception <a 'java/lang/ClassNotFoundException': org/apache/log4j/ConsoleAppenderCustomizer> (0x00000000ec31d098) thrown at [/build/openjdk-8-yxDDQ4/openjdk-8-8u191-b12/src/hotspot/src/share/vm/classfile/systemDictionary.cpp, line 210]
Event: 3.030 Thread 0x00007f3464013000 Exception <a 'java/lang/NoSuchFieldError': method resolution failed> (0x00000000ec06b910) thrown at [/build/openjdk-8-yxDDQ4/openjdk-8-8u191-b12/src/hotspot/src/share/vm/prims/methodHandles.cpp, line 1167]
Event: 3.041 Thread 0x00007f3464013000 Exception <a 'java/lang/NoSuchFieldError': method resolution failed> (0x00000000ec078fd0) thrown at [/build/openjdk-8-yxDDQ4/openjdk-8-8u191-b12/src/hotspot/src/share/vm/prims/methodHandles.cpp, line 1167]
Event: 3.414 Thread 0x00007f3464013000 Exception <a 'java/io/FileNotFoundException'> (0x00000000ec5ce9a0) thrown at [/build/openjdk-8-yxDDQ4/openjdk-8-8u191-b12/src/hotspot/src/share/vm/prims/jni.cpp, line 709]
Event: 3.414 Thread 0x00007f3464013000 Exception <a 'java/security/PrivilegedActionException'> (0x00000000ec5cee08) thrown at [/build/openjdk-8-yxDDQ4/openjdk-8-8u191-b12/src/hotspot/src/share/vm/prims/jvm.cpp, line 1435]
Event: 3.415 Thread 0x00007f3464013000 Exception <a 'java/lang/reflect/InvocationTargetException'> (0x00000000ec5d0ec8) thrown at [/build/openjdk-8-yxDDQ4/openjdk-8-8u191-b12/src/hotspot/src/share/vm/runtime/reflection.cpp, line 1092]

Events (10 events):
Event: 13.082 loading class javax/naming/Context
Event: 13.084 loading class javax/naming/Context done
Event: 13.084 loading class javax/naming/directory/DirContext done
Event: 13.125 loading class org/apache/hadoop/hbase/client/ScannerCallableWithReplicas
Event: 13.125 loading class org/apache/hadoop/hbase/client/ScannerCallableWithReplicas done
Event: 13.141 loading class org/apache/hadoop/hbase/client/RpcRetryingCallerWithReadReplicas
Event: 13.141 loading class org/apache/hadoop/hbase/client/RpcRetryingCallerWithReadReplicas done
Event: 13.144 loading class org/apache/hadoop/hbase/zookeeper/MetaTableLocator
Event: 13.144 loading class org/apache/hadoop/hbase/zookeeper/MetaTableLocator done
Event: 13.146 Executing VM operation: ParallelGCFailedAllocation


Dynamic libraries:
00400000-00401000 r-xp 00000000 08:01 5099                               /usr/lib/jvm/java-8-openjdk-amd64/jre/bin/java
00600000-00601000 r--p 00000000 08:01 5099                               /usr/lib/jvm/java-8-openjdk-amd64/jre/bin/java
00601000-00602000 rw-p 00001000 08:01 5099                               /usr/lib/jvm/java-8-openjdk-amd64/jre/bin/java
02412000-02433000 rw-p 00000000 00:00 0                                  [heap]
c2800000-c5180000 rw-p 00000000 00:00 0 
c5180000-eb800000 ---p 00000000 00:00 0 
eb800000-f0100000 rw-p 00000000 00:00 0 
f4000000-100000000 ---p 00000000 00:00 0 
100000000-100240000 rw-p 00000000 00:00 0 
100240000-140000000 ---p 00000000 00:00 0 
7f3418000000-7f3418021000 rw-p 00000000 00:00 0 
7f3418021000-7f341c000000 ---p 00000000 00:00 0 
7f341c000000-7f341c024000 rw-p 00000000 00:00 0 
7f341c024000-7f3420000000 ---p 00000000 00:00 0 
7f3420fff000-7f3424000000 rw-p 00000000 00:00 0 
7f3424000000-7f3424021000 rw-p 00000000 00:00 0 
7f3424021000-7f3428000000 ---p 00000000 00:00 0 
7f3428000000-7f3428021000 rw-p 00000000 00:00 0 
7f3428021000-7f342c000000 ---p 00000000 00:00 0 
7f342c000000-7f342c318000 rw-p 00000000 00:00 0 
7f342c318000-7f3430000000 ---p 00000000 00:00 0 
7f3430000000-7f3430021000 rw-p 00000000 00:00 0 
7f3430021000-7f3434000000 ---p 00000000 00:00 0 
7f3434000000-7f3434021000 rw-p 00000000 00:00 0 
7f3434021000-7f3438000000 ---p 00000000 00:00 0 
7f3438000000-7f34385b1000 rw-p 00000000 00:00 0 
7f34385b1000-7f343c000000 ---p 00000000 00:00 0 
7f343c000000-7f343c021000 rw-p 00000000 00:00 0 
7f343c021000-7f3440000000 ---p 00000000 00:00 0 
7f3440000000-7f3440021000 rw-p 00000000 00:00 0 
7f3440021000-7f3444000000 ---p 00000000 00:00 0 
7f3444000000-7f3444021000 rw-p 00000000 00:00 0 
7f3444021000-7f3448000000 ---p 00000000 00:00 0 
7f3448000000-7f3448021000 rw-p 00000000 00:00 0 
7f3448021000-7f344c000000 ---p 00000000 00:00 0 
7f344d4e3000-7f344d5e3000 rw-p 00000000 00:00 0 
7f344d5e3000-7f344d6e3000 ---p 00000000 00:00 0 
7f344d6e3000-7f344d8e3000 rw-p 00000000 00:00 0 
7f344d8e3000-7f344dae3000 rw-p 00000000 00:00 0 
7f344dae3000-7f344dae6000 ---p 00000000 00:00 0 
7f344dae6000-7f344dbe4000 rw-p 00000000 00:00 0 
7f344dbe4000-7f344dbf6000 r-xp 00000000 08:01 7839                       /usr/lib/jvm/java-8-openjdk-amd64/jre/lib/amd64/libnio.so
7f344dbf6000-7f344ddf5000 ---p 00012000 08:01 7839                       /usr/lib/jvm/java-8-openjdk-amd64/jre/lib/amd64/libnio.so
7f344ddf5000-7f344ddf6000 r--p 00011000 08:01 7839                       /usr/lib/jvm/java-8-openjdk-amd64/jre/lib/amd64/libnio.so
7f344ddf6000-7f344ddf7000 rw-p 00012000 08:01 7839                       /usr/lib/jvm/java-8-openjdk-amd64/jre/lib/amd64/libnio.so
7f344ddf7000-7f344dff7000 rw-p 00000000 00:00 0 
7f344dff7000-7f344dffc000 r--s 000a0000 08:01 7861                       /usr/lib/jvm/java-8-openjdk-amd64/jre/lib/jsse.jar
7f344dffc000-7f344e013000 r-xp 00000000 08:01 7842                       /usr/lib/jvm/java-8-openjdk-amd64/jre/lib/amd64/libnet.so
7f344e013000-7f344e212000 ---p 00017000 08:01 7842                       /usr/lib/jvm/java-8-openjdk-amd64/jre/lib/amd64/libnet.so
7f344e212000-7f344e213000 r--p 00016000 08:01 7842                       /usr/lib/jvm/java-8-openjdk-amd64/jre/lib/amd64/libnet.so
7f344e213000-7f344e214000 rw-p 00017000 08:01 7842                       /usr/lib/jvm/java-8-openjdk-amd64/jre/lib/amd64/libnet.so
7f344e214000-7f344e216000 r--s 00016000 08:01 7844                       /usr/lib/jvm/java-8-openjdk-amd64/jre/lib/jce.jar
7f344e216000-7f344e217000 r-xp 00000000 08:01 7825                       /usr/lib/jvm/java-8-openjdk-amd64/jre/lib/amd64/libjaas_unix.so
7f344e217000-7f344e416000 ---p 00001000 08:01 7825                       /usr/lib/jvm/java-8-openjdk-amd64/jre/lib/amd64/libjaas_unix.so
7f344e416000-7f344e417000 r--p 00000000 08:01 7825                       /usr/lib/jvm/java-8-openjdk-amd64/jre/lib/amd64/libjaas_unix.so
7f344e417000-7f344e418000 rw-p 00001000 08:01 7825                       /usr/lib/jvm/java-8-openjdk-amd64/jre/lib/amd64/libjaas_unix.so
7f344e418000-7f344e618000 rw-p 00000000 00:00 0 
7f344e618000-7f344e61b000 ---p 00000000 00:00 0 
7f344e61b000-7f344e719000 rw-p 00000000 00:00 0 
7f344e719000-7f344e71c000 ---p 00000000 00:00 0 
7f344e71c000-7f344e752000 rw-p 00000000 00:00 0 
7f344e752000-7f344e75b000 r-xp 00000000 08:01 7827                       /usr/lib/jvm/java-8-openjdk-amd64/jre/lib/amd64/libmanagement.so
7f344e75b000-7f344e95a000 ---p 00009000 08:01 7827                       /usr/lib/jvm/java-8-openjdk-amd64/jre/lib/amd64/libmanagement.so
7f344e95a000-7f344e95b000 r--p 00008000 08:01 7827                       /usr/lib/jvm/java-8-openjdk-amd64/jre/lib/amd64/libmanagement.so
7f344e95b000-7f344e95c000 rw-p 00009000 08:01 7827                       /usr/lib/jvm/java-8-openjdk-amd64/jre/lib/amd64/libmanagement.so
7f344e95c000-7f344e95f000 r--s 00024000 08:01 407535                     /home/mac/Macro/json-lib-2.4-jdk15.jar
7f344e95f000-7f344e962000 r--s 00011000 08:01 407534                     /home/mac/Macro/ezmorph-1.0.3.jar
7f344e962000-7f344e964000 r--s 00008000 08:01 407533                     /home/mac/Macro/commons-logging-1.0.4.jar
7f344e964000-7f344e968000 r--s 00038000 08:01 407532                     /home/mac/Macro/commons-lang-2.3.jar
7f344e968000-7f344e96e000 r--s 00045000 08:01 407531                     /home/mac/Macro/commons-httpclient-3.1.jar
7f344e96e000-7f344e97b000 r--s 0007c000 08:01 407530                     /home/mac/Macro/commons-collections-3.1.jar
7f344e97b000-7f344e980000 r--s 0002a000 08:01 407529                     /home/mac/Macro/commons-beanutils-1.7.0.jar
7f344e980000-7f344e98c000 r--s 000b6000 08:01 821329                     /usr/local/hbase/lib/zookeeper-3.4.6.jar
7f344e98c000-7f344e990000 r--s 00014000 08:01 821322                     /usr/local/hbase/lib/xz-1.0.jar
7f344e990000-7f344e991000 r--s 00003000 08:01 821289                     /usr/local/hbase/lib/xmlenc-0.52.jar
7f344e991000-7f344e999000 r--s 0006b000 08:01 821364                     /usr/local/hbase/lib/spymemcached-2.11.6.jar
7f344e999000-7f344e99b000 r--s 000f2000 08:01 821320                     /usr/local/hbase/lib/snappy-java-1.0.4.1.jar
7f344e99b000-7f344e99d000 r--s 00001000 08:01 821317                     /usr/local/hbase/lib/slf4j-log4j12-1.7.5.jar
7f344e99d000-7f344e99f000 r--s 00006000 08:01 821316                     /usr/local/hbase/lib/slf4j-api-1.7.7.jar
7f344e99f000-7f344e9a2000 r--s 0001e000 08:01 821348                     /usr/local/hbase/lib/servlet-api-2.5-6.1.14.jar
7f344e9a2000-7f344e9a4000 r--s 00018000 08:01 821333                     /usr/local/hbase/lib/servlet-api-2.5.jar
7f344e9a4000-7f344e9ac000 r--s 0007b000 08:01 821276                     /usr/local/hbase/lib/protobuf-java-2.5.0.jar
7f344e9ac000-7f344e9ae000 r--s 00006000 08:01 821319                     /usr/local/hbase/lib/paranamer-2.3.jar
7f344e9ae000-7f344e9cb000 r--s 00196000 08:01 821339                     /usr/local/hbase/lib/netty-all-4.0.23.Final.jar
7f344e9cb000-7f344e9ce000 r--s 00012000 08:01 821342                     /usr/local/hbase/lib/metrics-core-2.2.0.jar
7f344e9ce000-7f344e9d7000 r--s 0006f000 08:01 821274                     /usr/local/hbase/lib/log4j-1.2.17.jar
7f344e9d7000-7f344e9dd000 r--s 00034000 08:01 821362                     /usr/local/hbase/lib/libthrift-0.9.3.jar
7f344e9dd000-7f344e9e0000 r--s 000fd000 08:01 821358                     /usr/local/hbase/lib/leveldbjni-all-1.8.jar
7f344e9e0000-7f344e9e8000 r--s 00045000 08:01 821275                     /usr/local/hbase/lib/junit-4.12.jar
7f344e9e8000-7f344e9eb000 r--s 0001e000 08:01 821347                     /usr/local/hbase/lib/jsp-api-2.1-6.1.14.jar
7f344e9eb000-7f344e9fc000 r--s 000ea000 08:01 821346                     /usr/local/hbase/lib/jsp-2.1-6.1.14.jar
7f344e9fc000-7f344e9ff000 r--s 0002b000 08:01 821328                     /usr/local/hbase/lib/jsch-0.1.42.jar
7f344e9ff000-7f344ea28000 rw-p 00000000 00:00 0 
7f344ea28000-7f344eb14000 r--s 00c46000 08:01 821363                     /usr/local/hbase/lib/jruby-complete-1.6.8.jar
7f344eb14000-7f344eb17000 r--s 0002b000 08:01 821341                     /usr/local/hbase/lib/joni-2.1.2.jar
7f344eb17000-7f344eb1b000 r--s 00028000 08:01 821283                     /usr/local/hbase/lib/jetty-util-6.1.26.jar
7f344eb1b000-7f344eb1c000 r--s 00004000 08:01 821345                     /usr/local/hbase/lib/jetty-sslengine-6.1.26.jar
7f344eb1c000-7f344eb23000 r--s 0007d000 08:01 821292                     /usr/local/hbase/lib/jetty-6.1.26.jar
7f344eb23000-7f344eb25000 r--s 00012000 08:01 821295                     /usr/local/hbase/lib/jettison-1.3.3.jar
7f344eb25000-7f344eb2e000 r--s 0007b000 08:01 821308                     /usr/local/hbase/lib/jets3t-0.9.0.jar
7f344eb2e000-7f344eb40000 r--s 0009d000 08:01 821303                     /usr/local/hbase/lib/jersey-server-1.9.jar
7f344eb40000-7f344eb44000 r--s 00021000 08:01 821294                     /usr/local/hbase/lib/jersey-json-1.9.jar
7f344eb44000-7f344eb45000 r--s 00003000 08:01 821338                     /usr/local/hbase/lib/jersey-guice-1.9.jar
7f344eb45000-7f344eb4f000 r--s 00066000 08:01 821293                     /usr/local/hbase/lib/jersey-core-1.9.jar
7f344eb4f000-7f344eb52000 r--s 0001d000 08:01 821356                     /usr/local/hbase/lib/jersey-client-1.9.jar
7f344eb52000-7f344eb5b000 r--s 00133000 08:01 821340                     /usr/local/hbase/lib/jcodings-1.0.8.jar
7f344eb5b000-7f344eb6e000 r--s 000c7000 08:01 821296                     /usr/local/hbase/lib/jaxb-impl-2.2.3-1.jar
7f344eb6e000-7f344eb71000 r--s 00017000 08:01 821297                     /usr/local/hbase/lib/jaxb-api-2.2.2.jar
7f344eb71000-7f344eb72000 r--s 00004000 08:01 821311                     /usr/local/hbase/lib/java-xmlbuilder-0.4.jar
7f344eb72000-7f344eb73000 r--s 00000000 08:01 821336                     /usr/local/hbase/lib/javax.inject-1.jar
7f344eb73000-7f344eb75000 r--s 00011000 08:01 821306                     /usr/local/hbase/lib/jasper-runtime-5.5.23.jar
7f344eb75000-7f344eb7a000 r--s 0005f000 08:01 821305                     /usr/local/hbase/lib/jasper-compiler-5.5.23.jar
7f344eb7a000-7f344eb7b000 r--s 00005000 08:01 821349                     /usr/local/hbase/lib/jamon-runtime-2.4.1.jar
7f344eb7b000-7f344eb7c000 r--s 00006000 08:01 821302                     /usr/local/hbase/lib/jackson-xc-1.9.13.jar
7f344eb7c000-7f344eb8a000 r--s 000b1000 08:01 821300                     /usr/local/hbase/lib/jackson-mapper-asl-1.9.13.jar
7f344eb8a000-7f344eb8b000 r--s 00004000 08:01 821301                     /usr/local/hbase/lib/jackson-jaxrs-1.9.13.jar
7f344eb8b000-7f344eb8f000 r--s 00035000 08:01 821299                     /usr/local/hbase/lib/jackson-core-asl-1.9.13.jar
7f344eb8f000-7f344eb96000 r--s 00048000 08:01 821310                     /usr/local/hbase/lib/httpcore-4.4.1.jar
7f344eb96000-7f344eb9f000 r--s 00061000 08:01 821309                     /usr/local/hbase/lib/httpclient-4.2.5.jar
7f344eb9f000-7f344ebb8000 r--s 00150000 08:01 821284                     /usr/local/hbase/lib/htrace-core-3.1.0-incubating.jar
7f344ebb8000-7f344ebe5000 r--s 0027a000 08:01 821267                     /usr/local/hbase/lib/hbase-thrift-1.2.3.jar
7f344ebe5000-7f344ebe7000 r--s 00002000 08:01 821269                     /usr/local/hbase/lib/hbase-shell-1.2.3.jar
7f344ebe7000-7f344ec2a000 r--s 006e4000 08:01 821254                     /usr/local/hbase/lib/hbase-server-1.2.3-tests.jar
7f344ec2a000-7f344ec5f000 r--s 003c2000 08:01 821266                     /usr/local/hbase/lib/hbase-server-1.2.3.jar
7f344ec5f000-7f344ec66000 r--s 00063000 08:01 821268                     /usr/local/hbase/lib/hbase-rest-1.2.3.jar
7f344ec66000-7f344ec68000 r--s 0000c000 08:01 821344                     /usr/local/hbase/lib/hbase-resource-bundle-1.2.3.jar
7f344ec68000-7f344eca1000 r--s 003f4000 08:01 821259                     /usr/local/hbase/lib/hbase-protocol-1.2.3.jar
7f344eca1000-7f344eca4000 r--s 0001b000 08:01 821261                     /usr/local/hbase/lib/hbase-procedure-1.2.3.jar
7f344eca4000-7f344eca6000 r--s 00017000 08:01 821265                     /usr/local/hbase/lib/hbase-prefix-tree-1.2.3.jar
7f344eca6000-7f344ecae000 r--s 002ab000 08:01 821255                     /usr/local/hbase/lib/hbase-it-1.2.3-tests.jar
7f344ecae000-7f344ecb0000 r--s 00002000 08:01 821270                     /usr/local/hbase/lib/hbase-it-1.2.3.jar
7f344ecb0000-7f344ecb2000 r--s 00007000 08:01 821263                     /usr/local/hbase/lib/hbase-hadoop-compat-1.2.3.jar
7f344ecb2000-7f344ecb6000 r--s 00015000 08:01 821264                     /usr/local/hbase/lib/hbase-hadoop2-compat-1.2.3.jar
7f344ecb6000-7f344ecb7000 r--s 00004000 08:01 821272                     /usr/local/hbase/lib/hbase-external-blockcache-1.2.3.jar
7f344ecb7000-7f344ecbb000 r--s 0001d000 08:01 821271                     /usr/local/hbase/lib/hbase-examples-1.2.3.jar
7f344ecbb000-7f344ecbf000 r--s 00034000 08:01 821257                     /usr/local/hbase/lib/hbase-common-1.2.3-tests.jar
7f344ecbf000-7f344ecc8000 r--s 00085000 08:01 821260                     /usr/local/hbase/lib/hbase-common-1.2.3.jar
7f344ecc8000-7f344ecd9000 r--s 0012d000 08:01 821262                     /usr/local/hbase/lib/hbase-client-1.2.3.jar
7f344ecd9000-7f344ecdb000 r--s 00002000 08:01 821256                     /usr/local/hbase/lib/hbase-annotations-1.2.3-tests.jar
7f344ecdb000-7f344ecdd000 r--s 00004000 08:01 821258                     /usr/local/hbase/lib/hbase-annotations-1.2.3.jar
7f344ecdd000-7f344ece2000 r--s 00037000 08:01 821357                     /usr/local/hbase/lib/hadoop-yarn-server-common-2.5.1.jar
7f344ece2000-7f344ecf6000 r--s 00146000 08:01 821331                     /usr/local/hbase/lib/hadoop-yarn-common-2.5.1.jar
7f344ecf6000-7f344ecf9000 r--s 0001a000 08:01 821355                     /usr/local/hbase/lib/hadoop-yarn-client-2.5.1.jar
7f344ecf9000-7f344ed10000 r--s 0017c000 08:01 821332                     /usr/local/hbase/lib/hadoop-yarn-api-2.5.1.jar
7f344ed10000-7f344ed12000 r--s 00009000 08:01 821359                     /usr/local/hbase/lib/hadoop-mapreduce-client-shuffle-2.5.1.jar
7f344ed12000-7f344ed13000 r--s 00008000 08:01 821360                     /usr/local/hbase/lib/hadoop-mapreduce-client-jobclient-2.5.1.jar
7f344ed13000-7f344ed2b000 r--s 00156000 08:01 821330                     /usr/local/hbase/lib/hadoop-mapreduce-client-core-2.5.1.jar
7f344ed2b000-7f344ed36000 r--s 00097000 08:01 821354                     /usr/local/hbase/lib/hadoop-mapreduce-client-common-2.5.1.jar
7f344ed36000-7f344ed3f000 r--s 0006f000 08:01 821353                     /usr/local/hbase/lib/hadoop-mapreduce-client-app-2.5.1.jar
7f344ed3f000-7f344ed9c000 r--s 00668000 08:01 821352                     /usr/local/hbase/lib/hadoop-hdfs-2.5.1.jar
7f344ed9c000-7f344edcb000 r--s 002a5000 08:01 821285                     /usr/local/hbase/lib/hadoop-common-2.5.1.jar
7f344edcb000-7f344edcc000 r--s 00000000 08:01 821351                     /usr/local/hbase/lib/hadoop-client-2.5.1.jar
7f344edcc000-7f344edce000 r--s 0000b000 08:01 821323                     /usr/local/hbase/lib/hadoop-auth-2.5.1.jar
7f344edce000-7f344edd0000 r--s 00003000 08:01 821286                     /usr/local/hbase/lib/hadoop-annotations-2.5.1.jar
7f344edd0000-7f344edd2000 r--s 0000e000 08:01 821334                     /usr/local/hbase/lib/guice-servlet-3.0.jar
7f344edd2000-7f344ede1000 r--s 0009f000 08:01 821335                     /usr/local/hbase/lib/guice-3.0.jar
7f344ede1000-7f344ee03000 r--s 00195000 08:01 821278                     /usr/local/hbase/lib/guava-12.0.1.jar
7f344ee03000-7f344ee05000 r--s 00002000 08:01 821273                     /usr/local/hbase/lib/findbugs-annotations-1.3.9-1.jar
7f344ee05000-7f344ee08000 r--s 00011000 08:01 821350                     /usr/local/hbase/lib/disruptor-3.3.0.jar
7f344ee08000-7f344ee0d000 r--s 0003e000 08:01 821291                     /usr/local/hbase/lib/commons-net-3.1.jar
7f344ee0d000-7f344ee20000 r--s 000df000 08:01 821343                     /usr/local/hbase/lib/commons-math-2.2.jar
7f344ee20000-7f344ee3d000 r--s 0016a000 08:01 821288                     /usr/local/hbase/lib/commons-math3-3.1.1.jar
7f344ee3d000-7f344ee3f000 r--s 0000e000 08:01 821277                     /usr/local/hbase/lib/commons-logging-1.2.jar
7f344ee3f000-7f344ee44000 r--s 00041000 08:01 821280                     /usr/local/hbase/lib/commons-lang-2.6.jar
7f344ee44000-7f344ee48000 r--s 0002a000 08:01 821282                     /usr/local/hbase/lib/commons-io-2.4.jar
7f344ee48000-7f344ee4e000 r--s 00045000 08:01 821290                     /usr/local/hbase/lib/commons-httpclient-3.1.jar
7f344ee4e000-7f344ee51000 r--s 00019000 08:01 821307                     /usr/local/hbase/lib/commons-el-1.0.jar
7f344ee51000-7f344ee55000 r--s 00020000 08:01 821313                     /usr/local/hbase/lib/commons-digester-1.8.jar
7f344ee55000-7f344ee56000 r--s 00005000 08:01 821361                     /usr/local/hbase/lib/commons-daemon-1.0.13.jar
7f344ee56000-7f344ee5c000 r--s 00043000 08:01 821312                     /usr/local/hbase/lib/commons-configuration-1.6.jar
7f344ee5c000-7f344ee61000 r--s 00036000 08:01 821321                     /usr/local/hbase/lib/commons-compress-1.4.1.jar
7f344ee61000-7f344ee6e000 r--s 00083000 08:01 821281                     /usr/local/hbase/lib/commons-collections-3.2.2.jar
7f344ee6e000-7f344ee75000 r--s 0003a000 08:01 821279                     /usr/local/hbase/lib/commons-codec-1.9.jar
7f344ee75000-7f344ee77000 r--s 00009000 08:01 821287                     /usr/local/hbase/lib/commons-cli-1.2.jar
7f344ee77000-7f344ee7b000 r--s 0002f000 08:01 821315                     /usr/local/hbase/lib/commons-beanutils-core-1.8.0.jar
7f344ee7b000-7f344ee80000 r--s 0002a000 08:01 821314                     /usr/local/hbase/lib/commons-beanutils-1.7.0.jar
7f344ee80000-7f344ee87000 r--s 00044000 08:01 821318                     /usr/local/hbase/lib/avro-1.7.4.jar
7f344ee87000-7f344ee88000 r--s 0000a000 08:01 821304                     /usr/local/hbase/lib/asm-3.1.jar
7f344ee88000-7f344ee8a000 r--s 00012000 08:01 821327                     /usr/local/hbase/lib/api-util-1.0.0-M20.jar
7f344ee8a000-7f344ee8c000 r--s 00003000 08:01 821326                     /usr/local/hbase/lib/api-asn1-api-1.0.0-M20.jar
7f344ee8c000-7f344ee9e000 r--s 00097000 08:01 821324                     /usr/local/hbase/lib/apacheds-kerberos-codec-2.0.0-M15.jar
7f344ee9e000-7f344ee9f000 r--s 0000a000 08:01 821325                     /usr/local/hbase/lib/apacheds-i18n-2.0.0-M15.jar
7f344ee9f000-7f344eea1000 r--s 00000000 08:01 821337                     /usr/local/hbase/lib/aopalliance-1.0.jar
7f344eea1000-7f344eea3000 r--s 0000e000 08:01 821298                     /usr/local/hbase/lib/activation-1.1.jar
7f344eea3000-7f344eea8000 r--s 00022000 08:01 794995                     /usr/local/hadoop/share/hadoop/common/hadoop-nfs-2.6.0.jar
7f344eea8000-7f344eedd000 r--s 002f2000 08:01 794994                     /usr/local/hadoop/share/hadoop/common/hadoop-common-2.6.0.jar
7f344eedd000-7f344eede000 r--s 0000a000 08:01 795005                     /usr/local/hadoop/share/hadoop/common/lib/apacheds-i18n-2.0.0-M15.jar
7f344eede000-7f344eee0000 r--s 00006000 08:01 795034                     /usr/local/hadoop/share/hadoop/common/lib/htrace-core-3.0.4.jar
7f344eee0000-7f344eee6000 r--s 00032000 08:01 795009                     /usr/local/hadoop/share/hadoop/common/lib/httpcore-4.2.5.jar
7f344eee6000-7f344eeea000 r--s 00021000 08:01 795002                     /usr/local/hadoop/share/hadoop/common/lib/jersey-json-1.9.jar
7f344eeea000-7f344eef3000 r--s 00061000 08:01 795029                     /usr/local/hadoop/share/hadoop/common/lib/httpclient-4.2.5.jar
7f344eef3000-7f344eef5000 r--s 00001000 08:01 795004                     /usr/local/hadoop/share/hadoop/common/lib/slf4j-log4j12-1.7.5.jar
7f344eef5000-7f344eefe000 r--s 0007b000 08:01 795060                     /usr/local/hadoop/share/hadoop/common/lib/jets3t-0.9.0.jar
7f344eefe000-7f344ef01000 r--s 00006000 08:01 795044                     /usr/local/hadoop/share/hadoop/common/lib/jsr305-1.3.9.jar
7f344ef01000-7f344ef0a000 r--s 0006f000 08:01 795061                     /usr/local/hadoop/share/hadoop/common/lib/log4j-1.2.17.jar
7f344ef0a000-7f344ef0c000 r--s 0000e000 08:01 795036                     /usr/local/hadoop/share/hadoop/common/lib/commons-logging-1.1.3.jar
7f344ef0c000-7f344ef0e000 r--s 00003000 08:01 795007                     /usr/local/hadoop/share/hadoop/common/lib/hadoop-annotations-2.6.0.jar
7f344ef0e000-7f344ef10000 r--s 0000f000 08:01 795013                     /usr/local/hadoop/share/hadoop/common/lib/jettison-1.1.jar
7f344ef10000-7f344ef12000 r--s 00009000 08:01 795043                     /usr/local/hadoop/share/hadoop/common/lib/commons-cli-1.2.jar
7f344ef12000-7f344ef14000 r--s 000f2000 08:01 795000                     /usr/local/hadoop/share/hadoop/common/lib/snappy-java-1.0.4.1.jar
7f344ef14000-7f344ef31000 r--s 0016a000 08:01 795046                     /usr/local/hadoop/share/hadoop/common/lib/commons-math3-3.1.1.jar
7f344ef31000-7f344ef32000 r--s 00004000 08:01 795016                     /usr/local/hadoop/share/hadoop/common/lib/java-xmlbuilder-0.4.jar
7f344ef32000-7f344ef36000 r--s 00014000 08:01 795053                     /usr/local/hadoop/share/hadoop/common/lib/xz-1.0.jar
7f344ef36000-7f344ef37000 r--s 00003000 08:01 795042                     /usr/local/hadoop/share/hadoop/common/lib/xmlenc-0.52.jar
7f344ef37000-7f344ef3d000 r--s 00045000 08:01 795032                     /usr/local/hadoop/share/hadoop/common/lib/commons-httpclient-3.1.jar
7f344ef3d000-7f344ef42000 r--s 0005f000 08:01 795049                     /usr/local/hadoop/share/hadoop/common/lib/jasper-compiler-5.5.23.jar
7f344ef42000-7f344ef45000 r--s 00019000 08:01 795048                     /usr/local/hadoop/share/hadoop/common/lib/commons-el-1.0.jar
7f344ef45000-7f344ef48000 r--s 00017000 08:01 795017                     /usr/local/hadoop/share/hadoop/common/lib/jaxb-api-2.2.2.jar
7f344ef48000-7f344ef5a000 r--s 00097000 08:01 795039                     /usr/local/hadoop/share/hadoop/common/lib/apacheds-kerberos-codec-2.0.0-M15.jar
7f344ef5a000-7f344ef5f000 r--s 0002a000 08:01 795020                     /usr/local/hadoop/share/hadoop/common/lib/gson-2.2.4.jar
7f344ef5f000-7f344ef61000 r--s 0000e000 08:01 795062                     /usr/local/hadoop/share/hadoop/common/lib/activation-1.1.jar
7f344ef61000-7f344ef68000 r--s 00036000 08:01 795018                     /usr/local/hadoop/share/hadoop/common/lib/curator-recipes-2.6.0.jar
7f344ef68000-7f344ef6d000 r--s 0003e000 08:01 795038                     /usr/local/hadoop/share/hadoop/common/lib/commons-net-3.1.jar
7f344ef6d000-7f344ef6f000 r--s 00003000 08:01 795019                     /usr/local/hadoop/share/hadoop/common/lib/api-asn1-api-1.0.0-M20.jar
7f344ef6f000-7f344ef72000 r--s 00016000 08:01 795054                     /usr/local/hadoop/share/hadoop/common/lib/jsp-api-2.1.jar
7f344ef72000-7f344ef89000 r--s 0010e000 08:01 794998                     /usr/local/hadoop/share/hadoop/common/lib/netty-3.6.2.Final.jar
7f344ef89000-7f344ef95000 r--s 000b6000 08:01 795057                     /usr/local/hadoop/share/hadoop/common/lib/zookeeper-3.4.6.jar
7f344ef95000-7f344efa3000 r--s 000b1000 08:01 795045                     /usr/local/hadoop/share/hadoop/common/lib/jackson-mapper-asl-1.9.13.jar
7f344efa3000-7f344efa7000 r--s 00020000 08:01 795010                     /usr/local/hadoop/share/hadoop/common/lib/commons-digester-1.8.jar
7f344efa7000-7f344efab000 r--s 0002a000 08:01 795040                     /usr/local/hadoop/share/hadoop/common/lib/commons-io-2.4.jar
7f344efab000-7f344efb9000 r--s 0007f000 08:01 795001                     /usr/local/hadoop/share/hadoop/common/lib/commons-collections-3.2.1.jar
7f344efb9000-7f344efcb000 r--s 0009d000 08:01 795014                     /usr/local/hadoop/share/hadoop/common/lib/jersey-server-1.9.jar
7f344efcb000-7f344efcd000 r--s 0000f000 08:01 795021                     /usr/local/hadoop/share/hadoop/common/lib/curator-client-2.6.0.jar
7f344efcd000-7f344efcf000 r--s 00012000 08:01 795027                     /usr/local/hadoop/share/hadoop/common/lib/api-util-1.0.0-M20.jar
7f344efcf000-7f344efd1000 r--s 00006000 08:01 795047                     /usr/local/hadoop/share/hadoop/common/lib/paranamer-2.3.jar
7f344efd1000-7f344efd3000 r--s 00009000 08:01 795037                     /usr/local/hadoop/share/hadoop/common/lib/hamcrest-core-1.3.jar
7f344efd3000-7f344efd8000 r--s 00036000 08:01 795035                     /usr/local/hadoop/share/hadoop/common/lib/commons-compress-1.4.1.jar
7f344efd8000-7f344efde000 r--s 00028000 08:01 795023                     /usr/local/hadoop/share/hadoop/common/lib/curator-framework-2.6.0.jar
7f344efde000-7f344effb000 r--s 0013e000 08:01 795055                     /usr/local/hadoop/share/hadoop/common/lib/mockito-all-1.8.5.jar
7f344effb000-7f344effd000 r--s 0000f000 08:01 795006                     /usr/local/hadoop/share/hadoop/common/lib/hadoop-auth-2.6.0.jar
7f344effd000-7f344f001000 r--s 0002f000 08:01 795059                     /usr/local/hadoop/share/hadoop/common/lib/commons-beanutils-core-1.8.0.jar
7f344f001000-7f344f003000 r--s 0000d000 08:01 795008                     /usr/local/hadoop/share/hadoop/common/lib/commons-codec-1.4.jar
7f344f003000-7f344f005000 r--s 00004000 08:01 795033                     /usr/local/hadoop/share/hadoop/common/lib/stax-api-1.0-2.jar
7f344f005000-7f344f00f000 r--s 00066000 08:01 795012                     /usr/local/hadoop/share/hadoop/common/lib/jersey-core-1.9.jar
7f344f00f000-7f344f010000 r--s 00006000 08:01 794997                     /usr/local/hadoop/share/hadoop/common/lib/jackson-xc-1.9.13.jar
7f344f010000-7f344f012000 r--s 00018000 08:01 795041                     /usr/local/hadoop/share/hadoop/common/lib/servlet-api-2.5.jar
7f344f012000-7f344f016000 r--s 00035000 08:01 794999                     /usr/local/hadoop/share/hadoop/common/lib/jackson-core-asl-1.9.13.jar
7f344f016000-7f344f019000 r--s 0002b000 08:01 795050                     /usr/local/hadoop/share/hadoop/common/lib/jsch-0.1.42.jar
7f344f019000-7f344f021000 r--s 0007b000 08:01 795051                     /usr/local/hadoop/share/hadoop/common/lib/protobuf-java-2.5.0.jar
7f344f021000-7f344f026000 r--s 00041000 08:01 795022                     /usr/local/hadoop/share/hadoop/common/lib/commons-lang-2.6.jar
7f344f026000-7f344f02a000 r--s 00028000 08:01 795015                     /usr/local/hadoop/share/hadoop/common/lib/jetty-util-6.1.26.jar
7f344f02a000-7f344f02c000 r--s 00005000 08:01 795024                     /usr/local/hadoop/share/hadoop/common/lib/slf4j-api-1.7.5.jar
7f344f02c000-7f344f032000 r--s 00043000 08:01 795056                     /usr/local/hadoop/share/hadoop/common/lib/commons-configuration-1.6.jar
7f344f032000-7f344f039000 r--s 0007d000 08:01 795030                     /usr/local/hadoop/share/hadoop/common/lib/jetty-6.1.26.jar
7f344f039000-7f344f03e000 r--s 0002a000 08:01 795003                     /usr/local/hadoop/share/hadoop/common/lib/commons-beanutils-1.7.0.jar
7f344f03e000-7f344f03f000 r--s 0000a000 08:01 795011                     /usr/local/hadoop/share/hadoop/common/lib/asm-3.2.jar
7f344f03f000-7f344f041000 r--s 00011000 08:01 795031                     /usr/local/hadoop/share/hadoop/common/lib/jasper-runtime-5.5.23.jar
7f344f041000-7f344f047000 r--s 00036000 08:01 795026                     /usr/local/hadoop/share/hadoop/common/lib/junit-4.11.jar
7f344f047000-7f344f048000 r--s 00004000 08:01 795028                     /usr/local/hadoop/share/hadoop/common/lib/jackson-jaxrs-1.9.13.jar
7f344f048000-7f344f05b000 r--s 000c7000 08:01 795052                     /usr/local/hadoop/share/hadoop/common/lib/jaxb-impl-2.2.3-1.jar
7f344f05b000-7f344f062000 r--s 00044000 08:01 795058                     /usr/local/hadoop/share/hadoop/common/lib/avro-1.7.4.jar
7f344f062000-7f344f083000 r--s 00172000 08:01 795025                     /usr/local/hadoop/share/hadoop/common/lib/guava-11.0.2.jar
7f344f083000-7f344f084000 r--s 00000000 08:01 933506                     /usr/local/hadoop/share/hadoop/mapreduce/hadoop-mapreduce-client-hs-plugins-2.6.0.jar
7f344f084000-7f344f08e000 r--s 00072000 08:01 933478                     /usr/local/hadoop/share/hadoop/mapreduce/hadoop-mapreduce-client-app-2.6.0.jar
7f344f08e000-7f344f090000 r--s 00008000 08:01 933474                     /usr/local/hadoop/share/hadoop/mapreduce/hadoop-mapreduce-client-jobclient-2.6.0.jar
7f344f090000-7f344f0a8000 r--s 00159000 08:01 933479                     /usr/local/hadoop/share/hadoop/mapreduce/hadoop-mapreduce-client-core-2.6.0.jar
7f344f0a8000-7f344f0ad000 r--s 00035000 08:01 933477                     /usr/local/hadoop/share/hadoop/mapreduce/hadoop-mapreduce-client-hs-2.6.0.jar
7f344f0ad000-7f344f0b9000 r--s 00097000 08:01 933476                     /usr/local/hadoop/share/hadoop/mapreduce/hadoop-mapreduce-client-common-2.6.0.jar
7f344f0b9000-7f344f0ba000 r--s 0000a000 08:01 933475                     /usr/local/hadoop/share/hadoop/mapreduce/hadoop-mapreduce-client-shuffle-2.6.0.jar
7f344f0ba000-7f344f0c3000 r--s 0006f000 08:01 933503                     /usr/local/hadoop/share/hadoop/mapreduce/lib/log4j-1.2.17.jar
7f344f0c3000-7f344f0c5000 r--s 00003000 08:01 933485                     /usr/local/hadoop/share/hadoop/mapreduce/lib/hadoop-annotations-2.6.0.jar
7f344f0c5000-7f344f0d4000 r--s 0009f000 08:01 933496                     /usr/local/hadoop/share/hadoop/mapreduce/lib/guice-3.0.jar
7f344f0d4000-7f344f0d6000 r--s 000f2000 08:01 933484                     /usr/local/hadoop/share/hadoop/mapreduce/lib/snappy-java-1.0.4.1.jar
7f344f0d6000-7f344f0da000 r--s 00014000 08:01 933501                     /usr/local/hadoop/share/hadoop/mapreduce/lib/xz-1.0.jar
7f344f0da000-7f344f0dc000 r--s 00000000 08:01 933489                     /usr/local/hadoop/share/hadoop/mapreduce/lib/aopalliance-1.0.jar
7f344f0dc000-7f344f0de000 r--s 0000e000 08:01 933504                     /usr/local/hadoop/share/hadoop/mapreduce/lib/guice-servlet-3.0.jar
7f344f0de000-7f344f0f5000 r--s 0010e000 08:01 933482                     /usr/local/hadoop/share/hadoop/mapreduce/lib/netty-3.6.2.Final.jar
7f344f0f5000-7f344f103000 r--s 000b1000 08:01 933498                     /usr/local/hadoop/share/hadoop/mapreduce/lib/jackson-mapper-asl-1.9.13.jar
7f344f103000-7f344f107000 r--s 0002a000 08:01 933497                     /usr/local/hadoop/share/hadoop/mapreduce/lib/commons-io-2.4.jar
7f344f107000-7f344f119000 r--s 0009d000 08:01 933488                     /usr/local/hadoop/share/hadoop/mapreduce/lib/jersey-server-1.9.jar
7f344f119000-7f344f11b000 r--s 00006000 08:01 933499                     /usr/local/hadoop/share/hadoop/mapreduce/lib/paranamer-2.3.jar
7f344f11b000-7f344f11d000 r--s 00009000 08:01 933495                     /usr/local/hadoop/share/hadoop/mapreduce/lib/hamcrest-core-1.3.jar
7f344f11d000-7f344f122000 r--s 00036000 08:01 933493                     /usr/local/hadoop/share/hadoop/mapreduce/lib/commons-compress-1.4.1.jar
7f344f122000-7f344f123000 r--s 00003000 08:01 933490                     /usr/local/hadoop/share/hadoop/mapreduce/lib/jersey-guice-1.9.jar
7f344f123000-7f344f12d000 r--s 00066000 08:01 933487                     /usr/local/hadoop/share/hadoop/mapreduce/lib/jersey-core-1.9.jar
7f344f12d000-7f344f131000 r--s 00035000 08:01 933483                     /usr/local/hadoop/share/hadoop/mapreduce/lib/jackson-core-asl-1.9.13.jar
7f344f131000-7f344f132000 r--s 00000000 08:01 933491                     /usr/local/hadoop/share/hadoop/mapreduce/lib/javax.inject-1.jar
7f344f132000-7f344f13a000 r--s 0007b000 08:01 933500                     /usr/local/hadoop/share/hadoop/mapreduce/lib/protobuf-java-2.5.0.jar
7f344f13a000-7f344f13b000 r--s 0000a000 08:01 933486                     /usr/local/hadoop/share/hadoop/mapreduce/lib/asm-3.2.jar
7f344f13b000-7f344f141000 r--s 00036000 08:01 933492                     /usr/local/hadoop/share/hadoop/mapreduce/lib/junit-4.11.jar
7f344f141000-7f344f144000 r--s 000fd000 08:01 933494                     /usr/local/hadoop/share/hadoop/mapreduce/lib/leveldbjni-all-1.8.jar
7f344f144000-7f344f14b000 r--s 00044000 08:01 933502                     /usr/local/hadoop/share/hadoop/mapreduce/lib/avro-1.7.4.jar
7f344f14b000-7f344f14d000 r--s 00016000 08:01 794617                     /usr/local/hadoop/share/hadoop/hdfs/hadoop-hdfs-nfs-2.6.0.jar
7f344f14d000-7f344f1b2000 r--s 00711000 08:01 794666                     /usr/local/hadoop/share/hadoop/hdfs/hadoop-hdfs-2.6.0.jar
7f344f1b2000-7f344f1b4000 r--s 00006000 08:01 794680                     /usr/local/hadoop/share/hadoop/hdfs/lib/htrace-core-3.0.4.jar
7f344f1b4000-7f344f1b7000 r--s 00006000 08:01 794687                     /usr/local/hadoop/share/hadoop/hdfs/lib/jsr305-1.3.9.jar
7f344f1b7000-7f344f1c0000 r--s 0006f000 08:01 794693                     /usr/local/hadoop/share/hadoop/hdfs/lib/log4j-1.2.17.jar
7f344f1c0000-7f344f1c2000 r--s 0000e000 08:01 794681                     /usr/local/hadoop/share/hadoop/hdfs/lib/commons-logging-1.1.3.jar
7f344f1c2000-7f344f1c4000 r--s 00009000 08:01 794686                     /usr/local/hadoop/share/hadoop/hdfs/lib/commons-cli-1.2.jar
7f344f1c4000-7f344f1c5000 r--s 00003000 08:01 794685                     /usr/local/hadoop/share/hadoop/hdfs/lib/xmlenc-0.52.jar
7f344f1c5000-7f344f1c8000 r--s 00019000 08:01 794689                     /usr/local/hadoop/share/hadoop/hdfs/lib/commons-el-1.0.jar
7f344f1c8000-7f344f1cb000 r--s 00016000 08:01 794692                     /usr/local/hadoop/share/hadoop/hdfs/lib/jsp-api-2.1.jar
7f344f1cb000-7f344f1e2000 r--s 0010e000 08:01 794668                     /usr/local/hadoop/share/hadoop/hdfs/lib/netty-3.6.2.Final.jar
7f344f1e2000-7f344f1fa000 r--s 00115000 08:01 794682                     /usr/local/hadoop/share/hadoop/hdfs/lib/xercesImpl-2.9.1.jar
7f344f1fa000-7f344f208000 r--s 000b1000 08:01 794688                     /usr/local/hadoop/share/hadoop/hdfs/lib/jackson-mapper-asl-1.9.13.jar
7f344f208000-7f344f20c000 r--s 0002a000 08:01 794683                     /usr/local/hadoop/share/hadoop/hdfs/lib/commons-io-2.4.jar
7f344f20c000-7f344f21e000 r--s 0009d000 08:01 794673                     /usr/local/hadoop/share/hadoop/hdfs/lib/jersey-server-1.9.jar
7f344f21e000-7f344f21f000 r--s 00005000 08:01 794691                     /usr/local/hadoop/share/hadoop/hdfs/lib/commons-daemon-1.0.13.jar
7f344f21f000-7f344f227000 r--s 00028000 08:01 794677                     /usr/local/hadoop/share/hadoop/hdfs/lib/xml-apis-1.3.04.jar
7f344f227000-7f344f229000 r--s 0000d000 08:01 794670                     /usr/local/hadoop/share/hadoop/hdfs/lib/commons-codec-1.4.jar
7f344f229000-7f344f233000 r--s 00066000 08:01 794672                     /usr/local/hadoop/share/hadoop/hdfs/lib/jersey-core-1.9.jar
7f344f233000-7f344f235000 r--s 00018000 08:01 794684                     /usr/local/hadoop/share/hadoop/hdfs/lib/servlet-api-2.5.jar
7f344f235000-7f344f239000 r--s 00035000 08:01 794669                     /usr/local/hadoop/share/hadoop/hdfs/lib/jackson-core-asl-1.9.13.jar
7f344f239000-7f344f241000 r--s 0007b000 08:01 794690                     /usr/local/hadoop/share/hadoop/hdfs/lib/protobuf-java-2.5.0.jar
7f344f241000-7f344f246000 r--s 00041000 08:01 794675                     /usr/local/hadoop/share/hadoop/hdfs/lib/commons-lang-2.6.jar
7f344f246000-7f344f24a000 r--s 00028000 08:01 794674                     /usr/local/hadoop/share/hadoop/hdfs/lib/jetty-util-6.1.26.jar
7f344f24a000-7f344f251000 r--s 0007d000 08:01 794678                     /usr/local/hadoop/share/hadoop/hdfs/lib/jetty-6.1.26.jar
7f344f251000-7f344f252000 r--s 0000a000 08:01 794671                     /usr/local/hadoop/share/hadoop/hdfs/lib/asm-3.2.jar
7f344f252000-7f344f254000 r--s 00011000 08:01 794679                     /usr/local/hadoop/share/hadoop/hdfs/lib/jasper-runtime-5.5.23.jar
7f344f254000-7f344f275000 r--s 00172000 08:01 794676                     /usr/local/hadoop/share/hadoop/hdfs/lib/guava-11.0.2.jar
7f344f275000-7f344f289000 r--s 00101000 08:01 795193                     /usr/local/hadoop/share/hadoop/yarn/hadoop-yarn-server-resourcemanager-2.6.0.jar
7f344f289000-7f344f28c000 r--s 00015000 08:01 795201                     /usr/local/hadoop/share/hadoop/yarn/hadoop-yarn-registry-2.6.0.jar
7f344f28c000-7f344f2a7000 r--s 001ae000 08:01 795192                     /usr/local/hadoop/share/hadoop/yarn/hadoop-yarn-api-2.6.0.jar
7f344f2a7000-7f344f2a8000 r--s 00006000 08:01 795198                     /usr/local/hadoop/share/hadoop/yarn/hadoop-yarn-server-web-proxy-2.6.0.jar
7f344f2a8000-7f344f2b5000 r--s 0008f000 08:01 795200                     /usr/local/hadoop/share/hadoop/yarn/hadoop-yarn-server-nodemanager-2.6.0.jar
7f344f2b5000-7f344f2b9000 r--s 00025000 08:01 795197                     /usr/local/hadoop/share/hadoop/yarn/hadoop-yarn-server-applicationhistoryservice-2.6.0.jar
7f344f2b9000-7f344f2bf000 r--s 00041000 08:01 795199                     /usr/local/hadoop/share/hadoop/yarn/hadoop-yarn-server-common-2.6.0.jar
7f344f2bf000-7f344f2c2000 r--s 0001d000 08:01 795196                     /usr/local/hadoop/share/hadoop/yarn/hadoop-yarn-client-2.6.0.jar
7f344f2c2000-7f344f2d9000 r--s 00171000 08:01 795204                     /usr/local/hadoop/share/hadoop/yarn/hadoop-yarn-common-2.6.0.jar
7f344f2d9000-7f344f2db000 r--s 0000a000 08:01 795203                     /usr/local/hadoop/share/hadoop/yarn/hadoop-yarn-applications-distributedshell-2.6.0.jar
7f344f2db000-7f344f2dc000 r--s 00003000 08:01 795245                     /usr/local/hadoop/share/hadoop/yarn/hadoop-yarn-applications-unmanaged-am-launcher-2.6.0.jar
7f344f2dc000-7f344f2e0000 r--s 00021000 08:01 795210                     /usr/local/hadoop/share/hadoop/yarn/lib/jersey-json-1.9.jar
7f344f2e0000-7f344f2e2000 r--s 00014000 08:01 795212                     /usr/local/hadoop/share/hadoop/yarn/lib/jline-0.9.94.jar
7f344f2e2000-7f344f2e5000 r--s 00006000 08:01 795236                     /usr/local/hadoop/share/hadoop/yarn/lib/jsr305-1.3.9.jar
7f344f2e5000-7f344f2ee000 r--s 0006f000 08:01 795242                     /usr/local/hadoop/share/hadoop/yarn/lib/log4j-1.2.17.jar
7f344f2ee000-7f344f2f0000 r--s 0000e000 08:01 795230                     /usr/local/hadoop/share/hadoop/yarn/lib/commons-logging-1.1.3.jar
7f344f2f0000-7f344f2f2000 r--s 0000f000 08:01 795215                     /usr/local/hadoop/share/hadoop/yarn/lib/jettison-1.1.jar
7f344f2f2000-7f344f301000 r--s 0009f000 08:01 795231                     /usr/local/hadoop/share/hadoop/yarn/lib/guice-3.0.jar
7f344f301000-7f344f303000 r--s 00009000 08:01 795235                     /usr/local/hadoop/share/hadoop/yarn/lib/commons-cli-1.2.jar
7f344f303000-7f344f307000 r--s 00014000 08:01 795240                     /usr/local/hadoop/share/hadoop/yarn/lib/xz-1.0.jar
7f344f307000-7f344f31e000 r--s 0010e000 08:01 795207                     /usr/local/hadoop/share/hadoop/yarn/lib/netty-3.6.2.Final.jar
7f344f31e000-7f344f31f000 ---p 00000000 00:00 0 
7f344f31f000-7f344f41f000 rw-p 00000000 00:00 0 
7f344f41f000-7f344f422000 ---p 00000000 00:00 0 
7f344f422000-7f344f520000 rw-p 00000000 00:00 0 
7f344f520000-7f344f523000 ---p 00000000 00:00 0 
7f344f523000-7f344f621000 rw-p 00000000 00:00 0 
7f344f621000-7f344f624000 ---p 00000000 00:00 0 
7f344f624000-7f344f722000 rw-p 00000000 00:00 0 
7f344f722000-7f344f725000 ---p 00000000 00:00 0 
7f344f725000-7f344f823000 rw-p 00000000 00:00 0 
7f344f823000-7f344fafb000 r--p 00000000 08:01 790704                     /usr/lib/locale/locale-archive
7f344fafb000-7f344fafe000 ---p 00000000 00:00 0 
7f344fafe000-7f344fbfc000 rw-p 00000000 00:00 0 
7f344fbfc000-7f344fbff000 ---p 00000000 00:00 0 
7f344fbff000-7f344fcfd000 rw-p 00000000 00:00 0 
7f344fcfd000-7f344fcfe000 ---p 00000000 00:00 0 
7f344fcfe000-7f3450000000 rw-p 00000000 00:00 0 
7f3450000000-7f3450021000 rw-p 00000000 00:00 0 
7f3450021000-7f3454000000 ---p 00000000 00:00 0 
7f3454000000-7f3454006000 r--s 00045000 08:01 795226                     /usr/local/hadoop/share/hadoop/yarn/lib/commons-httpclient-3.1.jar
7f3454006000-7f3454009000 r--s 00017000 08:01 795218                     /usr/local/hadoop/share/hadoop/yarn/lib/jaxb-api-2.2.2.jar
7f3454009000-7f345400b000 r--s 0000e000 08:01 795244                     /usr/local/hadoop/share/hadoop/yarn/lib/activation-1.1.jar
7f345400b000-7f345400d000 r--s 00000000 08:01 795219                     /usr/local/hadoop/share/hadoop/yarn/lib/aopalliance-1.0.jar
7f345400d000-7f345400f000 r--s 0000e000 08:01 795243                     /usr/local/hadoop/share/hadoop/yarn/lib/guice-servlet-3.0.jar
7f345400f000-7f345401b000 r--s 000b6000 08:01 795241                     /usr/local/hadoop/share/hadoop/yarn/lib/zookeeper-3.4.6.jar
7f345401b000-7f3454029000 r--s 000b1000 08:01 795237                     /usr/local/hadoop/share/hadoop/yarn/lib/jackson-mapper-asl-1.9.13.jar
7f3454029000-7f345402d000 r--s 0002a000 08:01 795233                     /usr/local/hadoop/share/hadoop/yarn/lib/commons-io-2.4.jar
7f345402d000-7f345403b000 r--s 0007f000 08:01 795209                     /usr/local/hadoop/share/hadoop/yarn/lib/commons-collections-3.2.1.jar
7f345403b000-7f345404d000 r--s 0009d000 08:01 795216                     /usr/local/hadoop/share/hadoop/yarn/lib/jersey-server-1.9.jar
7f345404d000-7f3454052000 r--s 00036000 08:01 795228                     /usr/local/hadoop/share/hadoop/yarn/lib/commons-compress-1.4.1.jar
7f3454052000-7f3454053000 r--s 00003000 08:01 795222                     /usr/local/hadoop/share/hadoop/yarn/lib/jersey-guice-1.9.jar
7f3454053000-7f3454055000 r--s 0000d000 08:01 795211                     /usr/local/hadoop/share/hadoop/yarn/lib/commons-codec-1.4.jar
7f3454055000-7f3454057000 r--s 00004000 08:01 795227                     /usr/local/hadoop/share/hadoop/yarn/lib/stax-api-1.0-2.jar
7f3454057000-7f3454061000 r--s 00066000 08:01 795214                     /usr/local/hadoop/share/hadoop/yarn/lib/jersey-core-1.9.jar
7f3454061000-7f3454062000 r--s 00006000 08:01 795206                     /usr/local/hadoop/share/hadoop/yarn/lib/jackson-xc-1.9.13.jar
7f3454062000-7f3454064000 r--s 00018000 08:01 795234                     /usr/local/hadoop/share/hadoop/yarn/lib/servlet-api-2.5.jar
7f3454064000-7f3454068000 r--s 00035000 08:01 795208                     /usr/local/hadoop/share/hadoop/yarn/lib/jackson-core-asl-1.9.13.jar
7f3454068000-7f3454069000 r--s 00000000 08:01 795223                     /usr/local/hadoop/share/hadoop/yarn/lib/javax.inject-1.jar
7f3454069000-7f3454071000 r--s 0007b000 08:01 795238                     /usr/local/hadoop/share/hadoop/yarn/lib/protobuf-java-2.5.0.jar
7f3454071000-7f3454076000 r--s 00041000 08:01 795220                     /usr/local/hadoop/share/hadoop/yarn/lib/commons-lang-2.6.jar
7f3454076000-7f345407a000 r--s 00028000 08:01 795217                     /usr/local/hadoop/share/hadoop/yarn/lib/jetty-util-6.1.26.jar
7f345407a000-7f3454081000 r--s 0007d000 08:01 795225                     /usr/local/hadoop/share/hadoop/yarn/lib/jetty-6.1.26.jar
7f3454081000-7f3454082000 r--s 0000a000 08:01 795213                     /usr/local/hadoop/share/hadoop/yarn/lib/asm-3.2.jar
7f3454082000-7f3454085000 r--s 0001d000 08:01 795232                     /usr/local/hadoop/share/hadoop/yarn/lib/jersey-client-1.9.jar
7f3454085000-7f3454098000 r--s 000c7000 08:01 795239                     /usr/local/hadoop/share/hadoop/yarn/lib/jaxb-impl-2.2.3-1.jar
7f3454098000-7f34540b9000 r--s 00172000 08:01 795221                     /usr/local/hadoop/share/hadoop/yarn/lib/guava-11.0.2.jar
7f34540b9000-7f34540c3000 r--s 00116000 08:01 5124                       /usr/lib/jvm/java-8-openjdk-amd64/jre/lib/ext/localedata.jar
7f34540c3000-7f34540de000 r--s 001d6000 08:01 5126                       /usr/lib/jvm/java-8-openjdk-amd64/jre/lib/ext/nashorn.jar
7f34540de000-7f34540f9000 r--s 00394000 08:01 5127                       /usr/lib/jvm/java-8-openjdk-amd64/jre/lib/ext/cldrdata.jar
7f34540f9000-7f3455000000 rw-p 00000000 00:00 0 
7f3455000000-7f3455510000 rwxp 00000000 00:00 0 
7f3455510000-7f3464000000 ---p 00000000 00:00 0 
7f3464000000-7f346546a000 rw-p 00000000 00:00 0 
7f346546a000-7f3468000000 ---p 00000000 00:00 0 
7f3468000000-7f346806f000 rw-p 00000000 00:00 0 
7f346806f000-7f346823e000 r--s 03c33000 08:01 5123                       /usr/lib/jvm/java-8-openjdk-amd64/jre/lib/rt.jar
7f346823e000-7f346a360000 rw-p 00000000 00:00 0 
7f346a360000-7f346a361000 ---p 00000000 00:00 0 
7f346a361000-7f346a461000 rw-p 00000000 00:00 0 
7f346a461000-7f346a462000 ---p 00000000 00:00 0 
7f346a462000-7f346a577000 rw-p 00000000 00:00 0 
7f346a577000-7f346a6aa000 ---p 00000000 00:00 0 
7f346a6aa000-7f346a6bf000 rw-p 00000000 00:00 0 
7f346a6bf000-7f346a7f2000 ---p 00000000 00:00 0 
7f346a7f2000-7f346a817000 rw-p 00000000 00:00 0 
7f346a817000-7f346a896000 ---p 00000000 00:00 0 
7f346a896000-7f346a8ac000 rw-p 00000000 00:00 0 
7f346a8ac000-7f346ac57000 ---p 00000000 00:00 0 
7f346ac57000-7f346ac5f000 r-xp 00000000 08:01 7838                       /usr/lib/jvm/java-8-openjdk-amd64/jre/lib/amd64/libzip.so
7f346ac5f000-7f346ae5e000 ---p 00008000 08:01 7838                       /usr/lib/jvm/java-8-openjdk-amd64/jre/lib/amd64/libzip.so
7f346ae5e000-7f346ae5f000 r--p 00007000 08:01 7838                       /usr/lib/jvm/java-8-openjdk-amd64/jre/lib/amd64/libzip.so
7f346ae5f000-7f346ae60000 rw-p 00008000 08:01 7838                       /usr/lib/jvm/java-8-openjdk-amd64/jre/lib/amd64/libzip.so
7f346ae60000-7f346ae6b000 r-xp 00000000 08:01 406345                     /lib/x86_64-linux-gnu/libnss_files-2.23.so
7f346ae6b000-7f346b06a000 ---p 0000b000 08:01 406345                     /lib/x86_64-linux-gnu/libnss_files-2.23.so
7f346b06a000-7f346b06b000 r--p 0000a000 08:01 406345                     /lib/x86_64-linux-gnu/libnss_files-2.23.so
7f346b06b000-7f346b06c000 rw-p 0000b000 08:01 406345                     /lib/x86_64-linux-gnu/libnss_files-2.23.so
7f346b06c000-7f346b072000 rw-p 00000000 00:00 0 
7f346b072000-7f346b07d000 r-xp 00000000 08:01 413001                     /lib/x86_64-linux-gnu/libnss_nis-2.23.so
7f346b07d000-7f346b27c000 ---p 0000b000 08:01 413001                     /lib/x86_64-linux-gnu/libnss_nis-2.23.so
7f346b27c000-7f346b27d000 r--p 0000a000 08:01 413001                     /lib/x86_64-linux-gnu/libnss_nis-2.23.so
7f346b27d000-7f346b27e000 rw-p 0000b000 08:01 413001                     /lib/x86_64-linux-gnu/libnss_nis-2.23.so
7f346b27e000-7f346b294000 r-xp 00000000 08:01 405907                     /lib/x86_64-linux-gnu/libnsl-2.23.so
7f346b294000-7f346b493000 ---p 00016000 08:01 405907                     /lib/x86_64-linux-gnu/libnsl-2.23.so
7f346b493000-7f346b494000 r--p 00015000 08:01 405907                     /lib/x86_64-linux-gnu/libnsl-2.23.so
7f346b494000-7f346b495000 rw-p 00016000 08:01 405907                     /lib/x86_64-linux-gnu/libnsl-2.23.so
7f346b495000-7f346b497000 rw-p 00000000 00:00 0 
7f346b497000-7f346b49f000 r-xp 00000000 08:01 406237                     /lib/x86_64-linux-gnu/libnss_compat-2.23.so
7f346b49f000-7f346b69e000 ---p 00008000 08:01 406237                     /lib/x86_64-linux-gnu/libnss_compat-2.23.so
7f346b69e000-7f346b69f000 r--p 00007000 08:01 406237                     /lib/x86_64-linux-gnu/libnss_compat-2.23.so
7f346b69f000-7f346b6a0000 rw-p 00008000 08:01 406237                     /lib/x86_64-linux-gnu/libnss_compat-2.23.so
7f346b6a0000-7f346b6cd000 r-xp 00000000 08:01 7843                       /usr/lib/jvm/java-8-openjdk-amd64/jre/lib/amd64/libjava.so
7f346b6cd000-7f346b8cc000 ---p 0002d000 08:01 7843                       /usr/lib/jvm/java-8-openjdk-amd64/jre/lib/amd64/libjava.so
7f346b8cc000-7f346b8cd000 r--p 0002c000 08:01 7843                       /usr/lib/jvm/java-8-openjdk-amd64/jre/lib/amd64/libjava.so
7f346b8cd000-7f346b8cf000 rw-p 0002d000 08:01 7843                       /usr/lib/jvm/java-8-openjdk-amd64/jre/lib/amd64/libjava.so
7f346b8cf000-7f346b8de000 r-xp 00000000 08:01 7824                       /usr/lib/jvm/java-8-openjdk-amd64/jre/lib/amd64/libverify.so
7f346b8de000-7f346badd000 ---p 0000f000 08:01 7824                       /usr/lib/jvm/java-8-openjdk-amd64/jre/lib/amd64/libverify.so
7f346badd000-7f346badf000 r--p 0000e000 08:01 7824                       /usr/lib/jvm/java-8-openjdk-amd64/jre/lib/amd64/libverify.so
7f346badf000-7f346bae0000 rw-p 00010000 08:01 7824                       /usr/lib/jvm/java-8-openjdk-amd64/jre/lib/amd64/libverify.so
7f346bae0000-7f346bae7000 r-xp 00000000 08:01 413002                     /lib/x86_64-linux-gnu/librt-2.23.so
7f346bae7000-7f346bce6000 ---p 00007000 08:01 413002                     /lib/x86_64-linux-gnu/librt-2.23.so
7f346bce6000-7f346bce7000 r--p 00006000 08:01 413002                     /lib/x86_64-linux-gnu/librt-2.23.so
7f346bce7000-7f346bce8000 rw-p 00007000 08:01 413002                     /lib/x86_64-linux-gnu/librt-2.23.so
7f346bce8000-7f346bcfe000 r-xp 00000000 08:01 398714                     /lib/x86_64-linux-gnu/libgcc_s.so.1
7f346bcfe000-7f346befd000 ---p 00016000 08:01 398714                     /lib/x86_64-linux-gnu/libgcc_s.so.1
7f346befd000-7f346befe000 rw-p 00015000 08:01 398714                     /lib/x86_64-linux-gnu/libgcc_s.so.1
7f346befe000-7f346c006000 r-xp 00000000 08:01 405906                     /lib/x86_64-linux-gnu/libm-2.23.so
7f346c006000-7f346c205000 ---p 00108000 08:01 405906                     /lib/x86_64-linux-gnu/libm-2.23.so
7f346c205000-7f346c206000 r--p 00107000 08:01 405906                     /lib/x86_64-linux-gnu/libm-2.23.so
7f346c206000-7f346c207000 rw-p 00108000 08:01 405906                     /lib/x86_64-linux-gnu/libm-2.23.so
7f346c207000-7f346c379000 r-xp 00000000 08:01 788612                     /usr/lib/x86_64-linux-gnu/libstdc++.so.6.0.21
7f346c379000-7f346c579000 ---p 00172000 08:01 788612                     /usr/lib/x86_64-linux-gnu/libstdc++.so.6.0.21
7f346c579000-7f346c583000 r--p 00172000 08:01 788612                     /usr/lib/x86_64-linux-gnu/libstdc++.so.6.0.21
7f346c583000-7f346c585000 rw-p 0017c000 08:01 788612                     /usr/lib/x86_64-linux-gnu/libstdc++.so.6.0.21
7f346c585000-7f346c589000 rw-p 00000000 00:00 0 
7f346c589000-7f346d1ea000 r-xp 00000000 08:01 7818                       /usr/lib/jvm/java-8-openjdk-amd64/jre/lib/amd64/server/libjvm.so
7f346d1ea000-7f346d3ea000 ---p 00c61000 08:01 7818                       /usr/lib/jvm/java-8-openjdk-amd64/jre/lib/amd64/server/libjvm.so
7f346d3ea000-7f346d47e000 r--p 00c61000 08:01 7818                       /usr/lib/jvm/java-8-openjdk-amd64/jre/lib/amd64/server/libjvm.so
7f346d47e000-7f346d4a7000 rw-p 00cf5000 08:01 7818                       /usr/lib/jvm/java-8-openjdk-amd64/jre/lib/amd64/server/libjvm.so
7f346d4a7000-7f346d4d7000 rw-p 00000000 00:00 0 
7f346d4d7000-7f346d4ef000 r-xp 00000000 08:01 405986                     /lib/x86_64-linux-gnu/libpthread-2.23.so
7f346d4ef000-7f346d6ee000 ---p 00018000 08:01 405986                     /lib/x86_64-linux-gnu/libpthread-2.23.so
7f346d6ee000-7f346d6ef000 r--p 00017000 08:01 405986                     /lib/x86_64-linux-gnu/libpthread-2.23.so
7f346d6ef000-7f346d6f0000 rw-p 00018000 08:01 405986                     /lib/x86_64-linux-gnu/libpthread-2.23.so
7f346d6f0000-7f346d6f4000 rw-p 00000000 00:00 0 
7f346d6f4000-7f346d6f7000 r-xp 00000000 08:01 406011                     /lib/x86_64-linux-gnu/libdl-2.23.so
7f346d6f7000-7f346d8f6000 ---p 00003000 08:01 406011                     /lib/x86_64-linux-gnu/libdl-2.23.so
7f346d8f6000-7f346d8f7000 r--p 00002000 08:01 406011                     /lib/x86_64-linux-gnu/libdl-2.23.so
7f346d8f7000-7f346d8f8000 rw-p 00003000 08:01 406011                     /lib/x86_64-linux-gnu/libdl-2.23.so
7f346d8f8000-7f346d911000 r-xp 00000000 08:01 398867                     /lib/x86_64-linux-gnu/libz.so.1.2.8
7f346d911000-7f346db10000 ---p 00019000 08:01 398867                     /lib/x86_64-linux-gnu/libz.so.1.2.8
7f346db10000-7f346db11000 r--p 00018000 08:01 398867                     /lib/x86_64-linux-gnu/libz.so.1.2.8
7f346db11000-7f346db12000 rw-p 00019000 08:01 398867                     /lib/x86_64-linux-gnu/libz.so.1.2.8
7f346db12000-7f346dcd2000 r-xp 00000000 08:01 405996                     /lib/x86_64-linux-gnu/libc-2.23.so
7f346dcd2000-7f346ded2000 ---p 001c0000 08:01 405996                     /lib/x86_64-linux-gnu/libc-2.23.so
7f346ded2000-7f346ded6000 r--p 001c0000 08:01 405996                     /lib/x86_64-linux-gnu/libc-2.23.so
7f346ded6000-7f346ded8000 rw-p 001c4000 08:01 405996                     /lib/x86_64-linux-gnu/libc-2.23.so
7f346ded8000-7f346dedc000 rw-p 00000000 00:00 0 
7f346dedc000-7f346dee9000 r-xp 00000000 08:01 7829                       /usr/lib/jvm/java-8-openjdk-amd64/jre/lib/amd64/jli/libjli.so
7f346dee9000-7f346e0e9000 ---p 0000d000 08:01 7829                       /usr/lib/jvm/java-8-openjdk-amd64/jre/lib/amd64/jli/libjli.so
7f346e0e9000-7f346e0ea000 r--p 0000d000 08:01 7829                       /usr/lib/jvm/java-8-openjdk-amd64/jre/lib/amd64/jli/libjli.so
7f346e0ea000-7f346e0eb000 rw-p 0000e000 08:01 7829                       /usr/lib/jvm/java-8-openjdk-amd64/jre/lib/amd64/jli/libjli.so
7f346e0eb000-7f346e111000 r-xp 00000000 08:01 405923                     /lib/x86_64-linux-gnu/ld-2.23.so
7f346e111000-7f346e112000 r--s 00004000 08:01 795224                     /usr/local/hadoop/share/hadoop/yarn/lib/jackson-jaxrs-1.9.13.jar
7f346e112000-7f346e115000 r--s 000fd000 08:01 795229                     /usr/local/hadoop/share/hadoop/yarn/lib/leveldbjni-all-1.8.jar
7f346e115000-7f346e116000 r--s 00010000 08:01 5132                       /usr/lib/jvm/java-8-openjdk-amd64/jre/lib/ext/zipfs.jar
7f346e116000-7f346e119000 r--s 00038000 08:01 5131                       /usr/lib/jvm/java-8-openjdk-amd64/jre/lib/ext/sunpkcs11.jar
7f346e119000-7f346e11b000 r--s 00008000 08:01 5129                       /usr/lib/jvm/java-8-openjdk-amd64/jre/lib/ext/sunec.jar
7f346e11b000-7f346e1f4000 rw-p 00000000 00:00 0 
7f346e1f4000-7f346e1f7000 ---p 00000000 00:00 0 
7f346e1f7000-7f346e2f9000 rw-p 00000000 00:00 0 
7f346e2f9000-7f346e2fc000 r--s 0000f000 08:01 5125                       /usr/lib/jvm/java-8-openjdk-amd64/jre/lib/ext/icedtea-sound.jar
7f346e2fc000-7f346e302000 r--s 0003b000 08:01 5128                       /usr/lib/jvm/java-8-openjdk-amd64/jre/lib/ext/sunjce_provider.jar
7f346e302000-7f346e304000 r--s 00001000 08:01 7804                       /usr/lib/jvm/java-8-openjdk-amd64/jre/lib/ext/dnsns.jar
7f346e304000-7f346e305000 r--s 0000a000 08:01 5130                       /usr/lib/jvm/java-8-openjdk-amd64/jre/lib/ext/jaccess.jar
7f346e305000-7f346e30d000 rw-s 00000000 08:01 666450                     /tmp/hsperfdata_mac/75401
7f346e30d000-7f346e30e000 rw-p 00000000 00:00 0 
7f346e30e000-7f346e30f000 ---p 00000000 00:00 0 
7f346e30f000-7f346e310000 rw-p 00000000 00:00 0 
7f346e310000-7f346e311000 r--p 00025000 08:01 405923                     /lib/x86_64-linux-gnu/ld-2.23.so
7f346e311000-7f346e312000 rw-p 00026000 08:01 405923                     /lib/x86_64-linux-gnu/ld-2.23.so
7f346e312000-7f346e313000 rw-p 00000000 00:00 0 
7ffc7d16e000-7ffc7d193000 rw-p 00000000 00:00 0                          [stack]
7ffc7d1c6000-7ffc7d1c8000 r--p 00000000 00:00 0                          [vvar]
7ffc7d1c8000-7ffc7d1ca000 r-xp 00000000 00:00 0                          [vdso]
ffffffffff600000-ffffffffff601000 r-xp 00000000 00:00 0                  [vsyscall]

VM Arguments:
jvm_args: -Dfile.encoding=UTF-8 
java_command: HbaseDemo.ModifyData
java_class_path (initial): /home/mac/workspace/MacroDemo/bin:/usr/local/hadoop/share/hadoop/yarn/lib/guava-11.0.2.jar:/usr/local/hadoop/share/hadoop/yarn/lib/leveldbjni-all-1.8.jar:/usr/local/hadoop/share/hadoop/yarn/lib/jaxb-impl-2.2.3-1.jar:/usr/local/hadoop/share/hadoop/yarn/lib/jackson-jaxrs-1.9.13.jar:/usr/local/hadoop/share/hadoop/yarn/lib/jersey-client-1.9.jar:/usr/local/hadoop/share/hadoop/yarn/lib/asm-3.2.jar:/usr/local/hadoop/share/hadoop/yarn/lib/jetty-6.1.26.jar:/usr/local/hadoop/share/hadoop/yarn/lib/jetty-util-6.1.26.jar:/usr/local/hadoop/share/hadoop/yarn/lib/commons-lang-2.6.jar:/usr/local/hadoop/share/hadoop/yarn/lib/protobuf-java-2.5.0.jar:/usr/local/hadoop/share/hadoop/yarn/lib/javax.inject-1.jar:/usr/local/hadoop/share/hadoop/yarn/lib/jackson-core-asl-1.9.13.jar:/usr/local/hadoop/share/hadoop/yarn/lib/servlet-api-2.5.jar:/usr/local/hadoop/share/hadoop/yarn/lib/jackson-xc-1.9.13.jar:/usr/local/hadoop/share/hadoop/yarn/lib/jersey-core-1.9.jar:/usr/local/hadoop/share/hadoop/yarn/lib/stax-api-1.0-2.jar:/usr/local/hadoop/share/hadoop/yarn/lib/commons-codec-1.4.jar:/usr/local/hadoop/share/hadoop/yarn/lib/jersey-guice-1.9.jar:/usr/local/hadoop/share/hadoop/yarn/lib/commons-compress-1.4.1.jar:/usr/local/hadoop/share/hadoop/yarn/lib/jersey-server-1.9.jar:/usr/local/hadoop/share/hadoop/yarn/lib/commons-collections-3.2.1.jar:/usr/local/hadoop/share/hadoop/yarn/lib/commons-io-2.4.jar:/usr/local/hadoop/share/hadoop/yarn/lib/jackson-mapper-asl-1.9.13.jar:/usr/local/hadoop/share/hadoop/yarn/lib/zookeeper-3.4.6.jar:/usr/local/hadoop/share/hadoop/yarn/lib/netty-3.6.2.Final.jar:/usr/local/hadoop/share/hadoop/yarn/lib/guice-servlet-3.0.jar:/usr/local/hadoop/share/hadoop/yarn/lib/aopalliance-1.0.jar:/usr/local/hadoop/share/hadoop/yarn/lib/activation-1.1.jar:/usr/local/hadoop/share/hadoop/yarn/lib/jaxb-api-2.2.2.jar:/usr/local/hadoop/share/hadoop/yarn/lib/commons-httpclient-3.1.jar:/usr/local/hadoop/share/hadoop/yarn/lib/xz-1.0.jar:/usr/local/hadoop/share/hadoop/ya
Launcher Type: SUN_STANDARD

Environment Variables:
PATH=/usr/local/sbin:/usr/local/bin:/usr/sbin:/usr/bin:/sbin:/bin:/usr/games:/usr/local/games:/snap/bin
SHELL=/bin/bash
DISPLAY=:0

Signal Handlers:
SIGSEGV: [libjvm.so+0xa74e00], sa_mask[0]=11111111011111111101111111111110, sa_flags=SA_RESTART|SA_SIGINFO
SIGBUS: [libjvm.so+0xa74e00], sa_mask[0]=11111111011111111101111111111110, sa_flags=SA_RESTART|SA_SIGINFO
SIGFPE: [libjvm.so+0x8bbe10], sa_mask[0]=11111111011111111101111111111110, sa_flags=SA_RESTART|SA_SIGINFO
SIGPIPE: [libjvm.so+0x8bbe10], sa_mask[0]=11111111011111111101111111111110, sa_flags=SA_RESTART|SA_SIGINFO
SIGXFSZ: [libjvm.so+0x8bbe10], sa_mask[0]=11111111011111111101111111111110, sa_flags=SA_RESTART|SA_SIGINFO
SIGILL: [libjvm.so+0x8bbe10], sa_mask[0]=11111111011111111101111111111110, sa_flags=SA_RESTART|SA_SIGINFO
SIGUSR1: SIG_DFL, sa_mask[0]=00000000000000000000000000000000, sa_flags=none
SIGUSR2: [libjvm.so+0x8bbcc0], sa_mask[0]=00100000000000000000000000000000, sa_flags=SA_RESTART|SA_SIGINFO
SIGHUP: [libjvm.so+0x8bc350], sa_mask[0]=11111111011111111101111111111110, sa_flags=SA_RESTART|SA_SIGINFO
SIGINT: [libjvm.so+0x8bc350], sa_mask[0]=11111111011111111101111111111110, sa_flags=SA_RESTART|SA_SIGINFO
SIGTERM: [libjvm.so+0x8bc350], sa_mask[0]=11111111011111111101111111111110, sa_flags=SA_RESTART|SA_SIGINFO
SIGQUIT: [libjvm.so+0x8bc350], sa_mask[0]=11111111011111111101111111111110, sa_flags=SA_RESTART|SA_SIGINFO


---------------  S Y S T E M  ---------------

OS:DISTRIB_ID=Ubuntu
DISTRIB_RELEASE=16.04
DISTRIB_CODENAME=xenial
DISTRIB_DESCRIPTION="Ubuntu 16.04 LTS"

uname:Linux 4.4.0-21-generic #37-Ubuntu SMP Mon Apr 18 18:33:37 UTC 2016 x86_64
libc:glibc 2.23 NPTL 2.23 
rlimit: STACK 8192k, CORE 0k, NPROC 15581, NOFILE 1048576, AS infinity
load average:1.36 0.74 0.40

/proc/meminfo:
MemTotal:        4028944 kB
MemFree:           29516 kB
MemAvailable:      41188 kB
Buffers:             264 kB
Cached:             8076 kB
SwapCached:        33664 kB
Active:          2549280 kB
Inactive:         947796 kB
Active(anon):    2547336 kB
Inactive(anon):   945784 kB
Active(file):       1944 kB
Inactive(file):     2012 kB
Unevictable:          32 kB
Mlocked:              32 kB
SwapTotal:       1046524 kB
SwapFree:              0 kB
Dirty:               296 kB
Writeback:             0 kB
AnonPages:       3455252 kB
Mapped:             6760 kB
Shmem:              4164 kB
Slab:              85732 kB
SReclaimable:      29460 kB
SUnreclaim:        56272 kB
KernelStack:       19072 kB
PageTables:        40752 kB
NFS_Unstable:          0 kB
Bounce:                0 kB
WritebackTmp:          0 kB
CommitLimit:     3060996 kB
Committed_AS:    9411284 kB
VmallocTotal:   34359738367 kB
VmallocUsed:           0 kB
VmallocChunk:          0 kB
HardwareCorrupted:     0 kB
AnonHugePages:   1712128 kB
CmaTotal:              0 kB
CmaFree:               0 kB
HugePages_Total:       0
HugePages_Free:        0
HugePages_Rsvd:        0
HugePages_Surp:        0
Hugepagesize:       2048 kB
DirectMap4k:      192320 kB
DirectMap2M:     4001792 kB
DirectMap1G:     2097152 kB

container (cgroup) information:
container_type: cgroupv1
cpu_cpuset_cpus: 0-1
cpu_memory_nodes: 0
active_processor_count: 2
cpu_quota: -1
cpu_period: 100000
cpu_shares: -1
memory_limit_in_bytes: -1
memory_and_swap_limit_in_bytes: -2
memory_soft_limit_in_bytes: -1
memory_usage_in_bytes: 3578138624
memory_max_usage_in_bytes: 0


CPU:total 2 (initial active 2) (1 cores per cpu, 1 threads per core) family 6 model 69 stepping 1, cmov, cx8, fxsr, mmx, sse, sse2, sse3, ssse3, sse4.1, sse4.2, popcnt, avx, avx2, aes, clmul, erms, lzcnt, tsc, tscinvbit, bmi1, bmi2

/proc/cpuinfo:
processor	: 0
vendor_id	: GenuineIntel
cpu family	: 6
model		: 69
model name	: Intel(R) Core(TM) i5-4258U CPU @ 2.40GHz
stepping	: 1
microcode	: 0x24
cpu MHz		: 2399.134
cache size	: 3072 KB
physical id	: 0
siblings	: 1
core id		: 0
cpu cores	: 1
apicid		: 0
initial apicid	: 0
fpu		: yes
fpu_exception	: yes
cpuid level	: 13
wp		: yes
flags		: fpu vme de pse tsc msr pae mce cx8 apic sep mtrr pge mca cmov pat pse36 clflush dts mmx fxsr sse sse2 ss syscall nx pdpe1gb rdtscp lm constant_tsc arch_perfmon pebs bts nopl xtopology tsc_reliable nonstop_tsc aperfmperf eagerfpu pni pclmulqdq ssse3 fma cx16 pcid sse4_1 sse4_2 x2apic movbe popcnt tsc_deadline_timer aes xsave avx f16c rdrand hypervisor lahf_lm abm epb fsgsbase tsc_adjust bmi1 avx2 smep bmi2 invpcid xsaveopt dtherm ida arat pln pts
bugs		:
bogomips	: 4798.26
clflush size	: 64
cache_alignment	: 64
address sizes	: 42 bits physical, 48 bits virtual
power management:

processor	: 1
vendor_id	: GenuineIntel
cpu family	: 6
model		: 69
model name	: Intel(R) Core(TM) i5-4258U CPU @ 2.40GHz
stepping	: 1
microcode	: 0x24
cpu MHz		: 2399.134
cache size	: 3072 KB
physical id	: 2
siblings	: 1
core id		: 0
cpu cores	: 1
apicid		: 2
initial apicid	: 2
fpu		: yes
fpu_exception	: yes
cpuid level	: 13
wp		: yes
flags		: fpu vme de pse tsc msr pae mce cx8 apic sep mtrr pge mca cmov pat pse36 clflush dts mmx fxsr sse sse2 ss syscall nx pdpe1gb rdtscp lm constant_tsc arch_perfmon pebs bts nopl xtopology tsc_reliable nonstop_tsc aperfmperf eagerfpu pni pclmulqdq ssse3 fma cx16 pcid sse4_1 sse4_2 x2apic movbe popcnt tsc_deadline_timer aes xsave avx f16c rdrand hypervisor lahf_lm abm epb fsgsbase tsc_adjust bmi1 avx2 smep bmi2 invpcid xsaveopt dtherm ida arat pln pts
bugs		:
bogomips	: 4798.26
clflush size	: 64
cache_alignment	: 64
address sizes	: 42 bits physical, 48 bits virtual
power management:



Memory: 4k page, physical 4028944k(30648k free), swap 1046524k(0k free)

vm_info: OpenJDK 64-Bit Server VM (25.191-b12) for linux-amd64 JRE (1.8.0_191-8u191-b12-0ubuntu0.16.04.1-b12), built on Nov 20 2018 15:24:40 by "buildd" with gcc 5.4.0 20160609

time: Tue Jan  1 01:23:15 2019
elapsed time: 14 seconds (0d 0h 0m 14s)

