#
# There is insufficient memory for the Java Runtime Environment to continue.
# Native memory allocation (mmap) failed to map 68157440 bytes for committing reserved memory.
# Possible reasons:
#   The system is out of physical RAM or swap space
#   In 32 bit mode, the process size limit was hit
# Possible solutions:
#   Reduce memory load on the system
#   Increase physical memory or swap space
#   Check if swap backing store is full
#   Use 64 bit Java on a 64 bit OS
#   Decrease Java heap size (-Xmx/-Xms)
#   Decrease number of Java threads
#   Decrease Java thread stack sizes (-Xss)
#   Set larger code cache with -XX:ReservedCodeCacheSize=
# This output file may be truncated or incomplete.
#
#  Out of Memory Error (os_linux.cpp:2746), pid=76086, tid=0x00007fe5f703e700
#
# JRE version: OpenJDK Runtime Environment (8.0_191-b12) (build 1.8.0_191-8u191-b12-0ubuntu0.16.04.1-b12)
# Java VM: OpenJDK 64-Bit Server VM (25.191-b12 mixed mode linux-amd64 compressed oops)
# Failed to write core dump. Core dumps have been disabled. To enable core dumping, try "ulimit -c unlimited" before starting Java again
#

---------------  T H R E A D  ---------------

Current thread (0x00007fe60807c800):  VMThread [stack: 0x00007fe5f6f3e000,0x00007fe5f703f000] [id=76095]

Stack: [0x00007fe5f6f3e000,0x00007fe5f703f000],  sp=0x00007fe5f703d4c0,  free space=1021k
Native frames: (J=compiled Java code, j=interpreted, Vv=VM code, C=native code)
V  [libjvm.so+0xa742ab]
V  [libjvm.so+0x4c8f4c]
V  [libjvm.so+0x8c0db8]
V  [libjvm.so+0x8b83ee]
V  [libjvm.so+0x936686]
V  [libjvm.so+0x9379b3]
V  [libjvm.so+0x93407b]
V  [libjvm.so+0x93432c]
V  [libjvm.so+0x8e5c43]
V  [libjvm.so+0xa75f52]
V  [libjvm.so+0xa7b0f7]
V  [libjvm.so+0xa787f7]
V  [libjvm.so+0xa79c7f]
V  [libjvm.so+0xa7a171]
V  [libjvm.so+0x8be122]

VM_Operation (0x00007fe5f59434e0): ParallelGCFailedAllocation, mode: safepoint, requested by thread 0x00007fe60913b800


---------------  P R O C E S S  ---------------

Java Threads: ( => current thread )
  0x00007fe609139000 JavaThread "main-EventThread" daemon [_thread_blocked, id=76107, stack(0x00007fe5f4d0f000,0x00007fe5f4e10000)]
  0x00007fe60913b800 JavaThread "main-SendThread(localhost:2181)" daemon [_thread_blocked, id=76106, stack(0x00007fe5f5844000,0x00007fe5f5945000)]
  0x00007fe609041800 JavaThread "process reaper" daemon [_thread_blocked, id=76104, stack(0x00007fe5f5945000,0x00007fe5f597e000)]
  0x00007fe6080c2000 JavaThread "Service Thread" daemon [_thread_blocked, id=76101, stack(0x00007fe5f6660000,0x00007fe5f6761000)]
  0x00007fe6080bf000 JavaThread "C1 CompilerThread1" daemon [_thread_blocked, id=76100, stack(0x00007fe5f6761000,0x00007fe5f6862000)]
  0x00007fe6080bc800 JavaThread "C2 CompilerThread0" daemon [_thread_blocked, id=76099, stack(0x00007fe5f6862000,0x00007fe5f6963000)]
  0x00007fe6080ba800 JavaThread "Signal Dispatcher" daemon [_thread_blocked, id=76098, stack(0x00007fe5f6963000,0x00007fe5f6a64000)]
  0x00007fe608088800 JavaThread "Finalizer" daemon [_thread_blocked, id=76097, stack(0x00007fe5f6d3c000,0x00007fe5f6e3d000)]
  0x00007fe608086000 JavaThread "Reference Handler" daemon [_thread_blocked, id=76096, stack(0x00007fe5f6e3d000,0x00007fe5f6f3e000)]
  0x00007fe608013000 JavaThread "main" [_thread_blocked, id=76092, stack(0x00007fe611420000,0x00007fe611521000)]

Other Threads:
=>0x00007fe60807c800 VMThread [stack: 0x00007fe5f6f3e000,0x00007fe5f703f000] [id=76095]
  0x00007fe6080c4800 WatcherThread [stack: 0x00007fe5f655f000,0x00007fe5f6660000] [id=76102]

VM state:at safepoint (normal execution)

VM Mutex/Monitor currently owned by a thread:  ([mutex/lock_event])
[0x00007fe60800f1b0] Threads_lock - owner thread: 0x00007fe60807c800
[0x00007fe60800f6b0] Heap_lock - owner thread: 0x00007fe60913b800

Heap:
 PSYoungGen      total 68096K, used 5090K [0x00000000eb800000, 0x00000000f0000000, 0x0000000100000000)
  eden space 62976K, 0% used [0x00000000eb800000,0x00000000eb800000,0x00000000ef580000)
  from space 5120K, 99% used [0x00000000ef580000,0x00000000efa78a90,0x00000000efa80000)
  to   space 4608K, 0% used [0x00000000efa80000,0x00000000efa80000,0x00000000eff00000)
 ParOldGen       total 42496K, used 8047K [0x00000000c2800000, 0x00000000c5180000, 0x00000000eb800000)
  object space 42496K, 18% used [0x00000000c2800000,0x00000000c2fdbe40,0x00000000c5180000)
 Metaspace       used 19295K, capacity 19466K, committed 19712K, reserved 1067008K
  class space    used 2219K, capacity 2281K, committed 2304K, reserved 1048576K

Card table byte_map: [0x00007fe60d8d6000,0x00007fe60dac3000] byte_map_base: 0x00007fe60d2c2000

Marking Bits: (ParMarkBitMap*) 0x00007fe6106e6520
 Begin Bits: [0x00007fe5f7140000, 0x00007fe5f80a0000)
 End Bits:   [0x00007fe5f80a0000, 0x00007fe5f9000000)

Polling page: 0x00007fe61153a000

CodeCache: size=245760Kb used=4926Kb max_used=4926Kb free=240833Kb
 bounds [0x00007fe5f9000000, 0x00007fe5f94e0000, 0x00007fe608000000]
 total_blobs=1806 nmethods=1369 adapters=351
 compilation: enabled

Compilation events (10 events):
Event: 4.469 Thread 0x00007fe6080bc800 1363       4       org.apache.hadoop.util.StringInterner::weakIntern (19 bytes)
Event: 4.488 Thread 0x00007fe6080bc800 nmethod 1363 0x00007fe5f94cd510 code [0x00007fe5f94cd720, 0x00007fe5f94ce0b8]
Event: 4.488 Thread 0x00007fe6080bc800 1364       4       com.google.common.collect.Interners$CustomInterner::intern (50 bytes)
Event: 4.503 Thread 0x00007fe6080bc800 nmethod 1364 0x00007fe5f94cef10 code [0x00007fe5f94cf120, 0x00007fe5f94cfaf8]
Event: 4.503 Thread 0x00007fe6080bc800 1375       4       java.util.jar.JarFile::maybeInstantiateVerifier (96 bytes)
Event: 4.509 Thread 0x00007fe6080bc800 nmethod 1375 0x00007fe5f94c2a50 code [0x00007fe5f94c2c00, 0x00007fe5f94c3098]
Event: 4.978 Thread 0x00007fe6080bf000 1376       3       org.apache.commons.collections.map.AbstractMapDecorator::get (11 bytes)
Event: 5.029 Thread 0x00007fe6080bf000 nmethod 1376 0x00007fe5f94d1110 code [0x00007fe5f94d1280, 0x00007fe5f94d14a8]
Event: 5.139 Thread 0x00007fe6080bf000 1378  s    3       org.apache.hadoop.conf.Configuration::getProps (131 bytes)
Event: 5.149 Thread 0x00007fe6080bc800 1379   !   4       java.util.zip.ZipFile$ZipFileInputStream::close (110 bytes)

GC Heap History (10 events):
Event: 1.436 GC heap after
Heap after GC invocations=2 (full 0):
 PSYoungGen      total 18432K, used 2550K [0x00000000eb800000, 0x00000000edc00000, 0x0000000100000000)
  eden space 15872K, 0% used [0x00000000eb800000,0x00000000eb800000,0x00000000ec780000)
  from space 2560K, 99% used [0x00000000eca00000,0x00000000ecc7dbe0,0x00000000ecc80000)
  to   space 2560K, 0% used [0x00000000ec780000,0x00000000ec780000,0x00000000eca00000)
 ParOldGen       total 42496K, used 1290K [0x00000000c2800000, 0x00000000c5180000, 0x00000000eb800000)
  object space 42496K, 3% used [0x00000000c2800000,0x00000000c29428d8,0x00000000c5180000)
 Metaspace       used 7711K, capacity 7830K, committed 7936K, reserved 1056768K
  class space    used 902K, capacity 945K, committed 1024K, reserved 1048576K
}
Event: 1.807 GC heap before
{Heap before GC invocations=3 (full 0):
 PSYoungGen      total 18432K, used 18422K [0x00000000eb800000, 0x00000000edc00000, 0x0000000100000000)
  eden space 15872K, 100% used [0x00000000eb800000,0x00000000ec780000,0x00000000ec780000)
  from space 2560K, 99% used [0x00000000eca00000,0x00000000ecc7dbe0,0x00000000ecc80000)
  to   space 2560K, 0% used [0x00000000ec780000,0x00000000ec780000,0x00000000eca00000)
 ParOldGen       total 42496K, used 1290K [0x00000000c2800000, 0x00000000c5180000, 0x00000000eb800000)
  object space 42496K, 3% used [0x00000000c2800000,0x00000000c29428d8,0x00000000c5180000)
 Metaspace       used 9374K, capacity 9570K, committed 9728K, reserved 1058816K
  class space    used 1110K, capacity 1159K, committed 1280K, reserved 1048576K
Event: 1.817 GC heap after
Heap after GC invocations=3 (full 0):
 PSYoungGen      total 18432K, used 2529K [0x00000000eb800000, 0x00000000edc00000, 0x0000000100000000)
  eden space 15872K, 0% used [0x00000000eb800000,0x00000000eb800000,0x00000000ec780000)
  from space 2560K, 98% used [0x00000000ec780000,0x00000000ec9f8580,0x00000000eca00000)
  to   space 2560K, 0% used [0x00000000ed980000,0x00000000ed980000,0x00000000edc00000)
 ParOldGen       total 42496K, used 2029K [0x00000000c2800000, 0x00000000c5180000, 0x00000000eb800000)
  object space 42496K, 4% used [0x00000000c2800000,0x00000000c29fb6d8,0x00000000c5180000)
 Metaspace       used 9374K, capacity 9570K, committed 9728K, reserved 1058816K
  class space    used 1110K, capacity 1159K, committed 1280K, reserved 1048576K
}
Event: 2.077 GC heap before
{Heap before GC invocations=4 (full 0):
 PSYoungGen      total 18432K, used 18401K [0x00000000eb800000, 0x00000000edc00000, 0x0000000100000000)
  eden space 15872K, 100% used [0x00000000eb800000,0x00000000ec780000,0x00000000ec780000)
  from space 2560K, 98% used [0x00000000ec780000,0x00000000ec9f8580,0x00000000eca00000)
  to   space 2560K, 0% used [0x00000000ed980000,0x00000000ed980000,0x00000000edc00000)
 ParOldGen       total 42496K, used 2029K [0x00000000c2800000, 0x00000000c5180000, 0x00000000eb800000)
  object space 42496K, 4% used [0x00000000c2800000,0x00000000c29fb6d8,0x00000000c5180000)
 Metaspace       used 10286K, capacity 10472K, committed 10624K, reserved 1058816K
  class space    used 1215K, capacity 1288K, committed 1408K, reserved 1048576K
Event: 2.090 GC heap after
Heap after GC invocations=4 (full 0):
 PSYoungGen      total 34304K, used 2528K [0x00000000eb800000, 0x00000000edc00000, 0x0000000100000000)
  eden space 31744K, 0% used [0x00000000eb800000,0x00000000eb800000,0x00000000ed700000)
  from space 2560K, 98% used [0x00000000ed980000,0x00000000edbf82a0,0x00000000edc00000)
  to   space 2560K, 0% used [0x00000000ed700000,0x00000000ed700000,0x00000000ed980000)
 ParOldGen       total 42496K, used 3005K [0x00000000c2800000, 0x00000000c5180000, 0x00000000eb800000)
  object space 42496K, 7% used [0x00000000c2800000,0x00000000c2aef738,0x00000000c5180000)
 Metaspace       used 10286K, capacity 10472K, committed 10624K, reserved 1058816K
  class space    used 1215K, capacity 1288K, committed 1408K, reserved 1048576K
}
Event: 2.661 GC heap before
{Heap before GC invocations=5 (full 0):
 PSYoungGen      total 34304K, used 34272K [0x00000000eb800000, 0x00000000edc00000, 0x0000000100000000)
  eden space 31744K, 100% used [0x00000000eb800000,0x00000000ed700000,0x00000000ed700000)
  from space 2560K, 98% used [0x00000000ed980000,0x00000000edbf82a0,0x00000000edc00000)
  to   space 2560K, 0% used [0x00000000ed700000,0x00000000ed700000,0x00000000ed980000)
 ParOldGen       total 42496K, used 3005K [0x00000000c2800000, 0x00000000c5180000, 0x00000000eb800000)
  object space 42496K, 7% used [0x00000000c2800000,0x00000000c2aef738,0x00000000c5180000)
 Metaspace       used 12807K, capacity 13002K, committed 13184K, reserved 1060864K
  class space    used 1489K, capacity 1577K, committed 1664K, reserved 1048576K
Event: 2.673 GC heap after
Heap after GC invocations=5 (full 0):
 PSYoungGen      total 34304K, used 2528K [0x00000000eb800000, 0x00000000eff00000, 0x0000000100000000)
  eden space 31744K, 0% used [0x00000000eb800000,0x00000000eb800000,0x00000000ed700000)
  from space 2560K, 98% used [0x00000000ed700000,0x00000000ed978290,0x00000000ed980000)
  to   space 4608K, 0% used [0x00000000efa80000,0x00000000efa80000,0x00000000eff00000)
 ParOldGen       total 42496K, used 5158K [0x00000000c2800000, 0x00000000c5180000, 0x00000000eb800000)
  object space 42496K, 12% used [0x00000000c2800000,0x00000000c2d09b40,0x00000000c5180000)
 Metaspace       used 12807K, capacity 13002K, committed 13184K, reserved 1060864K
  class space    used 1489K, capacity 1577K, committed 1664K, reserved 1048576K
}
Event: 3.170 GC heap before
{Heap before GC invocations=6 (full 0):
 PSYoungGen      total 34304K, used 34272K [0x00000000eb800000, 0x00000000eff00000, 0x0000000100000000)
  eden space 31744K, 100% used [0x00000000eb800000,0x00000000ed700000,0x00000000ed700000)
  from space 2560K, 98% used [0x00000000ed700000,0x00000000ed978290,0x00000000ed980000)
  to   space 4608K, 0% used [0x00000000efa80000,0x00000000efa80000,0x00000000eff00000)
 ParOldGen       total 42496K, used 5158K [0x00000000c2800000, 0x00000000c5180000, 0x00000000eb800000)
  object space 42496K, 12% used [0x00000000c2800000,0x00000000c2d09b40,0x00000000c5180000)
 Metaspace       used 15014K, capacity 15210K, committed 15488K, reserved 1062912K
  class space    used 1714K, capacity 1801K, committed 1920K, reserved 1048576K
Event: 3.200 GC heap after
Heap after GC invocations=6 (full 0):
 PSYoungGen      total 67584K, used 4586K [0x00000000eb800000, 0x00000000f0000000, 0x0000000100000000)
  eden space 62976K, 0% used [0x00000000eb800000,0x00000000eb800000,0x00000000ef580000)
  from space 4608K, 99% used [0x00000000efa80000,0x00000000efefa910,0x00000000eff00000)
  to   space 5120K, 0% used [0x00000000ef580000,0x00000000ef580000,0x00000000efa80000)
 ParOldGen       total 42496K, used 5617K [0x00000000c2800000, 0x00000000c5180000, 0x00000000eb800000)
  object space 42496K, 13% used [0x00000000c2800000,0x00000000c2d7c6d0,0x00000000c5180000)
 Metaspace       used 15014K, capacity 15210K, committed 15488K, reserved 1062912K
  class space    used 1714K, capacity 1801K, committed 1920K, reserved 1048576K
}
Event: 5.193 GC heap before
{Heap before GC invocations=7 (full 0):
 PSYoungGen      total 67584K, used 67562K [0x00000000eb800000, 0x00000000f0000000, 0x0000000100000000)
  eden space 62976K, 100% used [0x00000000eb800000,0x00000000ef580000,0x00000000ef580000)
  from space 4608K, 99% used [0x00000000efa80000,0x00000000efefa910,0x00000000eff00000)
  to   space 5120K, 0% used [0x00000000ef580000,0x00000000ef580000,0x00000000efa80000)
 ParOldGen       total 42496K, used 5617K [0x00000000c2800000, 0x00000000c5180000, 0x00000000eb800000)
  object space 42496K, 13% used [0x00000000c2800000,0x00000000c2d7c6d0,0x00000000c5180000)
 Metaspace       used 19295K, capacity 19466K, committed 19712K, reserved 1067008K
  class space    used 2219K, capacity 2281K, committed 2304K, reserved 1048576K

Deoptimization events (10 events):
Event: 0.347 Thread 0x00007fe608013000 Uncommon trap: reason=unstable_if action=reinterpret pc=0x00007fe5f9114504 method=java.lang.String.indexOf(II)I @ 49
Event: 0.745 Thread 0x00007fe608013000 Uncommon trap: reason=unstable_if action=reinterpret pc=0x00007fe5f918783c method=java.lang.String.indexOf([CII[CIII)I @ 134
Event: 0.927 Thread 0x00007fe608013000 Uncommon trap: reason=unstable_if action=reinterpret pc=0x00007fe5f91d36e8 method=java.lang.AbstractStringBuilder.append(Ljava/lang/String;)Ljava/lang/AbstractStringBuilder; @ 1
Event: 1.254 Thread 0x00007fe608013000 Uncommon trap: reason=unstable_if action=reinterpret pc=0x00007fe5f924fb4c method=org.apache.xerces.impl.XMLEntityScanner.scanContent(Lorg/apache/xerces/xni/XMLString;)I @ 461
Event: 1.872 Thread 0x00007fe608013000 Uncommon trap: reason=class_check action=maybe_recompile pc=0x00007fe5f936d7c8 method=java.util.HashMap.putVal(ILjava/lang/Object;Ljava/lang/Object;ZZ)Ljava/lang/Object; @ 253
Event: 1.883 Thread 0x00007fe608013000 Uncommon trap: reason=class_check action=maybe_recompile pc=0x00007fe5f936d7c8 method=java.util.HashMap.putVal(ILjava/lang/Object;Ljava/lang/Object;ZZ)Ljava/lang/Object; @ 253
Event: 1.884 Thread 0x00007fe608013000 Uncommon trap: reason=unstable_if action=reinterpret pc=0x00007fe5f9397428 method=java.util.HashMap.getNode(ILjava/lang/Object;)Ljava/util/HashMap$Node; @ 129
Event: 1.884 Thread 0x00007fe608013000 Uncommon trap: reason=class_check action=maybe_recompile pc=0x00007fe5f936d88c method=java.util.HashMap.putVal(ILjava/lang/Object;Ljava/lang/Object;ZZ)Ljava/lang/Object; @ 203
Event: 1.904 Thread 0x00007fe608013000 Uncommon trap: reason=class_check action=maybe_recompile pc=0x00007fe5f936d7c8 method=java.util.HashMap.putVal(ILjava/lang/Object;Ljava/lang/Object;ZZ)Ljava/lang/Object; @ 253
Event: 2.638 Thread 0x00007fe608013000 Uncommon trap: reason=unstable_if action=reinterpret pc=0x00007fe5f916f230 method=java.io.UnixFileSystem.normalize(Ljava/lang/String;)Ljava/lang/String; @ 34

Classes redefined (0 events):
No events

Internal exceptions (10 events):
Event: 0.914 Thread 0x00007fe608013000 Exception <a 'java/lang/ClassNotFoundException': org/apache/log4j/AppenderSkeletonBeanInfo> (0x00000000ec257190) thrown at [/build/openjdk-8-yxDDQ4/openjdk-8-8u191-b12/src/hotspot/src/share/vm/classfile/systemDictionary.cpp, line 210]
Event: 0.915 Thread 0x00007fe608013000 Exception <a 'java/lang/ClassNotFoundException': org/apache/log4j/AppenderSkeletonCustomizer> (0x00000000ec290200) thrown at [/build/openjdk-8-yxDDQ4/openjdk-8-8u191-b12/src/hotspot/src/share/vm/classfile/systemDictionary.cpp, line 210]
Event: 0.917 Thread 0x00007fe608013000 Exception <a 'java/lang/ClassNotFoundException': org/apache/log4j/WriterAppenderCustomizer> (0x00000000ec2db098) thrown at [/build/openjdk-8-yxDDQ4/openjdk-8-8u191-b12/src/hotspot/src/share/vm/classfile/systemDictionary.cpp, line 210]
Event: 0.920 Thread 0x00007fe608013000 Exception <a 'java/lang/ClassNotFoundException': org/apache/log4j/ConsoleAppenderCustomizer> (0x00000000ec31d1b0) thrown at [/build/openjdk-8-yxDDQ4/openjdk-8-8u191-b12/src/hotspot/src/share/vm/classfile/systemDictionary.cpp, line 210]
Event: 0.927 Thread 0x00007fe608013000 Implicit null exception at 0x00007fe5f91d32f6 to 0x00007fe5f91d36d1
Event: 1.618 Thread 0x00007fe608013000 Exception <a 'java/lang/NoSuchFieldError': method resolution failed> (0x00000000ec01b810) thrown at [/build/openjdk-8-yxDDQ4/openjdk-8-8u191-b12/src/hotspot/src/share/vm/prims/methodHandles.cpp, line 1167]
Event: 1.626 Thread 0x00007fe608013000 Exception <a 'java/lang/NoSuchFieldError': method resolution failed> (0x00000000ec028ed0) thrown at [/build/openjdk-8-yxDDQ4/openjdk-8-8u191-b12/src/hotspot/src/share/vm/prims/methodHandles.cpp, line 1167]
Event: 2.014 Thread 0x00007fe608013000 Exception <a 'java/io/FileNotFoundException'> (0x00000000ec5cb548) thrown at [/build/openjdk-8-yxDDQ4/openjdk-8-8u191-b12/src/hotspot/src/share/vm/prims/jni.cpp, line 709]
Event: 2.014 Thread 0x00007fe608013000 Exception <a 'java/security/PrivilegedActionException'> (0x00000000ec5cb9b0) thrown at [/build/openjdk-8-yxDDQ4/openjdk-8-8u191-b12/src/hotspot/src/share/vm/prims/jvm.cpp, line 1435]
Event: 2.014 Thread 0x00007fe608013000 Exception <a 'java/lang/reflect/InvocationTargetException'> (0x00000000ec5cda80) thrown at [/build/openjdk-8-yxDDQ4/openjdk-8-8u191-b12/src/hotspot/src/share/vm/runtime/reflection.cpp, line 1092]

Events (10 events):
Event: 5.152 loading class org/apache/hadoop/hbase/NotAllMetaRegionsOnlineException done
Event: 5.153 loading class org/apache/hadoop/hbase/ipc/ServerNotRunningYetException
Event: 5.153 loading class org/apache/hadoop/hbase/ipc/ServerNotRunningYetException done
Event: 5.155 loading class org/apache/hadoop/hbase/ipc/FailedServerException
Event: 5.155 loading class org/apache/hadoop/hbase/ipc/FailedServerException done
Event: 5.158 loading class org/apache/zookeeper/proto/GetChildrenRequest
Event: 5.158 loading class org/apache/zookeeper/proto/GetChildrenRequest done
Event: 5.172 loading class org/apache/zookeeper/proto/GetChildrenResponse
Event: 5.172 loading class org/apache/zookeeper/proto/GetChildrenResponse done
Event: 5.187 Executing VM operation: ParallelGCFailedAllocation


Dynamic libraries:
00400000-00401000 r-xp 00000000 08:01 5099                               /usr/lib/jvm/java-8-openjdk-amd64/jre/bin/java
00600000-00601000 r--p 00000000 08:01 5099                               /usr/lib/jvm/java-8-openjdk-amd64/jre/bin/java
00601000-00602000 rw-p 00001000 08:01 5099                               /usr/lib/jvm/java-8-openjdk-amd64/jre/bin/java
006b2000-006d3000 rw-p 00000000 00:00 0                                  [heap]
c2800000-c5180000 rw-p 00000000 00:00 0 
c5180000-eb800000 ---p 00000000 00:00 0 
eb800000-f0000000 rw-p 00000000 00:00 0 
f4100000-100000000 ---p 00000000 00:00 0 
100000000-100240000 rw-p 00000000 00:00 0 
100240000-140000000 ---p 00000000 00:00 0 
7fe5bc000000-7fe5bc021000 rw-p 00000000 00:00 0 
7fe5bc021000-7fe5c0000000 ---p 00000000 00:00 0 
7fe5c0000000-7fe5c0023000 rw-p 00000000 00:00 0 
7fe5c0023000-7fe5c4000000 ---p 00000000 00:00 0 
7fe5c4fff000-7fe5c8000000 rw-p 00000000 00:00 0 
7fe5c8000000-7fe5c8021000 rw-p 00000000 00:00 0 
7fe5c8021000-7fe5cc000000 ---p 00000000 00:00 0 
7fe5cc000000-7fe5cc021000 rw-p 00000000 00:00 0 
7fe5cc021000-7fe5d0000000 ---p 00000000 00:00 0 
7fe5d0000000-7fe5d02aa000 rw-p 00000000 00:00 0 
7fe5d02aa000-7fe5d4000000 ---p 00000000 00:00 0 
7fe5d4000000-7fe5d4021000 rw-p 00000000 00:00 0 
7fe5d4021000-7fe5d8000000 ---p 00000000 00:00 0 
7fe5d8000000-7fe5d8021000 rw-p 00000000 00:00 0 
7fe5d8021000-7fe5dc000000 ---p 00000000 00:00 0 
7fe5dc000000-7fe5dc6d8000 rw-p 00000000 00:00 0 
7fe5dc6d8000-7fe5e0000000 ---p 00000000 00:00 0 
7fe5e0000000-7fe5e0021000 rw-p 00000000 00:00 0 
7fe5e0021000-7fe5e4000000 ---p 00000000 00:00 0 
7fe5e4000000-7fe5e4021000 rw-p 00000000 00:00 0 
7fe5e4021000-7fe5e8000000 ---p 00000000 00:00 0 
7fe5e8000000-7fe5e8021000 rw-p 00000000 00:00 0 
7fe5e8021000-7fe5ec000000 ---p 00000000 00:00 0 
7fe5ec000000-7fe5ec021000 rw-p 00000000 00:00 0 
7fe5ec021000-7fe5f0000000 ---p 00000000 00:00 0 
7fe5f0000000-7fe5f0021000 rw-p 00000000 00:00 0 
7fe5f0021000-7fe5f4000000 ---p 00000000 00:00 0 
7fe5f470f000-7fe5f480f000 rw-p 00000000 00:00 0 
7fe5f480f000-7fe5f490f000 ---p 00000000 00:00 0 
7fe5f490f000-7fe5f4b0f000 rw-p 00000000 00:00 0 
7fe5f4b0f000-7fe5f4d0f000 rw-p 00000000 00:00 0 
7fe5f4d0f000-7fe5f4d12000 ---p 00000000 00:00 0 
7fe5f4d12000-7fe5f4e10000 rw-p 00000000 00:00 0 
7fe5f4e10000-7fe5f4e22000 r-xp 00000000 08:01 7839                       /usr/lib/jvm/java-8-openjdk-amd64/jre/lib/amd64/libnio.so
7fe5f4e22000-7fe5f5021000 ---p 00012000 08:01 7839                       /usr/lib/jvm/java-8-openjdk-amd64/jre/lib/amd64/libnio.so
7fe5f5021000-7fe5f5022000 r--p 00011000 08:01 7839                       /usr/lib/jvm/java-8-openjdk-amd64/jre/lib/amd64/libnio.so
7fe5f5022000-7fe5f5023000 rw-p 00012000 08:01 7839                       /usr/lib/jvm/java-8-openjdk-amd64/jre/lib/amd64/libnio.so
7fe5f5023000-7fe5f5223000 rw-p 00000000 00:00 0 
7fe5f5223000-7fe5f5228000 r--s 000a0000 08:01 7861                       /usr/lib/jvm/java-8-openjdk-amd64/jre/lib/jsse.jar
7fe5f5228000-7fe5f523f000 r-xp 00000000 08:01 7842                       /usr/lib/jvm/java-8-openjdk-amd64/jre/lib/amd64/libnet.so
7fe5f523f000-7fe5f543e000 ---p 00017000 08:01 7842                       /usr/lib/jvm/java-8-openjdk-amd64/jre/lib/amd64/libnet.so
7fe5f543e000-7fe5f543f000 r--p 00016000 08:01 7842                       /usr/lib/jvm/java-8-openjdk-amd64/jre/lib/amd64/libnet.so
7fe5f543f000-7fe5f5440000 rw-p 00017000 08:01 7842                       /usr/lib/jvm/java-8-openjdk-amd64/jre/lib/amd64/libnet.so
7fe5f5440000-7fe5f5442000 r--s 00016000 08:01 7844                       /usr/lib/jvm/java-8-openjdk-amd64/jre/lib/jce.jar
7fe5f5442000-7fe5f5443000 r-xp 00000000 08:01 7825                       /usr/lib/jvm/java-8-openjdk-amd64/jre/lib/amd64/libjaas_unix.so
7fe5f5443000-7fe5f5642000 ---p 00001000 08:01 7825                       /usr/lib/jvm/java-8-openjdk-amd64/jre/lib/amd64/libjaas_unix.so
7fe5f5642000-7fe5f5643000 r--p 00000000 08:01 7825                       /usr/lib/jvm/java-8-openjdk-amd64/jre/lib/amd64/libjaas_unix.so
7fe5f5643000-7fe5f5644000 rw-p 00001000 08:01 7825                       /usr/lib/jvm/java-8-openjdk-amd64/jre/lib/amd64/libjaas_unix.so
7fe5f5644000-7fe5f5844000 rw-p 00000000 00:00 0 
7fe5f5844000-7fe5f5847000 ---p 00000000 00:00 0 
7fe5f5847000-7fe5f5945000 rw-p 00000000 00:00 0 
7fe5f5945000-7fe5f5948000 ---p 00000000 00:00 0 
7fe5f5948000-7fe5f597e000 rw-p 00000000 00:00 0 
7fe5f597e000-7fe5f5987000 r-xp 00000000 08:01 7827                       /usr/lib/jvm/java-8-openjdk-amd64/jre/lib/amd64/libmanagement.so
7fe5f5987000-7fe5f5b86000 ---p 00009000 08:01 7827                       /usr/lib/jvm/java-8-openjdk-amd64/jre/lib/amd64/libmanagement.so
7fe5f5b86000-7fe5f5b87000 r--p 00008000 08:01 7827                       /usr/lib/jvm/java-8-openjdk-amd64/jre/lib/amd64/libmanagement.so
7fe5f5b87000-7fe5f5b88000 rw-p 00009000 08:01 7827                       /usr/lib/jvm/java-8-openjdk-amd64/jre/lib/amd64/libmanagement.so
7fe5f5b88000-7fe5f5b8b000 r--s 00024000 08:01 407535                     /home/mac/Macro/json-lib-2.4-jdk15.jar
7fe5f5b8b000-7fe5f5b8e000 r--s 00011000 08:01 407534                     /home/mac/Macro/ezmorph-1.0.3.jar
7fe5f5b8e000-7fe5f5b90000 r--s 00008000 08:01 407533                     /home/mac/Macro/commons-logging-1.0.4.jar
7fe5f5b90000-7fe5f5b94000 r--s 00038000 08:01 407532                     /home/mac/Macro/commons-lang-2.3.jar
7fe5f5b94000-7fe5f5b9a000 r--s 00045000 08:01 407531                     /home/mac/Macro/commons-httpclient-3.1.jar
7fe5f5b9a000-7fe5f5ba7000 r--s 0007c000 08:01 407530                     /home/mac/Macro/commons-collections-3.1.jar
7fe5f5ba7000-7fe5f5bac000 r--s 0002a000 08:01 407529                     /home/mac/Macro/commons-beanutils-1.7.0.jar
7fe5f5bac000-7fe5f5bb8000 r--s 000b6000 08:01 821329                     /usr/local/hbase/lib/zookeeper-3.4.6.jar
7fe5f5bb8000-7fe5f5bbc000 r--s 00014000 08:01 821322                     /usr/local/hbase/lib/xz-1.0.jar
7fe5f5bbc000-7fe5f5bbd000 r--s 00003000 08:01 821289                     /usr/local/hbase/lib/xmlenc-0.52.jar
7fe5f5bbd000-7fe5f5bc5000 r--s 0006b000 08:01 821364                     /usr/local/hbase/lib/spymemcached-2.11.6.jar
7fe5f5bc5000-7fe5f5bc7000 r--s 000f2000 08:01 821320                     /usr/local/hbase/lib/snappy-java-1.0.4.1.jar
7fe5f5bc7000-7fe5f5bc9000 r--s 00001000 08:01 821317                     /usr/local/hbase/lib/slf4j-log4j12-1.7.5.jar
7fe5f5bc9000-7fe5f5bcb000 r--s 00006000 08:01 821316                     /usr/local/hbase/lib/slf4j-api-1.7.7.jar
7fe5f5bcb000-7fe5f5bce000 r--s 0001e000 08:01 821348                     /usr/local/hbase/lib/servlet-api-2.5-6.1.14.jar
7fe5f5bce000-7fe5f5bd0000 r--s 00018000 08:01 821333                     /usr/local/hbase/lib/servlet-api-2.5.jar
7fe5f5bd0000-7fe5f5bd8000 r--s 0007b000 08:01 821276                     /usr/local/hbase/lib/protobuf-java-2.5.0.jar
7fe5f5bd8000-7fe5f5bda000 r--s 00006000 08:01 821319                     /usr/local/hbase/lib/paranamer-2.3.jar
7fe5f5bda000-7fe5f5bf7000 r--s 00196000 08:01 821339                     /usr/local/hbase/lib/netty-all-4.0.23.Final.jar
7fe5f5bf7000-7fe5f5bfa000 r--s 00012000 08:01 821342                     /usr/local/hbase/lib/metrics-core-2.2.0.jar
7fe5f5bfa000-7fe5f5c03000 r--s 0006f000 08:01 821274                     /usr/local/hbase/lib/log4j-1.2.17.jar
7fe5f5c03000-7fe5f5c09000 r--s 00034000 08:01 821362                     /usr/local/hbase/lib/libthrift-0.9.3.jar
7fe5f5c09000-7fe5f5c0c000 r--s 000fd000 08:01 821358                     /usr/local/hbase/lib/leveldbjni-all-1.8.jar
7fe5f5c0c000-7fe5f5c14000 r--s 00045000 08:01 821275                     /usr/local/hbase/lib/junit-4.12.jar
7fe5f5c14000-7fe5f5c17000 r--s 0001e000 08:01 821347                     /usr/local/hbase/lib/jsp-api-2.1-6.1.14.jar
7fe5f5c17000-7fe5f5c28000 r--s 000ea000 08:01 821346                     /usr/local/hbase/lib/jsp-2.1-6.1.14.jar
7fe5f5c28000-7fe5f5c2b000 r--s 0002b000 08:01 821328                     /usr/local/hbase/lib/jsch-0.1.42.jar
7fe5f5c2b000-7fe5f5c54000 rw-p 00000000 00:00 0 
7fe5f5c54000-7fe5f5d40000 r--s 00c46000 08:01 821363                     /usr/local/hbase/lib/jruby-complete-1.6.8.jar
7fe5f5d40000-7fe5f5d43000 r--s 0002b000 08:01 821341                     /usr/local/hbase/lib/joni-2.1.2.jar
7fe5f5d43000-7fe5f5d47000 r--s 00028000 08:01 821283                     /usr/local/hbase/lib/jetty-util-6.1.26.jar
7fe5f5d47000-7fe5f5d48000 r--s 00004000 08:01 821345                     /usr/local/hbase/lib/jetty-sslengine-6.1.26.jar
7fe5f5d48000-7fe5f5d4f000 r--s 0007d000 08:01 821292                     /usr/local/hbase/lib/jetty-6.1.26.jar
7fe5f5d4f000-7fe5f5d51000 r--s 00012000 08:01 821295                     /usr/local/hbase/lib/jettison-1.3.3.jar
7fe5f5d51000-7fe5f5d5a000 r--s 0007b000 08:01 821308                     /usr/local/hbase/lib/jets3t-0.9.0.jar
7fe5f5d5a000-7fe5f5d6c000 r--s 0009d000 08:01 821303                     /usr/local/hbase/lib/jersey-server-1.9.jar
7fe5f5d6c000-7fe5f5d70000 r--s 00021000 08:01 821294                     /usr/local/hbase/lib/jersey-json-1.9.jar
7fe5f5d70000-7fe5f5d71000 r--s 00003000 08:01 821338                     /usr/local/hbase/lib/jersey-guice-1.9.jar
7fe5f5d71000-7fe5f5d7b000 r--s 00066000 08:01 821293                     /usr/local/hbase/lib/jersey-core-1.9.jar
7fe5f5d7b000-7fe5f5d7e000 r--s 0001d000 08:01 821356                     /usr/local/hbase/lib/jersey-client-1.9.jar
7fe5f5d7e000-7fe5f5d87000 r--s 00133000 08:01 821340                     /usr/local/hbase/lib/jcodings-1.0.8.jar
7fe5f5d87000-7fe5f5d9a000 r--s 000c7000 08:01 821296                     /usr/local/hbase/lib/jaxb-impl-2.2.3-1.jar
7fe5f5d9a000-7fe5f5d9d000 r--s 00017000 08:01 821297                     /usr/local/hbase/lib/jaxb-api-2.2.2.jar
7fe5f5d9d000-7fe5f5d9e000 r--s 00004000 08:01 821311                     /usr/local/hbase/lib/java-xmlbuilder-0.4.jar
7fe5f5d9e000-7fe5f5d9f000 r--s 00000000 08:01 821336                     /usr/local/hbase/lib/javax.inject-1.jar
7fe5f5d9f000-7fe5f5da1000 r--s 00011000 08:01 821306                     /usr/local/hbase/lib/jasper-runtime-5.5.23.jar
7fe5f5da1000-7fe5f5da6000 r--s 0005f000 08:01 821305                     /usr/local/hbase/lib/jasper-compiler-5.5.23.jar
7fe5f5da6000-7fe5f5da7000 r--s 00005000 08:01 821349                     /usr/local/hbase/lib/jamon-runtime-2.4.1.jar
7fe5f5da7000-7fe5f5da8000 r--s 00006000 08:01 821302                     /usr/local/hbase/lib/jackson-xc-1.9.13.jar
7fe5f5da8000-7fe5f5db6000 r--s 000b1000 08:01 821300                     /usr/local/hbase/lib/jackson-mapper-asl-1.9.13.jar
7fe5f5db6000-7fe5f5db7000 r--s 00004000 08:01 821301                     /usr/local/hbase/lib/jackson-jaxrs-1.9.13.jar
7fe5f5db7000-7fe5f5dbb000 r--s 00035000 08:01 821299                     /usr/local/hbase/lib/jackson-core-asl-1.9.13.jar
7fe5f5dbb000-7fe5f5dc2000 r--s 00048000 08:01 821310                     /usr/local/hbase/lib/httpcore-4.4.1.jar
7fe5f5dc2000-7fe5f5dcb000 r--s 00061000 08:01 821309                     /usr/local/hbase/lib/httpclient-4.2.5.jar
7fe5f5dcb000-7fe5f5de4000 r--s 00150000 08:01 821284                     /usr/local/hbase/lib/htrace-core-3.1.0-incubating.jar
7fe5f5de4000-7fe5f5e11000 r--s 0027a000 08:01 821267                     /usr/local/hbase/lib/hbase-thrift-1.2.3.jar
7fe5f5e11000-7fe5f5e13000 r--s 00002000 08:01 821269                     /usr/local/hbase/lib/hbase-shell-1.2.3.jar
7fe5f5e13000-7fe5f5e56000 r--s 006e4000 08:01 821254                     /usr/local/hbase/lib/hbase-server-1.2.3-tests.jar
7fe5f5e56000-7fe5f5e8b000 r--s 003c2000 08:01 821266                     /usr/local/hbase/lib/hbase-server-1.2.3.jar
7fe5f5e8b000-7fe5f5e92000 r--s 00063000 08:01 821268                     /usr/local/hbase/lib/hbase-rest-1.2.3.jar
7fe5f5e92000-7fe5f5e94000 r--s 0000c000 08:01 821344                     /usr/local/hbase/lib/hbase-resource-bundle-1.2.3.jar
7fe5f5e94000-7fe5f5ecd000 r--s 003f4000 08:01 821259                     /usr/local/hbase/lib/hbase-protocol-1.2.3.jar
7fe5f5ecd000-7fe5f5ed0000 r--s 0001b000 08:01 821261                     /usr/local/hbase/lib/hbase-procedure-1.2.3.jar
7fe5f5ed0000-7fe5f5ed2000 r--s 00017000 08:01 821265                     /usr/local/hbase/lib/hbase-prefix-tree-1.2.3.jar
7fe5f5ed2000-7fe5f5eda000 r--s 002ab000 08:01 821255                     /usr/local/hbase/lib/hbase-it-1.2.3-tests.jar
7fe5f5eda000-7fe5f5edc000 r--s 00002000 08:01 821270                     /usr/local/hbase/lib/hbase-it-1.2.3.jar
7fe5f5edc000-7fe5f5ede000 r--s 00007000 08:01 821263                     /usr/local/hbase/lib/hbase-hadoop-compat-1.2.3.jar
7fe5f5ede000-7fe5f5ee2000 r--s 00015000 08:01 821264                     /usr/local/hbase/lib/hbase-hadoop2-compat-1.2.3.jar
7fe5f5ee2000-7fe5f5ee3000 r--s 00004000 08:01 821272                     /usr/local/hbase/lib/hbase-external-blockcache-1.2.3.jar
7fe5f5ee3000-7fe5f5ee7000 r--s 0001d000 08:01 821271                     /usr/local/hbase/lib/hbase-examples-1.2.3.jar
7fe5f5ee7000-7fe5f5eeb000 r--s 00034000 08:01 821257                     /usr/local/hbase/lib/hbase-common-1.2.3-tests.jar
7fe5f5eeb000-7fe5f5ef4000 r--s 00085000 08:01 821260                     /usr/local/hbase/lib/hbase-common-1.2.3.jar
7fe5f5ef4000-7fe5f5f05000 r--s 0012d000 08:01 821262                     /usr/local/hbase/lib/hbase-client-1.2.3.jar
7fe5f5f05000-7fe5f5f07000 r--s 00002000 08:01 821256                     /usr/local/hbase/lib/hbase-annotations-1.2.3-tests.jar
7fe5f5f07000-7fe5f5f09000 r--s 00004000 08:01 821258                     /usr/local/hbase/lib/hbase-annotations-1.2.3.jar
7fe5f5f09000-7fe5f5f0e000 r--s 00037000 08:01 821357                     /usr/local/hbase/lib/hadoop-yarn-server-common-2.5.1.jar
7fe5f5f0e000-7fe5f5f22000 r--s 00146000 08:01 821331                     /usr/local/hbase/lib/hadoop-yarn-common-2.5.1.jar
7fe5f5f22000-7fe5f5f25000 r--s 0001a000 08:01 821355                     /usr/local/hbase/lib/hadoop-yarn-client-2.5.1.jar
7fe5f5f25000-7fe5f5f3c000 r--s 0017c000 08:01 821332                     /usr/local/hbase/lib/hadoop-yarn-api-2.5.1.jar
7fe5f5f3c000-7fe5f5f3e000 r--s 00009000 08:01 821359                     /usr/local/hbase/lib/hadoop-mapreduce-client-shuffle-2.5.1.jar
7fe5f5f3e000-7fe5f5f3f000 r--s 00008000 08:01 821360                     /usr/local/hbase/lib/hadoop-mapreduce-client-jobclient-2.5.1.jar
7fe5f5f3f000-7fe5f5f57000 r--s 00156000 08:01 821330                     /usr/local/hbase/lib/hadoop-mapreduce-client-core-2.5.1.jar
7fe5f5f57000-7fe5f5f62000 r--s 00097000 08:01 821354                     /usr/local/hbase/lib/hadoop-mapreduce-client-common-2.5.1.jar
7fe5f5f62000-7fe5f5f6b000 r--s 0006f000 08:01 821353                     /usr/local/hbase/lib/hadoop-mapreduce-client-app-2.5.1.jar
7fe5f5f6b000-7fe5f5fc8000 r--s 00668000 08:01 821352                     /usr/local/hbase/lib/hadoop-hdfs-2.5.1.jar
7fe5f5fc8000-7fe5f5ff7000 r--s 002a5000 08:01 821285                     /usr/local/hbase/lib/hadoop-common-2.5.1.jar
7fe5f5ff7000-7fe5f5ff8000 r--s 00000000 08:01 821351                     /usr/local/hbase/lib/hadoop-client-2.5.1.jar
7fe5f5ff8000-7fe5f5ffa000 r--s 0000b000 08:01 821323                     /usr/local/hbase/lib/hadoop-auth-2.5.1.jar
7fe5f5ffa000-7fe5f5ffc000 r--s 00003000 08:01 821286                     /usr/local/hbase/lib/hadoop-annotations-2.5.1.jar
7fe5f5ffc000-7fe5f5ffe000 r--s 0000e000 08:01 821334                     /usr/local/hbase/lib/guice-servlet-3.0.jar
7fe5f5ffe000-7fe5f600d000 r--s 0009f000 08:01 821335                     /usr/local/hbase/lib/guice-3.0.jar
7fe5f600d000-7fe5f602f000 r--s 00195000 08:01 821278                     /usr/local/hbase/lib/guava-12.0.1.jar
7fe5f602f000-7fe5f6031000 r--s 00002000 08:01 821273                     /usr/local/hbase/lib/findbugs-annotations-1.3.9-1.jar
7fe5f6031000-7fe5f6034000 r--s 00011000 08:01 821350                     /usr/local/hbase/lib/disruptor-3.3.0.jar
7fe5f6034000-7fe5f6039000 r--s 0003e000 08:01 821291                     /usr/local/hbase/lib/commons-net-3.1.jar
7fe5f6039000-7fe5f604c000 r--s 000df000 08:01 821343                     /usr/local/hbase/lib/commons-math-2.2.jar
7fe5f604c000-7fe5f6069000 r--s 0016a000 08:01 821288                     /usr/local/hbase/lib/commons-math3-3.1.1.jar
7fe5f6069000-7fe5f606b000 r--s 0000e000 08:01 821277                     /usr/local/hbase/lib/commons-logging-1.2.jar
7fe5f606b000-7fe5f6070000 r--s 00041000 08:01 821280                     /usr/local/hbase/lib/commons-lang-2.6.jar
7fe5f6070000-7fe5f6074000 r--s 0002a000 08:01 821282                     /usr/local/hbase/lib/commons-io-2.4.jar
7fe5f6074000-7fe5f607a000 r--s 00045000 08:01 821290                     /usr/local/hbase/lib/commons-httpclient-3.1.jar
7fe5f607a000-7fe5f607d000 r--s 00019000 08:01 821307                     /usr/local/hbase/lib/commons-el-1.0.jar
7fe5f607d000-7fe5f6081000 r--s 00020000 08:01 821313                     /usr/local/hbase/lib/commons-digester-1.8.jar
7fe5f6081000-7fe5f6082000 r--s 00005000 08:01 821361                     /usr/local/hbase/lib/commons-daemon-1.0.13.jar
7fe5f6082000-7fe5f6088000 r--s 00043000 08:01 821312                     /usr/local/hbase/lib/commons-configuration-1.6.jar
7fe5f6088000-7fe5f608d000 r--s 00036000 08:01 821321                     /usr/local/hbase/lib/commons-compress-1.4.1.jar
7fe5f608d000-7fe5f609a000 r--s 00083000 08:01 821281                     /usr/local/hbase/lib/commons-collections-3.2.2.jar
7fe5f609a000-7fe5f60a1000 r--s 0003a000 08:01 821279                     /usr/local/hbase/lib/commons-codec-1.9.jar
7fe5f60a1000-7fe5f60a3000 r--s 00009000 08:01 821287                     /usr/local/hbase/lib/commons-cli-1.2.jar
7fe5f60a3000-7fe5f60a7000 r--s 0002f000 08:01 821315                     /usr/local/hbase/lib/commons-beanutils-core-1.8.0.jar
7fe5f60a7000-7fe5f60ac000 r--s 0002a000 08:01 821314                     /usr/local/hbase/lib/commons-beanutils-1.7.0.jar
7fe5f60ac000-7fe5f60b3000 r--s 00044000 08:01 821318                     /usr/local/hbase/lib/avro-1.7.4.jar
7fe5f60b3000-7fe5f60b4000 r--s 0000a000 08:01 821304                     /usr/local/hbase/lib/asm-3.1.jar
7fe5f60b4000-7fe5f60b6000 r--s 00012000 08:01 821327                     /usr/local/hbase/lib/api-util-1.0.0-M20.jar
7fe5f60b6000-7fe5f60b8000 r--s 00003000 08:01 821326                     /usr/local/hbase/lib/api-asn1-api-1.0.0-M20.jar
7fe5f60b8000-7fe5f60ca000 r--s 00097000 08:01 821324                     /usr/local/hbase/lib/apacheds-kerberos-codec-2.0.0-M15.jar
7fe5f60ca000-7fe5f60cb000 r--s 0000a000 08:01 821325                     /usr/local/hbase/lib/apacheds-i18n-2.0.0-M15.jar
7fe5f60cb000-7fe5f60cd000 r--s 00000000 08:01 821337                     /usr/local/hbase/lib/aopalliance-1.0.jar
7fe5f60cd000-7fe5f60cf000 r--s 0000e000 08:01 821298                     /usr/local/hbase/lib/activation-1.1.jar
7fe5f60cf000-7fe5f60d4000 r--s 00022000 08:01 794995                     /usr/local/hadoop/share/hadoop/common/hadoop-nfs-2.6.0.jar
7fe5f60d4000-7fe5f6109000 r--s 002f2000 08:01 794994                     /usr/local/hadoop/share/hadoop/common/hadoop-common-2.6.0.jar
7fe5f6109000-7fe5f610a000 r--s 0000a000 08:01 795005                     /usr/local/hadoop/share/hadoop/common/lib/apacheds-i18n-2.0.0-M15.jar
7fe5f610a000-7fe5f610c000 r--s 00006000 08:01 795034                     /usr/local/hadoop/share/hadoop/common/lib/htrace-core-3.0.4.jar
7fe5f610c000-7fe5f6112000 r--s 00032000 08:01 795009                     /usr/local/hadoop/share/hadoop/common/lib/httpcore-4.2.5.jar
7fe5f6112000-7fe5f6116000 r--s 00021000 08:01 795002                     /usr/local/hadoop/share/hadoop/common/lib/jersey-json-1.9.jar
7fe5f6116000-7fe5f611f000 r--s 00061000 08:01 795029                     /usr/local/hadoop/share/hadoop/common/lib/httpclient-4.2.5.jar
7fe5f611f000-7fe5f6121000 r--s 00001000 08:01 795004                     /usr/local/hadoop/share/hadoop/common/lib/slf4j-log4j12-1.7.5.jar
7fe5f6121000-7fe5f612a000 r--s 0007b000 08:01 795060                     /usr/local/hadoop/share/hadoop/common/lib/jets3t-0.9.0.jar
7fe5f612a000-7fe5f612d000 r--s 00006000 08:01 795044                     /usr/local/hadoop/share/hadoop/common/lib/jsr305-1.3.9.jar
7fe5f612d000-7fe5f6136000 r--s 0006f000 08:01 795061                     /usr/local/hadoop/share/hadoop/common/lib/log4j-1.2.17.jar
7fe5f6136000-7fe5f6138000 r--s 0000e000 08:01 795036                     /usr/local/hadoop/share/hadoop/common/lib/commons-logging-1.1.3.jar
7fe5f6138000-7fe5f613a000 r--s 00003000 08:01 795007                     /usr/local/hadoop/share/hadoop/common/lib/hadoop-annotations-2.6.0.jar
7fe5f613a000-7fe5f613c000 r--s 0000f000 08:01 795013                     /usr/local/hadoop/share/hadoop/common/lib/jettison-1.1.jar
7fe5f613c000-7fe5f613e000 r--s 00009000 08:01 795043                     /usr/local/hadoop/share/hadoop/common/lib/commons-cli-1.2.jar
7fe5f613e000-7fe5f6140000 r--s 000f2000 08:01 795000                     /usr/local/hadoop/share/hadoop/common/lib/snappy-java-1.0.4.1.jar
7fe5f6140000-7fe5f615d000 r--s 0016a000 08:01 795046                     /usr/local/hadoop/share/hadoop/common/lib/commons-math3-3.1.1.jar
7fe5f615d000-7fe5f615e000 r--s 00004000 08:01 795016                     /usr/local/hadoop/share/hadoop/common/lib/java-xmlbuilder-0.4.jar
7fe5f615e000-7fe5f6162000 r--s 00014000 08:01 795053                     /usr/local/hadoop/share/hadoop/common/lib/xz-1.0.jar
7fe5f6162000-7fe5f6163000 r--s 00003000 08:01 795042                     /usr/local/hadoop/share/hadoop/common/lib/xmlenc-0.52.jar
7fe5f6163000-7fe5f6169000 r--s 00045000 08:01 795032                     /usr/local/hadoop/share/hadoop/common/lib/commons-httpclient-3.1.jar
7fe5f6169000-7fe5f616e000 r--s 0005f000 08:01 795049                     /usr/local/hadoop/share/hadoop/common/lib/jasper-compiler-5.5.23.jar
7fe5f616e000-7fe5f6171000 r--s 00019000 08:01 795048                     /usr/local/hadoop/share/hadoop/common/lib/commons-el-1.0.jar
7fe5f6171000-7fe5f6174000 r--s 00017000 08:01 795017                     /usr/local/hadoop/share/hadoop/common/lib/jaxb-api-2.2.2.jar
7fe5f6174000-7fe5f6186000 r--s 00097000 08:01 795039                     /usr/local/hadoop/share/hadoop/common/lib/apacheds-kerberos-codec-2.0.0-M15.jar
7fe5f6186000-7fe5f618b000 r--s 0002a000 08:01 795020                     /usr/local/hadoop/share/hadoop/common/lib/gson-2.2.4.jar
7fe5f618b000-7fe5f618d000 r--s 0000e000 08:01 795062                     /usr/local/hadoop/share/hadoop/common/lib/activation-1.1.jar
7fe5f618d000-7fe5f6194000 r--s 00036000 08:01 795018                     /usr/local/hadoop/share/hadoop/common/lib/curator-recipes-2.6.0.jar
7fe5f6194000-7fe5f6199000 r--s 0003e000 08:01 795038                     /usr/local/hadoop/share/hadoop/common/lib/commons-net-3.1.jar
7fe5f6199000-7fe5f619b000 r--s 00003000 08:01 795019                     /usr/local/hadoop/share/hadoop/common/lib/api-asn1-api-1.0.0-M20.jar
7fe5f619b000-7fe5f619e000 r--s 00016000 08:01 795054                     /usr/local/hadoop/share/hadoop/common/lib/jsp-api-2.1.jar
7fe5f619e000-7fe5f61b5000 r--s 0010e000 08:01 794998                     /usr/local/hadoop/share/hadoop/common/lib/netty-3.6.2.Final.jar
7fe5f61b5000-7fe5f61c1000 r--s 000b6000 08:01 795057                     /usr/local/hadoop/share/hadoop/common/lib/zookeeper-3.4.6.jar
7fe5f61c1000-7fe5f61cf000 r--s 000b1000 08:01 795045                     /usr/local/hadoop/share/hadoop/common/lib/jackson-mapper-asl-1.9.13.jar
7fe5f61cf000-7fe5f61d3000 r--s 00020000 08:01 795010                     /usr/local/hadoop/share/hadoop/common/lib/commons-digester-1.8.jar
7fe5f61d3000-7fe5f61d7000 r--s 0002a000 08:01 795040                     /usr/local/hadoop/share/hadoop/common/lib/commons-io-2.4.jar
7fe5f61d7000-7fe5f61e5000 r--s 0007f000 08:01 795001                     /usr/local/hadoop/share/hadoop/common/lib/commons-collections-3.2.1.jar
7fe5f61e5000-7fe5f61f7000 r--s 0009d000 08:01 795014                     /usr/local/hadoop/share/hadoop/common/lib/jersey-server-1.9.jar
7fe5f61f7000-7fe5f61f9000 r--s 0000f000 08:01 795021                     /usr/local/hadoop/share/hadoop/common/lib/curator-client-2.6.0.jar
7fe5f61f9000-7fe5f61fb000 r--s 00012000 08:01 795027                     /usr/local/hadoop/share/hadoop/common/lib/api-util-1.0.0-M20.jar
7fe5f61fb000-7fe5f61fd000 r--s 00006000 08:01 795047                     /usr/local/hadoop/share/hadoop/common/lib/paranamer-2.3.jar
7fe5f61fd000-7fe5f61ff000 r--s 00009000 08:01 795037                     /usr/local/hadoop/share/hadoop/common/lib/hamcrest-core-1.3.jar
7fe5f61ff000-7fe5f6204000 r--s 00036000 08:01 795035                     /usr/local/hadoop/share/hadoop/common/lib/commons-compress-1.4.1.jar
7fe5f6204000-7fe5f620a000 r--s 00028000 08:01 795023                     /usr/local/hadoop/share/hadoop/common/lib/curator-framework-2.6.0.jar
7fe5f620a000-7fe5f6227000 r--s 0013e000 08:01 795055                     /usr/local/hadoop/share/hadoop/common/lib/mockito-all-1.8.5.jar
7fe5f6227000-7fe5f6229000 r--s 0000f000 08:01 795006                     /usr/local/hadoop/share/hadoop/common/lib/hadoop-auth-2.6.0.jar
7fe5f6229000-7fe5f622d000 r--s 0002f000 08:01 795059                     /usr/local/hadoop/share/hadoop/common/lib/commons-beanutils-core-1.8.0.jar
7fe5f622d000-7fe5f622f000 r--s 0000d000 08:01 795008                     /usr/local/hadoop/share/hadoop/common/lib/commons-codec-1.4.jar
7fe5f622f000-7fe5f6231000 r--s 00004000 08:01 795033                     /usr/local/hadoop/share/hadoop/common/lib/stax-api-1.0-2.jar
7fe5f6231000-7fe5f623b000 r--s 00066000 08:01 795012                     /usr/local/hadoop/share/hadoop/common/lib/jersey-core-1.9.jar
7fe5f623b000-7fe5f623c000 r--s 00006000 08:01 794997                     /usr/local/hadoop/share/hadoop/common/lib/jackson-xc-1.9.13.jar
7fe5f623c000-7fe5f623e000 r--s 00018000 08:01 795041                     /usr/local/hadoop/share/hadoop/common/lib/servlet-api-2.5.jar
7fe5f623e000-7fe5f6242000 r--s 00035000 08:01 794999                     /usr/local/hadoop/share/hadoop/common/lib/jackson-core-asl-1.9.13.jar
7fe5f6242000-7fe5f6245000 r--s 0002b000 08:01 795050                     /usr/local/hadoop/share/hadoop/common/lib/jsch-0.1.42.jar
7fe5f6245000-7fe5f624d000 r--s 0007b000 08:01 795051                     /usr/local/hadoop/share/hadoop/common/lib/protobuf-java-2.5.0.jar
7fe5f624d000-7fe5f6252000 r--s 00041000 08:01 795022                     /usr/local/hadoop/share/hadoop/common/lib/commons-lang-2.6.jar
7fe5f6252000-7fe5f6256000 r--s 00028000 08:01 795015                     /usr/local/hadoop/share/hadoop/common/lib/jetty-util-6.1.26.jar
7fe5f6256000-7fe5f6258000 r--s 00005000 08:01 795024                     /usr/local/hadoop/share/hadoop/common/lib/slf4j-api-1.7.5.jar
7fe5f6258000-7fe5f625e000 r--s 00043000 08:01 795056                     /usr/local/hadoop/share/hadoop/common/lib/commons-configuration-1.6.jar
7fe5f625e000-7fe5f6265000 r--s 0007d000 08:01 795030                     /usr/local/hadoop/share/hadoop/common/lib/jetty-6.1.26.jar
7fe5f6265000-7fe5f626a000 r--s 0002a000 08:01 795003                     /usr/local/hadoop/share/hadoop/common/lib/commons-beanutils-1.7.0.jar
7fe5f626a000-7fe5f626b000 r--s 0000a000 08:01 795011                     /usr/local/hadoop/share/hadoop/common/lib/asm-3.2.jar
7fe5f626b000-7fe5f626d000 r--s 00011000 08:01 795031                     /usr/local/hadoop/share/hadoop/common/lib/jasper-runtime-5.5.23.jar
7fe5f626d000-7fe5f6273000 r--s 00036000 08:01 795026                     /usr/local/hadoop/share/hadoop/common/lib/junit-4.11.jar
7fe5f6273000-7fe5f6274000 r--s 00004000 08:01 795028                     /usr/local/hadoop/share/hadoop/common/lib/jackson-jaxrs-1.9.13.jar
7fe5f6274000-7fe5f6287000 r--s 000c7000 08:01 795052                     /usr/local/hadoop/share/hadoop/common/lib/jaxb-impl-2.2.3-1.jar
7fe5f6287000-7fe5f628e000 r--s 00044000 08:01 795058                     /usr/local/hadoop/share/hadoop/common/lib/avro-1.7.4.jar
7fe5f628e000-7fe5f62af000 r--s 00172000 08:01 795025                     /usr/local/hadoop/share/hadoop/common/lib/guava-11.0.2.jar
7fe5f62af000-7fe5f62b0000 r--s 00000000 08:01 933506                     /usr/local/hadoop/share/hadoop/mapreduce/hadoop-mapreduce-client-hs-plugins-2.6.0.jar
7fe5f62b0000-7fe5f62ba000 r--s 00072000 08:01 933478                     /usr/local/hadoop/share/hadoop/mapreduce/hadoop-mapreduce-client-app-2.6.0.jar
7fe5f62ba000-7fe5f62bc000 r--s 00008000 08:01 933474                     /usr/local/hadoop/share/hadoop/mapreduce/hadoop-mapreduce-client-jobclient-2.6.0.jar
7fe5f62bc000-7fe5f62d4000 r--s 00159000 08:01 933479                     /usr/local/hadoop/share/hadoop/mapreduce/hadoop-mapreduce-client-core-2.6.0.jar
7fe5f62d4000-7fe5f62d9000 r--s 00035000 08:01 933477                     /usr/local/hadoop/share/hadoop/mapreduce/hadoop-mapreduce-client-hs-2.6.0.jar
7fe5f62d9000-7fe5f62e5000 r--s 00097000 08:01 933476                     /usr/local/hadoop/share/hadoop/mapreduce/hadoop-mapreduce-client-common-2.6.0.jar
7fe5f62e5000-7fe5f62e6000 r--s 0000a000 08:01 933475                     /usr/local/hadoop/share/hadoop/mapreduce/hadoop-mapreduce-client-shuffle-2.6.0.jar
7fe5f62e6000-7fe5f62ef000 r--s 0006f000 08:01 933503                     /usr/local/hadoop/share/hadoop/mapreduce/lib/log4j-1.2.17.jar
7fe5f62ef000-7fe5f62f1000 r--s 00003000 08:01 933485                     /usr/local/hadoop/share/hadoop/mapreduce/lib/hadoop-annotations-2.6.0.jar
7fe5f62f1000-7fe5f6300000 r--s 0009f000 08:01 933496                     /usr/local/hadoop/share/hadoop/mapreduce/lib/guice-3.0.jar
7fe5f6300000-7fe5f6302000 r--s 000f2000 08:01 933484                     /usr/local/hadoop/share/hadoop/mapreduce/lib/snappy-java-1.0.4.1.jar
7fe5f6302000-7fe5f6306000 r--s 00014000 08:01 933501                     /usr/local/hadoop/share/hadoop/mapreduce/lib/xz-1.0.jar
7fe5f6306000-7fe5f6308000 r--s 00000000 08:01 933489                     /usr/local/hadoop/share/hadoop/mapreduce/lib/aopalliance-1.0.jar
7fe5f6308000-7fe5f630a000 r--s 0000e000 08:01 933504                     /usr/local/hadoop/share/hadoop/mapreduce/lib/guice-servlet-3.0.jar
7fe5f630a000-7fe5f6321000 r--s 0010e000 08:01 933482                     /usr/local/hadoop/share/hadoop/mapreduce/lib/netty-3.6.2.Final.jar
7fe5f6321000-7fe5f632f000 r--s 000b1000 08:01 933498                     /usr/local/hadoop/share/hadoop/mapreduce/lib/jackson-mapper-asl-1.9.13.jar
7fe5f632f000-7fe5f6333000 r--s 0002a000 08:01 933497                     /usr/local/hadoop/share/hadoop/mapreduce/lib/commons-io-2.4.jar
7fe5f6333000-7fe5f6345000 r--s 0009d000 08:01 933488                     /usr/local/hadoop/share/hadoop/mapreduce/lib/jersey-server-1.9.jar
7fe5f6345000-7fe5f6347000 r--s 00006000 08:01 933499                     /usr/local/hadoop/share/hadoop/mapreduce/lib/paranamer-2.3.jar
7fe5f6347000-7fe5f6349000 r--s 00009000 08:01 933495                     /usr/local/hadoop/share/hadoop/mapreduce/lib/hamcrest-core-1.3.jar
7fe5f6349000-7fe5f634e000 r--s 00036000 08:01 933493                     /usr/local/hadoop/share/hadoop/mapreduce/lib/commons-compress-1.4.1.jar
7fe5f634e000-7fe5f634f000 r--s 00003000 08:01 933490                     /usr/local/hadoop/share/hadoop/mapreduce/lib/jersey-guice-1.9.jar
7fe5f634f000-7fe5f6359000 r--s 00066000 08:01 933487                     /usr/local/hadoop/share/hadoop/mapreduce/lib/jersey-core-1.9.jar
7fe5f6359000-7fe5f635d000 r--s 00035000 08:01 933483                     /usr/local/hadoop/share/hadoop/mapreduce/lib/jackson-core-asl-1.9.13.jar
7fe5f635d000-7fe5f635e000 r--s 00000000 08:01 933491                     /usr/local/hadoop/share/hadoop/mapreduce/lib/javax.inject-1.jar
7fe5f635e000-7fe5f6366000 r--s 0007b000 08:01 933500                     /usr/local/hadoop/share/hadoop/mapreduce/lib/protobuf-java-2.5.0.jar
7fe5f6366000-7fe5f6367000 r--s 0000a000 08:01 933486                     /usr/local/hadoop/share/hadoop/mapreduce/lib/asm-3.2.jar
7fe5f6367000-7fe5f636d000 r--s 00036000 08:01 933492                     /usr/local/hadoop/share/hadoop/mapreduce/lib/junit-4.11.jar
7fe5f636d000-7fe5f6370000 r--s 000fd000 08:01 933494                     /usr/local/hadoop/share/hadoop/mapreduce/lib/leveldbjni-all-1.8.jar
7fe5f6370000-7fe5f6377000 r--s 00044000 08:01 933502                     /usr/local/hadoop/share/hadoop/mapreduce/lib/avro-1.7.4.jar
7fe5f6377000-7fe5f6379000 r--s 00016000 08:01 794617                     /usr/local/hadoop/share/hadoop/hdfs/hadoop-hdfs-nfs-2.6.0.jar
7fe5f6379000-7fe5f63de000 r--s 00711000 08:01 794666                     /usr/local/hadoop/share/hadoop/hdfs/hadoop-hdfs-2.6.0.jar
7fe5f63de000-7fe5f63e0000 r--s 00006000 08:01 794680                     /usr/local/hadoop/share/hadoop/hdfs/lib/htrace-core-3.0.4.jar
7fe5f63e0000-7fe5f63e3000 r--s 00006000 08:01 794687                     /usr/local/hadoop/share/hadoop/hdfs/lib/jsr305-1.3.9.jar
7fe5f63e3000-7fe5f63ec000 r--s 0006f000 08:01 794693                     /usr/local/hadoop/share/hadoop/hdfs/lib/log4j-1.2.17.jar
7fe5f63ec000-7fe5f63ee000 r--s 0000e000 08:01 794681                     /usr/local/hadoop/share/hadoop/hdfs/lib/commons-logging-1.1.3.jar
7fe5f63ee000-7fe5f63f0000 r--s 00009000 08:01 794686                     /usr/local/hadoop/share/hadoop/hdfs/lib/commons-cli-1.2.jar
7fe5f63f0000-7fe5f63f1000 r--s 00003000 08:01 794685                     /usr/local/hadoop/share/hadoop/hdfs/lib/xmlenc-0.52.jar
7fe5f63f1000-7fe5f63f4000 r--s 00019000 08:01 794689                     /usr/local/hadoop/share/hadoop/hdfs/lib/commons-el-1.0.jar
7fe5f63f4000-7fe5f63f7000 r--s 00016000 08:01 794692                     /usr/local/hadoop/share/hadoop/hdfs/lib/jsp-api-2.1.jar
7fe5f63f7000-7fe5f640e000 r--s 0010e000 08:01 794668                     /usr/local/hadoop/share/hadoop/hdfs/lib/netty-3.6.2.Final.jar
7fe5f640e000-7fe5f6426000 r--s 00115000 08:01 794682                     /usr/local/hadoop/share/hadoop/hdfs/lib/xercesImpl-2.9.1.jar
7fe5f6426000-7fe5f6434000 r--s 000b1000 08:01 794688                     /usr/local/hadoop/share/hadoop/hdfs/lib/jackson-mapper-asl-1.9.13.jar
7fe5f6434000-7fe5f6438000 r--s 0002a000 08:01 794683                     /usr/local/hadoop/share/hadoop/hdfs/lib/commons-io-2.4.jar
7fe5f6438000-7fe5f644a000 r--s 0009d000 08:01 794673                     /usr/local/hadoop/share/hadoop/hdfs/lib/jersey-server-1.9.jar
7fe5f644a000-7fe5f644b000 r--s 00005000 08:01 794691                     /usr/local/hadoop/share/hadoop/hdfs/lib/commons-daemon-1.0.13.jar
7fe5f644b000-7fe5f6453000 r--s 00028000 08:01 794677                     /usr/local/hadoop/share/hadoop/hdfs/lib/xml-apis-1.3.04.jar
7fe5f6453000-7fe5f6455000 r--s 0000d000 08:01 794670                     /usr/local/hadoop/share/hadoop/hdfs/lib/commons-codec-1.4.jar
7fe5f6455000-7fe5f645f000 r--s 00066000 08:01 794672                     /usr/local/hadoop/share/hadoop/hdfs/lib/jersey-core-1.9.jar
7fe5f645f000-7fe5f6461000 r--s 00018000 08:01 794684                     /usr/local/hadoop/share/hadoop/hdfs/lib/servlet-api-2.5.jar
7fe5f6461000-7fe5f6465000 r--s 00035000 08:01 794669                     /usr/local/hadoop/share/hadoop/hdfs/lib/jackson-core-asl-1.9.13.jar
7fe5f6465000-7fe5f646d000 r--s 0007b000 08:01 794690                     /usr/local/hadoop/share/hadoop/hdfs/lib/protobuf-java-2.5.0.jar
7fe5f646d000-7fe5f6472000 r--s 00041000 08:01 794675                     /usr/local/hadoop/share/hadoop/hdfs/lib/commons-lang-2.6.jar
7fe5f6472000-7fe5f6476000 r--s 00028000 08:01 794674                     /usr/local/hadoop/share/hadoop/hdfs/lib/jetty-util-6.1.26.jar
7fe5f6476000-7fe5f647d000 r--s 0007d000 08:01 794678                     /usr/local/hadoop/share/hadoop/hdfs/lib/jetty-6.1.26.jar
7fe5f647d000-7fe5f647e000 r--s 0000a000 08:01 794671                     /usr/local/hadoop/share/hadoop/hdfs/lib/asm-3.2.jar
7fe5f647e000-7fe5f6480000 r--s 00011000 08:01 794679                     /usr/local/hadoop/share/hadoop/hdfs/lib/jasper-runtime-5.5.23.jar
7fe5f6480000-7fe5f64a1000 r--s 00172000 08:01 794676                     /usr/local/hadoop/share/hadoop/hdfs/lib/guava-11.0.2.jar
7fe5f64a1000-7fe5f64b5000 r--s 00101000 08:01 795193                     /usr/local/hadoop/share/hadoop/yarn/hadoop-yarn-server-resourcemanager-2.6.0.jar
7fe5f64b5000-7fe5f64b8000 r--s 00015000 08:01 795201                     /usr/local/hadoop/share/hadoop/yarn/hadoop-yarn-registry-2.6.0.jar
7fe5f64b8000-7fe5f64d3000 r--s 001ae000 08:01 795192                     /usr/local/hadoop/share/hadoop/yarn/hadoop-yarn-api-2.6.0.jar
7fe5f64d3000-7fe5f64d4000 r--s 00006000 08:01 795198                     /usr/local/hadoop/share/hadoop/yarn/hadoop-yarn-server-web-proxy-2.6.0.jar
7fe5f64d4000-7fe5f64e1000 r--s 0008f000 08:01 795200                     /usr/local/hadoop/share/hadoop/yarn/hadoop-yarn-server-nodemanager-2.6.0.jar
7fe5f64e1000-7fe5f64e5000 r--s 00025000 08:01 795197                     /usr/local/hadoop/share/hadoop/yarn/hadoop-yarn-server-applicationhistoryservice-2.6.0.jar
7fe5f64e5000-7fe5f64eb000 r--s 00041000 08:01 795199                     /usr/local/hadoop/share/hadoop/yarn/hadoop-yarn-server-common-2.6.0.jar
7fe5f64eb000-7fe5f64ee000 r--s 0001d000 08:01 795196                     /usr/local/hadoop/share/hadoop/yarn/hadoop-yarn-client-2.6.0.jar
7fe5f64ee000-7fe5f6505000 r--s 00171000 08:01 795204                     /usr/local/hadoop/share/hadoop/yarn/hadoop-yarn-common-2.6.0.jar
7fe5f6505000-7fe5f6507000 r--s 0000a000 08:01 795203                     /usr/local/hadoop/share/hadoop/yarn/hadoop-yarn-applications-distributedshell-2.6.0.jar
7fe5f6507000-7fe5f6508000 r--s 00003000 08:01 795245                     /usr/local/hadoop/share/hadoop/yarn/hadoop-yarn-applications-unmanaged-am-launcher-2.6.0.jar
7fe5f6508000-7fe5f650c000 r--s 00021000 08:01 795210                     /usr/local/hadoop/share/hadoop/yarn/lib/jersey-json-1.9.jar
7fe5f650c000-7fe5f650e000 r--s 00014000 08:01 795212                     /usr/local/hadoop/share/hadoop/yarn/lib/jline-0.9.94.jar
7fe5f650e000-7fe5f6511000 r--s 00006000 08:01 795236                     /usr/local/hadoop/share/hadoop/yarn/lib/jsr305-1.3.9.jar
7fe5f6511000-7fe5f651a000 r--s 0006f000 08:01 795242                     /usr/local/hadoop/share/hadoop/yarn/lib/log4j-1.2.17.jar
7fe5f651a000-7fe5f651c000 r--s 0000e000 08:01 795230                     /usr/local/hadoop/share/hadoop/yarn/lib/commons-logging-1.1.3.jar
7fe5f651c000-7fe5f651e000 r--s 0000f000 08:01 795215                     /usr/local/hadoop/share/hadoop/yarn/lib/jettison-1.1.jar
7fe5f651e000-7fe5f652d000 r--s 0009f000 08:01 795231                     /usr/local/hadoop/share/hadoop/yarn/lib/guice-3.0.jar
7fe5f652d000-7fe5f652f000 r--s 00009000 08:01 795235                     /usr/local/hadoop/share/hadoop/yarn/lib/commons-cli-1.2.jar
7fe5f652f000-7fe5f6533000 r--s 00014000 08:01 795240                     /usr/local/hadoop/share/hadoop/yarn/lib/xz-1.0.jar
7fe5f6533000-7fe5f6539000 r--s 00045000 08:01 795226                     /usr/local/hadoop/share/hadoop/yarn/lib/commons-httpclient-3.1.jar
7fe5f6539000-7fe5f653c000 r--s 00017000 08:01 795218                     /usr/local/hadoop/share/hadoop/yarn/lib/jaxb-api-2.2.2.jar
7fe5f653c000-7fe5f6553000 r--s 0010e000 08:01 795207                     /usr/local/hadoop/share/hadoop/yarn/lib/netty-3.6.2.Final.jar
7fe5f6553000-7fe5f655f000 r--s 000b6000 08:01 795241                     /usr/local/hadoop/share/hadoop/yarn/lib/zookeeper-3.4.6.jar
7fe5f655f000-7fe5f6560000 ---p 00000000 00:00 0 
7fe5f6560000-7fe5f6660000 rw-p 00000000 00:00 0 
7fe5f6660000-7fe5f6663000 ---p 00000000 00:00 0 
7fe5f6663000-7fe5f6761000 rw-p 00000000 00:00 0 
7fe5f6761000-7fe5f6764000 ---p 00000000 00:00 0 
7fe5f6764000-7fe5f6862000 rw-p 00000000 00:00 0 
7fe5f6862000-7fe5f6865000 ---p 00000000 00:00 0 
7fe5f6865000-7fe5f6963000 rw-p 00000000 00:00 0 
7fe5f6963000-7fe5f6966000 ---p 00000000 00:00 0 
7fe5f6966000-7fe5f6a64000 rw-p 00000000 00:00 0 
7fe5f6a64000-7fe5f6d3c000 r--p 00000000 08:01 790704                     /usr/lib/locale/locale-archive
7fe5f6d3c000-7fe5f6d3f000 ---p 00000000 00:00 0 
7fe5f6d3f000-7fe5f6e3d000 rw-p 00000000 00:00 0 
7fe5f6e3d000-7fe5f6e40000 ---p 00000000 00:00 0 
7fe5f6e40000-7fe5f6f3e000 rw-p 00000000 00:00 0 
7fe5f6f3e000-7fe5f6f3f000 ---p 00000000 00:00 0 
7fe5f6f3f000-7fe5f9000000 rw-p 00000000 00:00 0 
7fe5f9000000-7fe5f94e0000 rwxp 00000000 00:00 0 
7fe5f94e0000-7fe608000000 ---p 00000000 00:00 0 
7fe608000000-7fe60942b000 rw-p 00000000 00:00 0 
7fe60942b000-7fe60c000000 ---p 00000000 00:00 0 
7fe60c000000-7fe60c002000 r--s 0000e000 08:01 795244                     /usr/local/hadoop/share/hadoop/yarn/lib/activation-1.1.jar
7fe60c002000-7fe60c004000 r--s 00000000 08:01 795219                     /usr/local/hadoop/share/hadoop/yarn/lib/aopalliance-1.0.jar
7fe60c004000-7fe60c006000 r--s 0000e000 08:01 795243                     /usr/local/hadoop/share/hadoop/yarn/lib/guice-servlet-3.0.jar
7fe60c006000-7fe60c014000 r--s 000b1000 08:01 795237                     /usr/local/hadoop/share/hadoop/yarn/lib/jackson-mapper-asl-1.9.13.jar
7fe60c014000-7fe60c018000 r--s 0002a000 08:01 795233                     /usr/local/hadoop/share/hadoop/yarn/lib/commons-io-2.4.jar
7fe60c018000-7fe60c026000 r--s 0007f000 08:01 795209                     /usr/local/hadoop/share/hadoop/yarn/lib/commons-collections-3.2.1.jar
7fe60c026000-7fe60c038000 r--s 0009d000 08:01 795216                     /usr/local/hadoop/share/hadoop/yarn/lib/jersey-server-1.9.jar
7fe60c038000-7fe60c03d000 r--s 00036000 08:01 795228                     /usr/local/hadoop/share/hadoop/yarn/lib/commons-compress-1.4.1.jar
7fe60c03d000-7fe60c03e000 r--s 00003000 08:01 795222                     /usr/local/hadoop/share/hadoop/yarn/lib/jersey-guice-1.9.jar
7fe60c03e000-7fe60c040000 r--s 0000d000 08:01 795211                     /usr/local/hadoop/share/hadoop/yarn/lib/commons-codec-1.4.jar
7fe60c040000-7fe60c042000 r--s 00004000 08:01 795227                     /usr/local/hadoop/share/hadoop/yarn/lib/stax-api-1.0-2.jar
7fe60c042000-7fe60c04c000 r--s 00066000 08:01 795214                     /usr/local/hadoop/share/hadoop/yarn/lib/jersey-core-1.9.jar
7fe60c04c000-7fe60c04d000 r--s 00006000 08:01 795206                     /usr/local/hadoop/share/hadoop/yarn/lib/jackson-xc-1.9.13.jar
7fe60c04d000-7fe60c04f000 r--s 00018000 08:01 795234                     /usr/local/hadoop/share/hadoop/yarn/lib/servlet-api-2.5.jar
7fe60c04f000-7fe60c053000 r--s 00035000 08:01 795208                     /usr/local/hadoop/share/hadoop/yarn/lib/jackson-core-asl-1.9.13.jar
7fe60c053000-7fe60c054000 r--s 00000000 08:01 795223                     /usr/local/hadoop/share/hadoop/yarn/lib/javax.inject-1.jar
7fe60c054000-7fe60c05c000 r--s 0007b000 08:01 795238                     /usr/local/hadoop/share/hadoop/yarn/lib/protobuf-java-2.5.0.jar
7fe60c05c000-7fe60c061000 r--s 00041000 08:01 795220                     /usr/local/hadoop/share/hadoop/yarn/lib/commons-lang-2.6.jar
7fe60c061000-7fe60c065000 r--s 00028000 08:01 795217                     /usr/local/hadoop/share/hadoop/yarn/lib/jetty-util-6.1.26.jar
7fe60c065000-7fe60c06c000 r--s 0007d000 08:01 795225                     /usr/local/hadoop/share/hadoop/yarn/lib/jetty-6.1.26.jar
7fe60c06c000-7fe60c06d000 r--s 0000a000 08:01 795213                     /usr/local/hadoop/share/hadoop/yarn/lib/asm-3.2.jar
7fe60c06d000-7fe60c070000 r--s 0001d000 08:01 795232                     /usr/local/hadoop/share/hadoop/yarn/lib/jersey-client-1.9.jar
7fe60c070000-7fe60c083000 r--s 000c7000 08:01 795239                     /usr/local/hadoop/share/hadoop/yarn/lib/jaxb-impl-2.2.3-1.jar
7fe60c083000-7fe60c0a4000 r--s 00172000 08:01 795221                     /usr/local/hadoop/share/hadoop/yarn/lib/guava-11.0.2.jar
7fe60c0a4000-7fe60c0ae000 r--s 00116000 08:01 5124                       /usr/lib/jvm/java-8-openjdk-amd64/jre/lib/ext/localedata.jar
7fe60c0ae000-7fe60c0c9000 r--s 001d6000 08:01 5126                       /usr/lib/jvm/java-8-openjdk-amd64/jre/lib/ext/nashorn.jar
7fe60c0c9000-7fe60c0e4000 r--s 00394000 08:01 5127                       /usr/lib/jvm/java-8-openjdk-amd64/jre/lib/ext/cldrdata.jar
7fe60c0e4000-7fe60c95b000 rw-p 00000000 00:00 0 
7fe60c95b000-7fe60cb2a000 r--s 03c33000 08:01 5123                       /usr/lib/jvm/java-8-openjdk-amd64/jre/lib/rt.jar
7fe60cb2a000-7fe60d58c000 rw-p 00000000 00:00 0 
7fe60d58c000-7fe60d58d000 ---p 00000000 00:00 0 
7fe60d58d000-7fe60d68d000 rw-p 00000000 00:00 0 
7fe60d68d000-7fe60d68e000 ---p 00000000 00:00 0 
7fe60d68e000-7fe60d7a3000 rw-p 00000000 00:00 0 
7fe60d7a3000-7fe60d8d6000 ---p 00000000 00:00 0 
7fe60d8d6000-7fe60d8eb000 rw-p 00000000 00:00 0 
7fe60d8eb000-7fe60da1e000 ---p 00000000 00:00 0 
7fe60da1e000-7fe60da42000 rw-p 00000000 00:00 0 
7fe60da42000-7fe60dac2000 ---p 00000000 00:00 0 
7fe60dac2000-7fe60dad7000 rw-p 00000000 00:00 0 
7fe60dad7000-7fe60de83000 ---p 00000000 00:00 0 
7fe60de83000-7fe60de8b000 r-xp 00000000 08:01 7838                       /usr/lib/jvm/java-8-openjdk-amd64/jre/lib/amd64/libzip.so
7fe60de8b000-7fe60e08a000 ---p 00008000 08:01 7838                       /usr/lib/jvm/java-8-openjdk-amd64/jre/lib/amd64/libzip.so
7fe60e08a000-7fe60e08b000 r--p 00007000 08:01 7838                       /usr/lib/jvm/java-8-openjdk-amd64/jre/lib/amd64/libzip.so
7fe60e08b000-7fe60e08c000 rw-p 00008000 08:01 7838                       /usr/lib/jvm/java-8-openjdk-amd64/jre/lib/amd64/libzip.so
7fe60e08c000-7fe60e097000 r-xp 00000000 08:01 406345                     /lib/x86_64-linux-gnu/libnss_files-2.23.so
7fe60e097000-7fe60e296000 ---p 0000b000 08:01 406345                     /lib/x86_64-linux-gnu/libnss_files-2.23.so
7fe60e296000-7fe60e297000 r--p 0000a000 08:01 406345                     /lib/x86_64-linux-gnu/libnss_files-2.23.so
7fe60e297000-7fe60e298000 rw-p 0000b000 08:01 406345                     /lib/x86_64-linux-gnu/libnss_files-2.23.so
7fe60e298000-7fe60e29e000 rw-p 00000000 00:00 0 
7fe60e29e000-7fe60e2a9000 r-xp 00000000 08:01 413001                     /lib/x86_64-linux-gnu/libnss_nis-2.23.so
7fe60e2a9000-7fe60e4a8000 ---p 0000b000 08:01 413001                     /lib/x86_64-linux-gnu/libnss_nis-2.23.so
7fe60e4a8000-7fe60e4a9000 r--p 0000a000 08:01 413001                     /lib/x86_64-linux-gnu/libnss_nis-2.23.so
7fe60e4a9000-7fe60e4aa000 rw-p 0000b000 08:01 413001                     /lib/x86_64-linux-gnu/libnss_nis-2.23.so
7fe60e4aa000-7fe60e4c0000 r-xp 00000000 08:01 405907                     /lib/x86_64-linux-gnu/libnsl-2.23.so
7fe60e4c0000-7fe60e6bf000 ---p 00016000 08:01 405907                     /lib/x86_64-linux-gnu/libnsl-2.23.so
7fe60e6bf000-7fe60e6c0000 r--p 00015000 08:01 405907                     /lib/x86_64-linux-gnu/libnsl-2.23.so
7fe60e6c0000-7fe60e6c1000 rw-p 00016000 08:01 405907                     /lib/x86_64-linux-gnu/libnsl-2.23.so
7fe60e6c1000-7fe60e6c3000 rw-p 00000000 00:00 0 
7fe60e6c3000-7fe60e6cb000 r-xp 00000000 08:01 406237                     /lib/x86_64-linux-gnu/libnss_compat-2.23.so
7fe60e6cb000-7fe60e8ca000 ---p 00008000 08:01 406237                     /lib/x86_64-linux-gnu/libnss_compat-2.23.so
7fe60e8ca000-7fe60e8cb000 r--p 00007000 08:01 406237                     /lib/x86_64-linux-gnu/libnss_compat-2.23.so
7fe60e8cb000-7fe60e8cc000 rw-p 00008000 08:01 406237                     /lib/x86_64-linux-gnu/libnss_compat-2.23.so
7fe60e8cc000-7fe60e8f9000 r-xp 00000000 08:01 7843                       /usr/lib/jvm/java-8-openjdk-amd64/jre/lib/amd64/libjava.so
7fe60e8f9000-7fe60eaf8000 ---p 0002d000 08:01 7843                       /usr/lib/jvm/java-8-openjdk-amd64/jre/lib/amd64/libjava.so
7fe60eaf8000-7fe60eaf9000 r--p 0002c000 08:01 7843                       /usr/lib/jvm/java-8-openjdk-amd64/jre/lib/amd64/libjava.so
7fe60eaf9000-7fe60eafb000 rw-p 0002d000 08:01 7843                       /usr/lib/jvm/java-8-openjdk-amd64/jre/lib/amd64/libjava.so
7fe60eafb000-7fe60eb0a000 r-xp 00000000 08:01 7824                       /usr/lib/jvm/java-8-openjdk-amd64/jre/lib/amd64/libverify.so
7fe60eb0a000-7fe60ed09000 ---p 0000f000 08:01 7824                       /usr/lib/jvm/java-8-openjdk-amd64/jre/lib/amd64/libverify.so
7fe60ed09000-7fe60ed0b000 r--p 0000e000 08:01 7824                       /usr/lib/jvm/java-8-openjdk-amd64/jre/lib/amd64/libverify.so
7fe60ed0b000-7fe60ed0c000 rw-p 00010000 08:01 7824                       /usr/lib/jvm/java-8-openjdk-amd64/jre/lib/amd64/libverify.so
7fe60ed0c000-7fe60ed13000 r-xp 00000000 08:01 413002                     /lib/x86_64-linux-gnu/librt-2.23.so
7fe60ed13000-7fe60ef12000 ---p 00007000 08:01 413002                     /lib/x86_64-linux-gnu/librt-2.23.so
7fe60ef12000-7fe60ef13000 r--p 00006000 08:01 413002                     /lib/x86_64-linux-gnu/librt-2.23.so
7fe60ef13000-7fe60ef14000 rw-p 00007000 08:01 413002                     /lib/x86_64-linux-gnu/librt-2.23.so
7fe60ef14000-7fe60ef2a000 r-xp 00000000 08:01 398714                     /lib/x86_64-linux-gnu/libgcc_s.so.1
7fe60ef2a000-7fe60f129000 ---p 00016000 08:01 398714                     /lib/x86_64-linux-gnu/libgcc_s.so.1
7fe60f129000-7fe60f12a000 rw-p 00015000 08:01 398714                     /lib/x86_64-linux-gnu/libgcc_s.so.1
7fe60f12a000-7fe60f232000 r-xp 00000000 08:01 405906                     /lib/x86_64-linux-gnu/libm-2.23.so
7fe60f232000-7fe60f431000 ---p 00108000 08:01 405906                     /lib/x86_64-linux-gnu/libm-2.23.so
7fe60f431000-7fe60f432000 r--p 00107000 08:01 405906                     /lib/x86_64-linux-gnu/libm-2.23.so
7fe60f432000-7fe60f433000 rw-p 00108000 08:01 405906                     /lib/x86_64-linux-gnu/libm-2.23.so
7fe60f433000-7fe60f5a5000 r-xp 00000000 08:01 788612                     /usr/lib/x86_64-linux-gnu/libstdc++.so.6.0.21
7fe60f5a5000-7fe60f7a5000 ---p 00172000 08:01 788612                     /usr/lib/x86_64-linux-gnu/libstdc++.so.6.0.21
7fe60f7a5000-7fe60f7af000 r--p 00172000 08:01 788612                     /usr/lib/x86_64-linux-gnu/libstdc++.so.6.0.21
7fe60f7af000-7fe60f7b1000 rw-p 0017c000 08:01 788612                     /usr/lib/x86_64-linux-gnu/libstdc++.so.6.0.21
7fe60f7b1000-7fe60f7b5000 rw-p 00000000 00:00 0 
7fe60f7b5000-7fe610416000 r-xp 00000000 08:01 7818                       /usr/lib/jvm/java-8-openjdk-amd64/jre/lib/amd64/server/libjvm.so
7fe610416000-7fe610616000 ---p 00c61000 08:01 7818                       /usr/lib/jvm/java-8-openjdk-amd64/jre/lib/amd64/server/libjvm.so
7fe610616000-7fe6106aa000 r--p 00c61000 08:01 7818                       /usr/lib/jvm/java-8-openjdk-amd64/jre/lib/amd64/server/libjvm.so
7fe6106aa000-7fe6106d3000 rw-p 00cf5000 08:01 7818                       /usr/lib/jvm/java-8-openjdk-amd64/jre/lib/amd64/server/libjvm.so
7fe6106d3000-7fe610703000 rw-p 00000000 00:00 0 
7fe610703000-7fe61071b000 r-xp 00000000 08:01 405986                     /lib/x86_64-linux-gnu/libpthread-2.23.so
7fe61071b000-7fe61091a000 ---p 00018000 08:01 405986                     /lib/x86_64-linux-gnu/libpthread-2.23.so
7fe61091a000-7fe61091b000 r--p 00017000 08:01 405986                     /lib/x86_64-linux-gnu/libpthread-2.23.so
7fe61091b000-7fe61091c000 rw-p 00018000 08:01 405986                     /lib/x86_64-linux-gnu/libpthread-2.23.so
7fe61091c000-7fe610920000 rw-p 00000000 00:00 0 
7fe610920000-7fe610923000 r-xp 00000000 08:01 406011                     /lib/x86_64-linux-gnu/libdl-2.23.so
7fe610923000-7fe610b22000 ---p 00003000 08:01 406011                     /lib/x86_64-linux-gnu/libdl-2.23.so
7fe610b22000-7fe610b23000 r--p 00002000 08:01 406011                     /lib/x86_64-linux-gnu/libdl-2.23.so
7fe610b23000-7fe610b24000 rw-p 00003000 08:01 406011                     /lib/x86_64-linux-gnu/libdl-2.23.so
7fe610b24000-7fe610b3d000 r-xp 00000000 08:01 398867                     /lib/x86_64-linux-gnu/libz.so.1.2.8
7fe610b3d000-7fe610d3c000 ---p 00019000 08:01 398867                     /lib/x86_64-linux-gnu/libz.so.1.2.8
7fe610d3c000-7fe610d3d000 r--p 00018000 08:01 398867                     /lib/x86_64-linux-gnu/libz.so.1.2.8
7fe610d3d000-7fe610d3e000 rw-p 00019000 08:01 398867                     /lib/x86_64-linux-gnu/libz.so.1.2.8
7fe610d3e000-7fe610efe000 r-xp 00000000 08:01 405996                     /lib/x86_64-linux-gnu/libc-2.23.so
7fe610efe000-7fe6110fe000 ---p 001c0000 08:01 405996                     /lib/x86_64-linux-gnu/libc-2.23.so
7fe6110fe000-7fe611102000 r--p 001c0000 08:01 405996                     /lib/x86_64-linux-gnu/libc-2.23.so
7fe611102000-7fe611104000 rw-p 001c4000 08:01 405996                     /lib/x86_64-linux-gnu/libc-2.23.so
7fe611104000-7fe611108000 rw-p 00000000 00:00 0 
7fe611108000-7fe611115000 r-xp 00000000 08:01 7829                       /usr/lib/jvm/java-8-openjdk-amd64/jre/lib/amd64/jli/libjli.so
7fe611115000-7fe611315000 ---p 0000d000 08:01 7829                       /usr/lib/jvm/java-8-openjdk-amd64/jre/lib/amd64/jli/libjli.so
7fe611315000-7fe611316000 r--p 0000d000 08:01 7829                       /usr/lib/jvm/java-8-openjdk-amd64/jre/lib/amd64/jli/libjli.so
7fe611316000-7fe611317000 rw-p 0000e000 08:01 7829                       /usr/lib/jvm/java-8-openjdk-amd64/jre/lib/amd64/jli/libjli.so
7fe611317000-7fe61133d000 r-xp 00000000 08:01 405923                     /lib/x86_64-linux-gnu/ld-2.23.so
7fe61133d000-7fe61133e000 r--s 00004000 08:01 795224                     /usr/local/hadoop/share/hadoop/yarn/lib/jackson-jaxrs-1.9.13.jar
7fe61133e000-7fe611341000 r--s 000fd000 08:01 795229                     /usr/local/hadoop/share/hadoop/yarn/lib/leveldbjni-all-1.8.jar
7fe611341000-7fe611342000 r--s 00010000 08:01 5132                       /usr/lib/jvm/java-8-openjdk-amd64/jre/lib/ext/zipfs.jar
7fe611342000-7fe611345000 r--s 00038000 08:01 5131                       /usr/lib/jvm/java-8-openjdk-amd64/jre/lib/ext/sunpkcs11.jar
7fe611345000-7fe611347000 r--s 00008000 08:01 5129                       /usr/lib/jvm/java-8-openjdk-amd64/jre/lib/ext/sunec.jar
7fe611347000-7fe611420000 rw-p 00000000 00:00 0 
7fe611420000-7fe611423000 ---p 00000000 00:00 0 
7fe611423000-7fe611525000 rw-p 00000000 00:00 0 
7fe611525000-7fe611528000 r--s 0000f000 08:01 5125                       /usr/lib/jvm/java-8-openjdk-amd64/jre/lib/ext/icedtea-sound.jar
7fe611528000-7fe61152e000 r--s 0003b000 08:01 5128                       /usr/lib/jvm/java-8-openjdk-amd64/jre/lib/ext/sunjce_provider.jar
7fe61152e000-7fe611530000 r--s 00001000 08:01 7804                       /usr/lib/jvm/java-8-openjdk-amd64/jre/lib/ext/dnsns.jar
7fe611530000-7fe611531000 r--s 0000a000 08:01 5130                       /usr/lib/jvm/java-8-openjdk-amd64/jre/lib/ext/jaccess.jar
7fe611531000-7fe611539000 rw-s 00000000 08:01 666450                     /tmp/hsperfdata_mac/76086
7fe611539000-7fe61153a000 rw-p 00000000 00:00 0 
7fe61153a000-7fe61153b000 ---p 00000000 00:00 0 
7fe61153b000-7fe61153c000 rw-p 00000000 00:00 0 
7fe61153c000-7fe61153d000 r--p 00025000 08:01 405923                     /lib/x86_64-linux-gnu/ld-2.23.so
7fe61153d000-7fe61153e000 rw-p 00026000 08:01 405923                     /lib/x86_64-linux-gnu/ld-2.23.so
7fe61153e000-7fe61153f000 rw-p 00000000 00:00 0 
7ffe051e8000-7ffe0520d000 rw-p 00000000 00:00 0                          [stack]
7ffe0521c000-7ffe0521e000 r--p 00000000 00:00 0                          [vvar]
7ffe0521e000-7ffe05220000 r-xp 00000000 00:00 0                          [vdso]
ffffffffff600000-ffffffffff601000 r-xp 00000000 00:00 0                  [vsyscall]

VM Arguments:
jvm_args: -Dfile.encoding=UTF-8 
java_command: HbaseDemo.ModifyData
java_class_path (initial): /home/mac/workspace/MacroDemo/bin:/usr/local/hadoop/share/hadoop/yarn/lib/guava-11.0.2.jar:/usr/local/hadoop/share/hadoop/yarn/lib/leveldbjni-all-1.8.jar:/usr/local/hadoop/share/hadoop/yarn/lib/jaxb-impl-2.2.3-1.jar:/usr/local/hadoop/share/hadoop/yarn/lib/jackson-jaxrs-1.9.13.jar:/usr/local/hadoop/share/hadoop/yarn/lib/jersey-client-1.9.jar:/usr/local/hadoop/share/hadoop/yarn/lib/asm-3.2.jar:/usr/local/hadoop/share/hadoop/yarn/lib/jetty-6.1.26.jar:/usr/local/hadoop/share/hadoop/yarn/lib/jetty-util-6.1.26.jar:/usr/local/hadoop/share/hadoop/yarn/lib/commons-lang-2.6.jar:/usr/local/hadoop/share/hadoop/yarn/lib/protobuf-java-2.5.0.jar:/usr/local/hadoop/share/hadoop/yarn/lib/javax.inject-1.jar:/usr/local/hadoop/share/hadoop/yarn/lib/jackson-core-asl-1.9.13.jar:/usr/local/hadoop/share/hadoop/yarn/lib/servlet-api-2.5.jar:/usr/local/hadoop/share/hadoop/yarn/lib/jackson-xc-1.9.13.jar:/usr/local/hadoop/share/hadoop/yarn/lib/jersey-core-1.9.jar:/usr/local/hadoop/share/hadoop/yarn/lib/stax-api-1.0-2.jar:/usr/local/hadoop/share/hadoop/yarn/lib/commons-codec-1.4.jar:/usr/local/hadoop/share/hadoop/yarn/lib/jersey-guice-1.9.jar:/usr/local/hadoop/share/hadoop/yarn/lib/commons-compress-1.4.1.jar:/usr/local/hadoop/share/hadoop/yarn/lib/jersey-server-1.9.jar:/usr/local/hadoop/share/hadoop/yarn/lib/commons-collections-3.2.1.jar:/usr/local/hadoop/share/hadoop/yarn/lib/commons-io-2.4.jar:/usr/local/hadoop/share/hadoop/yarn/lib/jackson-mapper-asl-1.9.13.jar:/usr/local/hadoop/share/hadoop/yarn/lib/zookeeper-3.4.6.jar:/usr/local/hadoop/share/hadoop/yarn/lib/netty-3.6.2.Final.jar:/usr/local/hadoop/share/hadoop/yarn/lib/guice-servlet-3.0.jar:/usr/local/hadoop/share/hadoop/yarn/lib/aopalliance-1.0.jar:/usr/local/hadoop/share/hadoop/yarn/lib/activation-1.1.jar:/usr/local/hadoop/share/hadoop/yarn/lib/jaxb-api-2.2.2.jar:/usr/local/hadoop/share/hadoop/yarn/lib/commons-httpclient-3.1.jar:/usr/local/hadoop/share/hadoop/yarn/lib/xz-1.0.jar:/usr/local/hadoop/share/hadoop/ya
Launcher Type: SUN_STANDARD

Environment Variables:
PATH=/usr/local/sbin:/usr/local/bin:/usr/sbin:/usr/bin:/sbin:/bin:/usr/games:/usr/local/games:/snap/bin
SHELL=/bin/bash
DISPLAY=:0

Signal Handlers:
SIGSEGV: [libjvm.so+0xa74e00], sa_mask[0]=11111111011111111101111111111110, sa_flags=SA_RESTART|SA_SIGINFO
SIGBUS: [libjvm.so+0xa74e00], sa_mask[0]=11111111011111111101111111111110, sa_flags=SA_RESTART|SA_SIGINFO
SIGFPE: [libjvm.so+0x8bbe10], sa_mask[0]=11111111011111111101111111111110, sa_flags=SA_RESTART|SA_SIGINFO
SIGPIPE: [libjvm.so+0x8bbe10], sa_mask[0]=11111111011111111101111111111110, sa_flags=SA_RESTART|SA_SIGINFO
SIGXFSZ: [libjvm.so+0x8bbe10], sa_mask[0]=11111111011111111101111111111110, sa_flags=SA_RESTART|SA_SIGINFO
SIGILL: [libjvm.so+0x8bbe10], sa_mask[0]=11111111011111111101111111111110, sa_flags=SA_RESTART|SA_SIGINFO
SIGUSR1: SIG_DFL, sa_mask[0]=00000000000000000000000000000000, sa_flags=none
SIGUSR2: [libjvm.so+0x8bbcc0], sa_mask[0]=00100000000000000000000000000000, sa_flags=SA_RESTART|SA_SIGINFO
SIGHUP: [libjvm.so+0x8bc350], sa_mask[0]=11111111011111111101111111111110, sa_flags=SA_RESTART|SA_SIGINFO
SIGINT: [libjvm.so+0x8bc350], sa_mask[0]=11111111011111111101111111111110, sa_flags=SA_RESTART|SA_SIGINFO
SIGTERM: [libjvm.so+0x8bc350], sa_mask[0]=11111111011111111101111111111110, sa_flags=SA_RESTART|SA_SIGINFO
SIGQUIT: [libjvm.so+0x8bc350], sa_mask[0]=11111111011111111101111111111110, sa_flags=SA_RESTART|SA_SIGINFO


---------------  S Y S T E M  ---------------

OS:DISTRIB_ID=Ubuntu
DISTRIB_RELEASE=16.04
DISTRIB_CODENAME=xenial
DISTRIB_DESCRIPTION="Ubuntu 16.04 LTS"

uname:Linux 4.4.0-21-generic #37-Ubuntu SMP Mon Apr 18 18:33:37 UTC 2016 x86_64
libc:glibc 2.23 NPTL 2.23 
rlimit: STACK 8192k, CORE 0k, NPROC 15581, NOFILE 1048576, AS infinity
load average:0.29 0.32 0.29

/proc/meminfo:
MemTotal:        4028944 kB
MemFree:           27436 kB
MemAvailable:      42616 kB
Buffers:             248 kB
Cached:            15996 kB
SwapCached:        25520 kB
Active:          2556512 kB
Inactive:         951756 kB
Active(anon):    2550804 kB
Inactive(anon):   945824 kB
Active(file):       5708 kB
Inactive(file):     5932 kB
Unevictable:          32 kB
Mlocked:              32 kB
SwapTotal:       1046524 kB
SwapFree:              0 kB
Dirty:                20 kB
Writeback:             0 kB
AnonPages:       3466988 kB
Mapped:            12276 kB
Shmem:              4092 kB
Slab:              85392 kB
SReclaimable:      29128 kB
SUnreclaim:        56264 kB
KernelStack:       18912 kB
PageTables:        40748 kB
NFS_Unstable:          0 kB
Bounce:                0 kB
WritebackTmp:          0 kB
CommitLimit:     3060996 kB
Committed_AS:    9443648 kB
VmallocTotal:   34359738367 kB
VmallocUsed:           0 kB
VmallocChunk:          0 kB
HardwareCorrupted:     0 kB
AnonHugePages:   1728512 kB
CmaTotal:              0 kB
CmaFree:               0 kB
HugePages_Total:       0
HugePages_Free:        0
HugePages_Rsvd:        0
HugePages_Surp:        0
Hugepagesize:       2048 kB
DirectMap4k:      192320 kB
DirectMap2M:     4001792 kB
DirectMap1G:     2097152 kB

container (cgroup) information:
container_type: cgroupv1
cpu_cpuset_cpus: 0-1
cpu_memory_nodes: 0
active_processor_count: 2
cpu_quota: -1
cpu_period: 100000
cpu_shares: -1
memory_limit_in_bytes: -1
memory_and_swap_limit_in_bytes: -2
memory_soft_limit_in_bytes: -1
memory_usage_in_bytes: 3583594496
memory_max_usage_in_bytes: 0


CPU:total 2 (initial active 2) (1 cores per cpu, 1 threads per core) family 6 model 69 stepping 1, cmov, cx8, fxsr, mmx, sse, sse2, sse3, ssse3, sse4.1, sse4.2, popcnt, avx, avx2, aes, clmul, erms, lzcnt, tsc, tscinvbit, bmi1, bmi2

/proc/cpuinfo:
processor	: 0
vendor_id	: GenuineIntel
cpu family	: 6
model		: 69
model name	: Intel(R) Core(TM) i5-4258U CPU @ 2.40GHz
stepping	: 1
microcode	: 0x24
cpu MHz		: 2399.134
cache size	: 3072 KB
physical id	: 0
siblings	: 1
core id		: 0
cpu cores	: 1
apicid		: 0
initial apicid	: 0
fpu		: yes
fpu_exception	: yes
cpuid level	: 13
wp		: yes
flags		: fpu vme de pse tsc msr pae mce cx8 apic sep mtrr pge mca cmov pat pse36 clflush dts mmx fxsr sse sse2 ss syscall nx pdpe1gb rdtscp lm constant_tsc arch_perfmon pebs bts nopl xtopology tsc_reliable nonstop_tsc aperfmperf eagerfpu pni pclmulqdq ssse3 fma cx16 pcid sse4_1 sse4_2 x2apic movbe popcnt tsc_deadline_timer aes xsave avx f16c rdrand hypervisor lahf_lm abm epb fsgsbase tsc_adjust bmi1 avx2 smep bmi2 invpcid xsaveopt dtherm ida arat pln pts
bugs		:
bogomips	: 4798.26
clflush size	: 64
cache_alignment	: 64
address sizes	: 42 bits physical, 48 bits virtual
power management:

processor	: 1
vendor_id	: GenuineIntel
cpu family	: 6
model		: 69
model name	: Intel(R) Core(TM) i5-4258U CPU @ 2.40GHz
stepping	: 1
microcode	: 0x24
cpu MHz		: 2399.134
cache size	: 3072 KB
physical id	: 2
siblings	: 1
core id		: 0
cpu cores	: 1
apicid		: 2
initial apicid	: 2
fpu		: yes
fpu_exception	: yes
cpuid level	: 13
wp		: yes
flags		: fpu vme de pse tsc msr pae mce cx8 apic sep mtrr pge mca cmov pat pse36 clflush dts mmx fxsr sse sse2 ss syscall nx pdpe1gb rdtscp lm constant_tsc arch_perfmon pebs bts nopl xtopology tsc_reliable nonstop_tsc aperfmperf eagerfpu pni pclmulqdq ssse3 fma cx16 pcid sse4_1 sse4_2 x2apic movbe popcnt tsc_deadline_timer aes xsave avx f16c rdrand hypervisor lahf_lm abm epb fsgsbase tsc_adjust bmi1 avx2 smep bmi2 invpcid xsaveopt dtherm ida arat pln pts
bugs		:
bogomips	: 4798.26
clflush size	: 64
cache_alignment	: 64
address sizes	: 42 bits physical, 48 bits virtual
power management:



Memory: 4k page, physical 4028944k(29324k free), swap 1046524k(0k free)

vm_info: OpenJDK 64-Bit Server VM (25.191-b12) for linux-amd64 JRE (1.8.0_191-8u191-b12-0ubuntu0.16.04.1-b12), built on Nov 20 2018 15:24:40 by "buildd" with gcc 5.4.0 20160609

time: Tue Jan  1 01:45:25 2019
elapsed time: 5 seconds (0d 0h 0m 5s)

